#
# There is insufficient memory for the Java Runtime Environment to continue.
# Native memory allocation (mmap) failed to map 89128960 bytes for committing reserved memory.
# Possible reasons:
#   The system is out of physical RAM or swap space
#   In 32 bit mode, the process size limit was hit
# Possible solutions:
#   Reduce memory load on the system
#   Increase physical memory or swap space
#   Check if swap backing store is full
#   Use 64 bit Java on a 64 bit OS
#   Decrease Java heap size (-Xmx/-Xms)
#   Decrease number of Java threads
#   Decrease Java thread stack sizes (-Xss)
#   Set larger code cache with -XX:ReservedCodeCacheSize=
# This output file may be truncated or incomplete.
#
#  Out of Memory Error (os_linux.cpp:2716), pid=6801, tid=1674443584
#
# JRE version: Java(TM) SE Runtime Environment (8.0_11-b12) (build 1.8.0_11-b12)
# Java VM: Java HotSpot(TM) Server VM (25.11-b03 mixed mode linux-x86 )
# Failed to write core dump. Core dumps have been disabled. To enable core dumping, try "ulimit -c unlimited" before starting Java again
#

---------------  T H R E A D  ---------------

Current thread (0x63b81000):  VMThread [stack: 0x63c5f000,0x63ce0000] [id=6835]

Stack: [0x63c5f000,0x63ce0000],  sp=0x63cde790,  free space=509k
Native frames: (J=compiled Java code, j=interpreted, Vv=VM code, C=native code)
V  [libjvm.so+0x862769]  VMError::report_and_die()+0x179
V  [libjvm.so+0x35aa65]  report_vm_out_of_memory(char const*, int, unsigned int, VMErrorType, char const*)+0x55
V  [libjvm.so+0x6f2386]  os::Linux::commit_memory_impl(char*, unsigned int, bool)+0xe6
V  [libjvm.so+0x6f2858]  os::pd_commit_memory(char*, unsigned int, unsigned int, bool)+0x28
V  [libjvm.so+0x6ec0dc]  os::commit_memory(char*, unsigned int, unsigned int, bool)+0x2c
V  [libjvm.so+0x7548a8]  PSVirtualSpace::expand_by(unsigned int)+0x48
V  [libjvm.so+0x7559aa]  PSYoungGen::resize_generation(unsigned int, unsigned int)+0xda
V  [libjvm.so+0x754cd9]  PSYoungGen::resize(unsigned int, unsigned int)+0x19
V  [libjvm.so+0x752a1b]  PSScavenge::invoke_no_policy()+0x10ab
V  [libjvm.so+0x752e28]  PSScavenge::invoke()+0x28
V  [libjvm.so+0x7122fa]  ParallelScavengeHeap::failed_mem_allocate(unsigned int)+0x5a
V  [libjvm.so+0x863eca]  VM_ParallelGCFailedAllocation::doit()+0x7a
V  [libjvm.so+0x86d027]  VM_Operation::evaluate()+0x47
V  [libjvm.so+0x86b113]  VMThread::evaluate_operation(VM_Operation*)+0xb3
V  [libjvm.so+0x86b4b0]  VMThread::loop()+0x1b0
V  [libjvm.so+0x86b915]  VMThread::run()+0x85
V  [libjvm.so+0x6f4249]  java_start(Thread*)+0x119
C  [libpthread.so.0+0x6f70]  start_thread+0xd0

VM_Operation (0x630ad504): ParallelGCFailedAllocation, mode: safepoint, requested by thread 0x62f02400


---------------  P R O C E S S  ---------------

Java Threads: ( => current thread )
  0x62f08800 JavaThread "pool-1-thread-4" [_thread_blocked, id=6893, stack(0x62eaf000,0x62f00000)]
  0x62f03400 JavaThread "pool-1-thread-3" [_thread_blocked, id=6889, stack(0x6300d000,0x6305e000)]
  0x62f02400 JavaThread "pool-1-thread-2" [_thread_blocked, id=6887, stack(0x6305e000,0x630af000)]
  0x63bfe800 JavaThread "pool-2-thread-1" [_thread_blocked, id=6886, stack(0x630af000,0x63100000)]
  0x63bfd400 JavaThread "pool-1-thread-1" [_thread_blocked, id=6881, stack(0x6324d000,0x6329e000)]
  0x63bacc00 JavaThread "Service Thread" daemon [_thread_blocked, id=6858, stack(0x6331f000,0x63370000)]
  0x63ba9c00 JavaThread "C1 CompilerThread2" daemon [_thread_blocked, id=6853, stack(0x63370000,0x633f1000)]
  0x63ba8800 JavaThread "C2 CompilerThread1" daemon [_thread_blocked, id=6851, stack(0x633f1000,0x63472000)]
  0x63ba6800 JavaThread "C2 CompilerThread0" daemon [_thread_blocked, id=6849, stack(0x63472000,0x634f3000)]
  0x63ba5000 JavaThread "Signal Dispatcher" daemon [_thread_blocked, id=6845, stack(0x634f3000,0x63544000)]
  0x63b86800 JavaThread "Finalizer" daemon [_thread_blocked, id=6838, stack(0x638af000,0x63900000)]
  0x63b84000 JavaThread "Reference Handler" daemon [_thread_blocked, id=6837, stack(0x63c0e000,0x63c5f000)]
  0xb6507800 JavaThread "main" [_thread_blocked, id=6822, stack(0xb66ff000,0xb6750000)]

Other Threads:
=>0x63b81000 VMThread [stack: 0x63c5f000,0x63ce0000] [id=6835]
  0x63bae800 WatcherThread [stack: 0x6329e000,0x6331f000] [id=6860]

VM state:at safepoint (normal execution)

VM Mutex/Monitor currently owned by a thread:  ([mutex/lock_event])
[0xb6504f60] Threads_lock - owner thread: 0x63b81000
[0xb6505370] Heap_lock - owner thread: 0x62f02400

Heap:
 PSYoungGen      total 69120K, used 2545K [0x91ac0000, 0x960c0000, 0xa7000000)
  eden space 66560K, 0% used [0x91ac0000,0x91ac0000,0x95bc0000)
  from space 2560K, 99% used [0x95bc0000,0x95e3c528,0x95e40000)
  to   space 2560K, 0% used [0x95e40000,0x95e40000,0x960c0000)
 ParOldGen       total 43776K, used 24402K [0x67000000, 0x69ac0000, 0x91ac0000)
  object space 43776K, 55% used [0x67000000,0x687d4b80,0x69ac0000)
 Metaspace       used 3722K, capacity 3750K, committed 3864K, reserved 4400K

Card table byte_map: [0x66dff000,0x67000000] byte_map_base: 0x66ac7000

Marking Bits: (ParMarkBitMap*) 0xb7115d80
 Begin Bits: [0x64700000, 0x65700000)
 End Bits:   [0x65700000, 0x66700000)

Polling page: 0xb7721000

CodeCache: size=245760Kb used=4009Kb max_used=4009Kb free=241750Kb
 bounds [0xa7500000, 0xa78f0000, 0xb6500000]
 total_blobs=1541 nmethods=1381 adapters=74
 compilation: enabled

Compilation events (10 events):
Event: 6,248 Thread 0x63ba9c00 nmethod 1742% 0xa78eab88 code [0xa78eadc0, 0xa78eb928]
Event: 6,248 Thread 0x63ba9c00 1743       2       com.android.dx.ssa.SsaRenamer::<init> (100 bytes)
Event: 6,250 Thread 0x63ba9c00 nmethod 1743 0xa78ec388 code [0xa78ec4e0, 0xa78ec8ec]
Event: 6,250 Thread 0x63ba9c00 1748       2       com.android.dx.rop.cst.CstLiteral64::equals (36 bytes)
Event: 6,250 Thread 0x63ba9c00 nmethod 1748 0xa78ecbc8 code [0xa78ecce0, 0xa78ece20]
Event: 6,250 Thread 0x63ba9c00 1714       2       com.android.dx.rop.cst.CstKnownNull::equals (5 bytes)
Event: 6,250 Thread 0x63ba9c00 nmethod 1714 0xa78ecf08 code [0xa78ed000, 0xa78ed0e0]
Event: 6,250 Thread 0x63ba9c00 1011       1       java.lang.Integer::intValue (5 bytes)
Event: 6,251 Thread 0x63ba9c00 nmethod 1011 0xa78ed148 code [0xa78ed240, 0xa78ed2e0]
Event: 6,251 Thread 0x63ba9c00 1668       2       com.android.dx.cf.code.Simulator$SimVisitor::checkReturnType (64 bytes)

GC Heap History (9 events):
Event: 1,947 GC heap before
{Heap before GC invocations=1 (full 0):
 PSYoungGen      total 19200K, used 16640K [0x91ac0000, 0x93000000, 0xa7000000)
  eden space 16640K, 100% used [0x91ac0000,0x92b00000,0x92b00000)
  from space 2560K, 0% used [0x92d80000,0x92d80000,0x93000000)
  to   space 2560K, 0% used [0x92b00000,0x92b00000,0x92d80000)
 ParOldGen       total 43776K, used 0K [0x67000000, 0x69ac0000, 0x91ac0000)
  object space 43776K, 0% used [0x67000000,0x67000000,0x69ac0000)
 Metaspace       used 3518K, capacity 3582K, committed 3608K, reserved 4400K
Event: 2,037 GC heap after
Heap after GC invocations=1 (full 0):
 PSYoungGen      total 19200K, used 2557K [0x91ac0000, 0x94040000, 0xa7000000)
  eden space 16640K, 0% used [0x91ac0000,0x91ac0000,0x92b00000)
  from space 2560K, 99% used [0x92b00000,0x92d7f7b0,0x92d80000)
  to   space 2560K, 0% used [0x93dc0000,0x93dc0000,0x94040000)
 ParOldGen       total 43776K, used 1847K [0x67000000, 0x69ac0000, 0x91ac0000)
  object space 43776K, 4% used [0x67000000,0x671cdca8,0x69ac0000)
 Metaspace       used 3518K, capacity 3582K, committed 3608K, reserved 4400K
}
Event: 2,673 GC heap before
{Heap before GC invocations=2 (full 0):
 PSYoungGen      total 19200K, used 19197K [0x91ac0000, 0x94040000, 0xa7000000)
  eden space 16640K, 100% used [0x91ac0000,0x92b00000,0x92b00000)
  from space 2560K, 99% used [0x92b00000,0x92d7f7b0,0x92d80000)
  to   space 2560K, 0% used [0x93dc0000,0x93dc0000,0x94040000)
 ParOldGen       total 43776K, used 1847K [0x67000000, 0x69ac0000, 0x91ac0000)
  object space 43776K, 4% used [0x67000000,0x671cdca8,0x69ac0000)
 Metaspace       used 3552K, capacity 3614K, committed 3736K, reserved 4400K
Event: 2,710 GC heap after
Heap after GC invocations=2 (full 0):
 PSYoungGen      total 35840K, used 2552K [0x91ac0000, 0x94040000, 0xa7000000)
  eden space 33280K, 0% used [0x91ac0000,0x91ac0000,0x93b40000)
  from space 2560K, 99% used [0x93dc0000,0x9403e290,0x94040000)
  to   space 2560K, 0% used [0x93b40000,0x93b40000,0x93dc0000)
 ParOldGen       total 43776K, used 4713K [0x67000000, 0x69ac0000, 0x91ac0000)
  object space 43776K, 10% used [0x67000000,0x6749a650,0x69ac0000)
 Metaspace       used 3552K, capacity 3614K, committed 3736K, reserved 4400K
}
Event: 4,038 GC heap before
{Heap before GC invocations=3 (full 0):
 PSYoungGen      total 35840K, used 35832K [0x91ac0000, 0x94040000, 0xa7000000)
  eden space 33280K, 100% used [0x91ac0000,0x93b40000,0x93b40000)
  from space 2560K, 99% used [0x93dc0000,0x9403e290,0x94040000)
  to   space 2560K, 0% used [0x93b40000,0x93b40000,0x93dc0000)
 ParOldGen       total 43776K, used 4713K [0x67000000, 0x69ac0000, 0x91ac0000)
  object space 43776K, 10% used [0x67000000,0x6749a650,0x69ac0000)
 Metaspace       used 3638K, capacity 3648K, committed 3736K, reserved 4400K
Event: 4,068 GC heap after
Heap after GC invocations=3 (full 0):
 PSYoungGen      total 35840K, used 2551K [0x91ac0000, 0x960c0000, 0xa7000000)
  eden space 33280K, 0% used [0x91ac0000,0x91ac0000,0x93b40000)
  from space 2560K, 99% used [0x93b40000,0x93dbdee8,0x93dc0000)
  to   space 2560K, 0% used [0x95e40000,0x95e40000,0x960c0000)
 ParOldGen       total 43776K, used 9116K [0x67000000, 0x69ac0000, 0x91ac0000)
  object space 43776K, 20% used [0x67000000,0x678e7248,0x69ac0000)
 Metaspace       used 3638K, capacity 3648K, committed 3736K, reserved 4400K
}
Event: 4,928 GC heap before
{Heap before GC invocations=4 (full 0):
 PSYoungGen      total 35840K, used 35831K [0x91ac0000, 0x960c0000, 0xa7000000)
  eden space 33280K, 100% used [0x91ac0000,0x93b40000,0x93b40000)
  from space 2560K, 99% used [0x93b40000,0x93dbdee8,0x93dc0000)
  to   space 2560K, 0% used [0x95e40000,0x95e40000,0x960c0000)
 ParOldGen       total 43776K, used 9116K [0x67000000, 0x69ac0000, 0x91ac0000)
  object space 43776K, 20% used [0x67000000,0x678e7248,0x69ac0000)
 Metaspace       used 3678K, capacity 3682K, committed 3736K, reserved 4400K
Event: 5,006 GC heap after
Heap after GC invocations=4 (full 0):
 PSYoungGen      total 69120K, used 2546K [0x91ac0000, 0x960c0000, 0xa7000000)
  eden space 66560K, 0% used [0x91ac0000,0x91ac0000,0x95bc0000)
  from space 2560K, 99% used [0x95e40000,0x960bca40,0x960c0000)
  to   space 2560K, 0% used [0x95bc0000,0x95bc0000,0x95e40000)
 ParOldGen       total 43776K, used 14306K [0x67000000, 0x69ac0000, 0x91ac0000)
  object space 43776K, 32% used [0x67000000,0x67df8b88,0x69ac0000)
 Metaspace       used 3678K, capacity 3682K, committed 3736K, reserved 4400K
}
Event: 6,287 GC heap before
{Heap before GC invocations=5 (full 0):
 PSYoungGen      total 69120K, used 69106K [0x91ac0000, 0x960c0000, 0xa7000000)
  eden space 66560K, 100% used [0x91ac0000,0x95bc0000,0x95bc0000)
  from space 2560K, 99% used [0x95e40000,0x960bca40,0x960c0000)
  to   space 2560K, 0% used [0x95bc0000,0x95bc0000,0x95e40000)
 ParOldGen       total 43776K, used 14306K [0x67000000, 0x69ac0000, 0x91ac0000)
  object space 43776K, 32% used [0x67000000,0x67df8b88,0x69ac0000)
 Metaspace       used 3722K, capacity 3750K, committed 3864K, reserved 4400K

Deoptimization events (10 events):
Event: 2,659 Thread 0x63bfd400 Uncommon trap: reason=bimorphic action=maybe_recompile pc=0xa765dfa4 method=java.util.HashMap.getNode(ILjava/lang/Object;)Ljava/util/HashMap$Node; @ 126
Event: 2,880 Thread 0x62f08800 Uncommon trap: reason=unreached action=reinterpret pc=0xa773b440 method=com.android.dx.rop.code.LocalItem.hashCode()I @ 25
Event: 2,880 Thread 0x62f08800 Uncommon trap: reason=unreached action=reinterpret pc=0xa77310d8 method=com.android.dx.rop.code.LocalItem.hashCode()I @ 25
Event: 2,882 Thread 0x62f08800 Uncommon trap: reason=unreached action=reinterpret pc=0xa770cac0 method=com.android.dx.rop.code.LocalItem.hashCode()I @ 25
Event: 2,882 Thread 0x62f08800 Uncommon trap: reason=unreached action=reinterpret pc=0xa76e5ab0 method=com.android.dx.rop.code.LocalItem.hashCode()I @ 25
Event: 3,094 Thread 0x63bfd400 Uncommon trap: reason=unreached action=reinterpret pc=0xa77366d8 method=java.util.HashMap.getNode(ILjava/lang/Object;)Ljava/util/HashMap$Node; @ 84
Event: 3,111 Thread 0x62f08800 Uncommon trap: reason=unreached action=reinterpret pc=0xa77082ec method=com.android.dx.rop.code.LocalItem.hashCode()I @ 25
Event: 4,096 Thread 0x62f08800 Uncommon trap: reason=unreached action=reinterpret pc=0xa7735ddc method=java.util.HashMap.getNode(ILjava/lang/Object;)Ljava/util/HashMap$Node; @ 84
Event: 4,126 Thread 0x62f03400 Uncommon trap: reason=unreached action=reinterpret pc=0xa77d393c method=com.android.dx.ssa.SsaMethod.updateOneDefinition(Lcom/android/dx/ssa/SsaInsn;Lcom/android/dx/rop/code/RegisterSpec;)V @ 4
Event: 4,689 Thread 0x63bfd400 Uncommon trap: reason=unreached action=reinterpret pc=0xa77c44f0 method=java.util.HashMap.putVal(ILjava/lang/Object;Ljava/lang/Object;ZZ)Ljava/lang/Object; @ 109

Internal exceptions (10 events):
Event: 1,899 Thread 0xb6507800 Exception <a 'java/security/PrivilegedActionException'> (0x92a39a18) thrown at [/HUDSON/workspace/8-2-build-linux-i586/jdk8u11/648/hotspot/src/share/vm/prims/jvm.cpp, line 1248]
Event: 1,908 Thread 0xb6507800 Exception <a 'java/security/PrivilegedActionException'> (0x92a46980) thrown at [/HUDSON/workspace/8-2-build-linux-i586/jdk8u11/648/hotspot/src/share/vm/prims/jvm.cpp, line 1248]
Event: 1,908 Thread 0xb6507800 Exception <a 'java/security/PrivilegedActionException'> (0x92a48de0) thrown at [/HUDSON/workspace/8-2-build-linux-i586/jdk8u11/648/hotspot/src/share/vm/prims/jvm.cpp, line 1248]
Event: 2,050 Thread 0xb6507800 Exception <a 'java/security/PrivilegedActionException'> (0x91b3bbc0) thrown at [/HUDSON/workspace/8-2-build-linux-i586/jdk8u11/648/hotspot/src/share/vm/prims/jvm.cpp, line 1248]
Event: 2,111 Thread 0x63bfd400 Exception <a 'java/security/PrivilegedActionException'> (0x91cdf6d0) thrown at [/HUDSON/workspace/8-2-build-linux-i586/jdk8u11/648/hotspot/src/share/vm/prims/jvm.cpp, line 1248]
Event: 3,006 Thread 0x63bfd400 Exception <a 'java/lang/ArrayIndexOutOfBoundsException': 18> (0x9205b1f8) thrown at [/HUDSON/workspace/8-2-build-linux-i586/jdk8u11/648/hotspot/src/share/vm/interpreter/interpreterRuntime.cpp, line 337]
Event: 3,006 Thread 0x63bfd400 Exception <a 'java/lang/ArrayIndexOutOfBoundsException': 145> (0x9205c9c0) thrown at [/HUDSON/workspace/8-2-build-linux-i586/jdk8u11/648/hotspot/src/share/vm/interpreter/interpreterRuntime.cpp, line 337]
Event: 3,079 Thread 0x63bfd400 Exception <a 'java/lang/ArrayIndexOutOfBoundsException'> (0x9205d9e0) thrown at [/HUDSON/workspace/8-2-build-linux-i586/jdk8u11/648/hotspot/src/share/vm/runtime/sharedRuntime.cpp, line 595]
Event: 4,125 Thread 0x62f03400 Exception <a 'java/security/PrivilegedActionException'> (0x91df4040) thrown at [/HUDSON/workspace/8-2-build-linux-i586/jdk8u11/648/hotspot/src/share/vm/prims/jvm.cpp, line 1248]
Event: 4,690 Thread 0xb6507800 Exception <a 'java/security/PrivilegedActionException'> (0x93197c58) thrown at [/HUDSON/workspace/8-2-build-linux-i586/jdk8u11/648/hotspot/src/share/vm/prims/jvm.cpp, line 1248]

Events (10 events):
Event: 6,036 Thread 0x63bfd400 DEOPT UNPACKING pc=0xa753c5c1 sp=0x6329c7c0 mode 0
Event: 6,037 Thread 0x63bfd400 DEOPT PACKING pc=0xa767dfaa sp=0x6329c850
Event: 6,037 Thread 0x63bfd400 DEOPT UNPACKING pc=0xa753c5c1 sp=0x6329c6f0 mode 0
Event: 6,050 Thread 0x63bfd400 DEOPT PACKING pc=0xa77e5f9e sp=0x6329c8d0
Event: 6,050 Thread 0x63bfd400 DEOPT UNPACKING pc=0xa753c5c1 sp=0x6329c748 mode 0
Event: 6,052 Thread 0x62f02400 DEOPT PACKING pc=0xa76f0e57 sp=0x630ad0c0
Event: 6,052 Thread 0x62f02400 DEOPT UNPACKING pc=0xa753c5c1 sp=0x630acf50 mode 0
Event: 6,258 Thread 0x62f03400 DEOPT PACKING pc=0xa7839d8c sp=0x6305ca20
Event: 6,258 Thread 0x62f03400 DEOPT UNPACKING pc=0xa753c5c1 sp=0x6305c8d8 mode 0
Event: 6,273 Executing VM operation: ParallelGCFailedAllocation


Dynamic libraries:
08048000-08049000 r-xp 00000000 08:06 2622862    /usr/lib/jvm/java-8-oracle/bin/java
08049000-0804a000 rw-p 00000000 08:06 2622862    /usr/lib/jvm/java-8-oracle/bin/java
08cab000-08da4000 rw-p 00000000 00:00 0          [heap]
62100000-621f7000 rw-p 00000000 00:00 0 
621f7000-62200000 ---p 00000000 00:00 0 
62200000-622f6000 rw-p 00000000 00:00 0 
622f6000-62300000 ---p 00000000 00:00 0 
62300000-623e4000 rw-p 00000000 00:00 0 
623e4000-62400000 ---p 00000000 00:00 0 
62500000-62600000 rw-p 00000000 00:00 0 
62700000-627fe000 rw-p 00000000 00:00 0 
627fe000-62800000 ---p 00000000 00:00 0 
62800000-62900000 rw-p 00000000 00:00 0 
62900000-62a00000 rw-p 00000000 00:00 0 
62a00000-62b00000 rw-p 00000000 00:00 0 
62b00000-62bfe000 rw-p 00000000 00:00 0 
62bfe000-62c00000 ---p 00000000 00:00 0 
62c00000-62ceb000 rw-p 00000000 00:00 0 
62ceb000-62d00000 ---p 00000000 00:00 0 
62d00000-62df9000 rw-p 00000000 00:00 0 
62df9000-62e00000 ---p 00000000 00:00 0 
62eaf000-62eb2000 ---p 00000000 00:00 0 
62eb2000-62f00000 rw-p 00000000 00:00 0          [stack:6893]
62f00000-62f52000 rw-p 00000000 00:00 0 
62f52000-63000000 ---p 00000000 00:00 0 
6300d000-63010000 ---p 00000000 00:00 0 
63010000-6305e000 rw-p 00000000 00:00 0          [stack:6889]
6305e000-63061000 ---p 00000000 00:00 0 
63061000-630af000 rw-p 00000000 00:00 0          [stack:6887]
630af000-630b2000 ---p 00000000 00:00 0 
630b2000-63100000 rw-p 00000000 00:00 0          [stack:6886]
63100000-631fc000 rw-p 00000000 00:00 0 
631fc000-63200000 ---p 00000000 00:00 0 
6324d000-63250000 ---p 00000000 00:00 0 
63250000-6329e000 rw-p 00000000 00:00 0          [stack:6881]
6329e000-6329f000 ---p 00000000 00:00 0 
6329f000-6331f000 rw-p 00000000 00:00 0          [stack:6860]
6331f000-63322000 ---p 00000000 00:00 0 
63322000-63370000 rw-p 00000000 00:00 0          [stack:6858]
63370000-63373000 ---p 00000000 00:00 0 
63373000-633f1000 rw-p 00000000 00:00 0          [stack:6853]
633f1000-633f4000 ---p 00000000 00:00 0 
633f4000-63472000 rw-p 00000000 00:00 0          [stack:6851]
63472000-63475000 ---p 00000000 00:00 0 
63475000-634f3000 rw-p 00000000 00:00 0          [stack:6849]
634f3000-634f6000 ---p 00000000 00:00 0 
634f6000-63544000 rw-p 00000000 00:00 0          [stack:6845]
63544000-636af000 r--p 0098a000 08:06 2501681    /usr/lib/locale/locale-archive
636af000-638af000 r--p 00000000 08:06 2501681    /usr/lib/locale/locale-archive
638af000-638b2000 ---p 00000000 00:00 0 
638b2000-63900000 rw-p 00000000 00:00 0          [stack:6838]
63900000-639ff000 rw-p 00000000 00:00 0 
639ff000-63a00000 ---p 00000000 00:00 0 
63a00000-63a23000 rw-p 00000000 00:00 0 
63a23000-63b00000 ---p 00000000 00:00 0 
63b00000-63c00000 rw-p 00000000 00:00 0 
63c0e000-63c11000 ---p 00000000 00:00 0 
63c11000-63c5f000 rw-p 00000000 00:00 0          [stack:6837]
63c5f000-63c60000 ---p 00000000 00:00 0 
63c60000-63ce0000 rw-p 00000000 00:00 0          [stack:6835]
63ce0000-63eb4000 r--s 03c50000 08:06 2623033    /usr/lib/jvm/java-8-oracle/jre/lib/rt.jar
63eb4000-6427a000 rw-p 00000000 00:00 0 
6427a000-64300000 ---p 00000000 00:00 0 
64300000-66700000 rw-p 00000000 00:00 0 
66700000-667fa000 rw-p 00000000 00:00 0 
667fa000-66800000 ---p 00000000 00:00 0 
66824000-6687f000 rw-p 00000000 00:00 0 
6687f000-66880000 ---p 00000000 00:00 0 
66880000-66900000 rw-p 00000000 00:00 0          [stack:6831]
66900000-66921000 rw-p 00000000 00:00 0 
66921000-66a00000 ---p 00000000 00:00 0 
66a00000-66afc000 rw-p 00000000 00:00 0 
66afc000-66b00000 ---p 00000000 00:00 0 
66b00000-66b21000 rw-p 00000000 00:00 0 
66b21000-66c00000 ---p 00000000 00:00 0 
66c28000-66c29000 ---p 00000000 00:00 0 
66c29000-66cbf000 rw-p 00000000 00:00 0          [stack:6830]
66cbf000-66dff000 ---p 00000000 00:00 0 
66dff000-66e15000 rw-p 00000000 00:00 0 
66e15000-66f54000 ---p 00000000 00:00 0 
66f54000-66f78000 rw-p 00000000 00:00 0 
66f78000-66fff000 ---p 00000000 00:00 0 
66fff000-69ac0000 rw-p 00000000 00:00 0 
69ac0000-91ac0000 ---p 00000000 00:00 0 
91ac0000-960c0000 rw-p 00000000 00:00 0 
9b2d9000-9b5c0000 rw-p 00000000 00:00 0 
9b5c0000-a7000000 ---p 00000000 00:00 0 
a7029000-a703e000 r--s 000d6000 08:06 2255691    /home/victor/AndroidStudioProjects/PDD/app/build/intermediates/exploded-aar/com.android.support/support-v4/23.0.1/jars/classes.jar
a703e000-a703f000 ---p 00000000 00:00 0 
a703f000-a70bf000 rw-p 00000000 00:00 0          [stack:6826]
a70bf000-a70c0000 ---p 00000000 00:00 0 
a70c0000-a7150000 rw-p 00000000 00:00 0          [stack:6825]
a7150000-a7500000 ---p 00000000 00:00 0 
a7500000-a78f0000 rwxp 00000000 00:00 0 
a78f0000-b6500000 ---p 00000000 00:00 0 
b6500000-b65f9000 rw-p 00000000 00:00 0 
b65f9000-b6600000 ---p 00000000 00:00 0 
b6600000-b6667000 rw-p 00000000 00:00 0 
b6667000-b6680000 r-xp 00000000 08:06 2623222    /usr/lib/jvm/java-8-oracle/jre/lib/i386/libzip.so
b6680000-b6681000 rw-p 00018000 08:06 2623222    /usr/lib/jvm/java-8-oracle/jre/lib/i386/libzip.so
b6681000-b668c000 r-xp 00000000 08:06 132298     /lib/i386-linux-gnu/libnss_files-2.19.so
b668c000-b668d000 r--p 0000a000 08:06 132298     /lib/i386-linux-gnu/libnss_files-2.19.so
b668d000-b668e000 rw-p 0000b000 08:06 132298     /lib/i386-linux-gnu/libnss_files-2.19.so
b668e000-b6698000 r-xp 00000000 08:06 132308     /lib/i386-linux-gnu/libnss_nis-2.19.so
b6698000-b6699000 r--p 00009000 08:06 132308     /lib/i386-linux-gnu/libnss_nis-2.19.so
b6699000-b669a000 rw-p 0000a000 08:06 132308     /lib/i386-linux-gnu/libnss_nis-2.19.so
b669a000-b66af000 r-xp 00000000 08:06 132292     /lib/i386-linux-gnu/libnsl-2.19.so
b66af000-b66b0000 r--p 00015000 08:06 132292     /lib/i386-linux-gnu/libnsl-2.19.so
b66b0000-b66b1000 rw-p 00016000 08:06 132292     /lib/i386-linux-gnu/libnsl-2.19.so
b66b1000-b66b3000 rw-p 00000000 00:00 0 
b66ba000-b66c9000 r--s 000df000 08:06 2377285    /home/victor/Android/Sdk/build-tools/23.0.1/lib/dx.jar
b66c9000-b66d1000 rw-s 00000000 08:06 1191583    /tmp/hsperfdata_victor/6801
b66d1000-b66f5000 r-xp 00000000 08:06 2623187    /usr/lib/jvm/java-8-oracle/jre/lib/i386/libjava.so
b66f5000-b66f6000 rw-p 00023000 08:06 2623187    /usr/lib/jvm/java-8-oracle/jre/lib/i386/libjava.so
b66f6000-b66fd000 r-xp 00000000 08:06 132351     /lib/i386-linux-gnu/librt-2.19.so
b66fd000-b66fe000 r--p 00006000 08:06 132351     /lib/i386-linux-gnu/librt-2.19.so
b66fe000-b66ff000 rw-p 00007000 08:06 132351     /lib/i386-linux-gnu/librt-2.19.so
b66ff000-b6702000 ---p 00000000 00:00 0 
b6702000-b6750000 rw-p 00000000 00:00 0          [stack:6822]
b6750000-b6794000 r-xp 00000000 08:06 132273     /lib/i386-linux-gnu/libm-2.19.so
b6794000-b6795000 r--p 00043000 08:06 132273     /lib/i386-linux-gnu/libm-2.19.so
b6795000-b6796000 rw-p 00044000 08:06 132273     /lib/i386-linux-gnu/libm-2.19.so
b6796000-b709e000 r-xp 00000000 08:06 2623229    /usr/lib/jvm/java-8-oracle/jre/lib/i386/server/libjvm.so
b709e000-b7106000 rw-p 00908000 08:06 2623229    /usr/lib/jvm/java-8-oracle/jre/lib/i386/server/libjvm.so
b7106000-b752a000 rw-p 00000000 00:00 0 
b752a000-b76d3000 r-xp 00000000 08:06 132223     /lib/i386-linux-gnu/libc-2.19.so
b76d3000-b76d5000 r--p 001a9000 08:06 132223     /lib/i386-linux-gnu/libc-2.19.so
b76d5000-b76d6000 rw-p 001ab000 08:06 132223     /lib/i386-linux-gnu/libc-2.19.so
b76d6000-b76d9000 rw-p 00000000 00:00 0 
b76d9000-b76dc000 r-xp 00000000 08:06 132240     /lib/i386-linux-gnu/libdl-2.19.so
b76dc000-b76dd000 r--p 00002000 08:06 132240     /lib/i386-linux-gnu/libdl-2.19.so
b76dd000-b76de000 rw-p 00003000 08:06 132240     /lib/i386-linux-gnu/libdl-2.19.so
b76de000-b76f2000 r-xp 00000000 08:06 2623324    /usr/lib/jvm/java-8-oracle/lib/i386/jli/libjli.so
b76f2000-b76f3000 rw-p 00013000 08:06 2623324    /usr/lib/jvm/java-8-oracle/lib/i386/jli/libjli.so
b76f3000-b76f4000 rw-p 00000000 00:00 0 
b76f4000-b770c000 r-xp 00000000 08:06 132343     /lib/i386-linux-gnu/libpthread-2.19.so
b770c000-b770d000 r--p 00017000 08:06 132343     /lib/i386-linux-gnu/libpthread-2.19.so
b770d000-b770e000 rw-p 00018000 08:06 132343     /lib/i386-linux-gnu/libpthread-2.19.so
b770e000-b7710000 rw-p 00000000 00:00 0 
b7714000-b7716000 rw-p 00000000 00:00 0 
b7716000-b7717000 r--p 00855000 08:06 2501681    /usr/lib/locale/locale-archive
b7717000-b771e000 r-xp 00000000 08:06 132294     /lib/i386-linux-gnu/libnss_compat-2.19.so
b771e000-b771f000 r--p 00006000 08:06 132294     /lib/i386-linux-gnu/libnss_compat-2.19.so
b771f000-b7720000 rw-p 00007000 08:06 132294     /lib/i386-linux-gnu/libnss_compat-2.19.so
b7720000-b7721000 rw-p 00000000 00:00 0 
b7721000-b7722000 ---p 00000000 00:00 0 
b7722000-b772d000 r-xp 00000000 08:06 2623221    /usr/lib/jvm/java-8-oracle/jre/lib/i386/libverify.so
b772d000-b772e000 rw-p 0000b000 08:06 2623221    /usr/lib/jvm/java-8-oracle/jre/lib/i386/libverify.so
b772e000-b7730000 rw-p 00000000 00:00 0 
b7730000-b7731000 r-xp 00000000 00:00 0          [vdso]
b7731000-b7751000 r-xp 00000000 08:06 132197     /lib/i386-linux-gnu/ld-2.19.so
b7751000-b7752000 r--p 0001f000 08:06 132197     /lib/i386-linux-gnu/ld-2.19.so
b7752000-b7753000 rw-p 00020000 08:06 132197     /lib/i386-linux-gnu/ld-2.19.so
bf9a4000-bf9a5000 rwxp 00000000 00:00 0 
bf9d7000-bf9f8000 rw-p 00000000 00:00 0          [stack]

VM Arguments:
jvm_args: -Xmx1024M -Dfile.encoding=UTF-8 -Duser.country=US -Duser.language=en -Duser.variant 
java_command: com.android.dx.command.Main --dex --num-threads=4 --output /home/victor/AndroidStudioProjects/PDD/app/build/intermediates/pre-dexed/release/classes-9102809b505f80f6a8a8d919841fd4371484e692.jar /home/victor/AndroidStudioProjects/PDD/app/build/intermediates/exploded-aar/com.android.support/support-v4/23.0.1/jars/classes.jar
java_class_path (initial): /home/victor/Android/Sdk/build-tools/23.0.1/lib/dx.jar
Launcher Type: SUN_STANDARD

Environment Variables:
JAVA_HOME=/usr/lib/jvm/java-8-oracle
PATH=/usr/local/sbin:/usr/local/bin:/usr/sbin:/usr/bin:/sbin:/bin:/usr/games:/usr/local/games:/usr/lib/jvm/java-8-oracle/bin:/usr/lib/jvm/java-8-oracle/db/bin:/usr/lib/jvm/java-8-oracle/jre/bin
LD_LIBRARY_PATH=/home/victor/android-studio/bin:
SHELL=/bin/bash
DISPLAY=:0

Signal Handlers:
SIGSEGV: [libjvm.so+0x863250], sa_mask[0]=0x7ffbfeff, sa_flags=0x10000004
SIGBUS: [libjvm.so+0x863250], sa_mask[0]=0x7ffbfeff, sa_flags=0x10000004
SIGFPE: [libjvm.so+0x6ef2b0], sa_mask[0]=0x7ffbfeff, sa_flags=0x10000004
SIGPIPE: [libjvm.so+0x6ef2b0], sa_mask[0]=0x7ffbfeff, sa_flags=0x10000004
SIGXFSZ: [libjvm.so+0x6ef2b0], sa_mask[0]=0x7ffbfeff, sa_flags=0x10000004
SIGILL: [libjvm.so+0x6ef2b0], sa_mask[0]=0x7ffbfeff, sa_flags=0x10000004
SIGUSR1: SIG_DFL, sa_mask[0]=0x00000000, sa_flags=0x00000000
SIGUSR2: [libjvm.so+0x6f09c0], sa_mask[0]=0x00000004, sa_flags=0x10000004
SIGHUP: [libjvm.so+0x6f1dd0], sa_mask[0]=0x7ffbfeff, sa_flags=0x10000004
SIGINT: [libjvm.so+0x6f1dd0], sa_mask[0]=0x7ffbfeff, sa_flags=0x10000004
SIGTERM: [libjvm.so+0x6f1dd0], sa_mask[0]=0x7ffbfeff, sa_flags=0x10000004
SIGQUIT: [libjvm.so+0x6f1dd0], sa_mask[0]=0x7ffbfeff, sa_flags=0x10000004


---------------  S Y S T E M  ---------------

OS:DISTRIB_ID=Ubuntu
DISTRIB_RELEASE=14.04
DISTRIB_CODENAME=trusty
DISTRIB_DESCRIPTION="Ubuntu 14.04 LTS"

uname:Linux 3.13.0-32-generic #57-Ubuntu SMP Tue Jul 15 03:51:12 UTC 2014 i686
libc:glibc 2.19 NPTL 2.19 
rlimit: STACK 8192k, CORE 0k, NPROC 31607, NOFILE 4096, AS infinity
load average:25,64 8,68 4,61

/proc/meminfo:
MemTotal:        4072740 kB
MemFree:          230416 kB
Buffers:             136 kB
Cached:           431520 kB
SwapCached:        35236 kB
Active:          2723972 kB
Inactive:         980936 kB
Active(anon):    2720480 kB
Inactive(anon):   976192 kB
Active(file):       3492 kB
Inactive(file):     4744 kB
Unevictable:         704 kB
Mlocked:             704 kB
HighTotal:       3225864 kB
HighFree:          63656 kB
LowTotal:         846876 kB
LowFree:          166760 kB
SwapTotal:        488444 kB
SwapFree:              0 kB
Dirty:                36 kB
Writeback:             0 kB
AnonPages:       3240544 kB
Mapped:           110728 kB
Shmem:            423328 kB
Slab:              52872 kB
SReclaimable:      23488 kB
SUnreclaim:        29384 kB
KernelStack:        7040 kB
PageTables:        29188 kB
NFS_Unstable:          0 kB
Bounce:             1552 kB
WritebackTmp:          0 kB
CommitLimit:     2524812 kB
Committed_AS:    9199544 kB
VmallocTotal:     122880 kB
VmallocUsed:       18008 kB
VmallocChunk:      74164 kB
HardwareCorrupted:     0 kB
AnonHugePages:   1234944 kB
HugePages_Total:       0
HugePages_Free:        0
HugePages_Rsvd:        0
HugePages_Surp:        0
Hugepagesize:       2048 kB
DirectMap4k:       61432 kB
DirectMap2M:      849920 kB


CPU:total 4 (2 cores per cpu, 2 threads per core) family 6 model 42 stepping 7, cmov, cx8, fxsr, mmx, sse, sse2, sse3, ssse3, sse4.1, sse4.2, popcnt, avx, clmul, ht, tsc, tscinvbit

/proc/cpuinfo:
processor	: 0
vendor_id	: GenuineIntel
cpu family	: 6
model		: 42
model name	: Intel(R) Core(TM) i3-2350M CPU @ 2.30GHz
stepping	: 7
microcode	: 0x25
cpu MHz		: 2300.000
cache size	: 3072 KB
physical id	: 0
siblings	: 4
core id		: 0
cpu cores	: 2
apicid		: 0
initial apicid	: 0
fdiv_bug	: no
f00f_bug	: no
coma_bug	: no
fpu		: yes
fpu_exception	: yes
cpuid level	: 13
wp		: yes
flags		: fpu vme de pse tsc msr pae mce cx8 apic sep mtrr pge mca cmov pat pse36 clflush dts acpi mmx fxsr sse sse2 ss ht tm pbe nx rdtscp lm constant_tsc arch_perfmon pebs bts xtopology nonstop_tsc aperfmperf eagerfpu pni pclmulqdq dtes64 monitor ds_cpl vmx est tm2 ssse3 cx16 xtpr pdcm pcid sse4_1 sse4_2 x2apic popcnt tsc_deadline_timer xsave avx lahf_lm arat epb xsaveopt pln pts dtherm tpr_shadow vnmi flexpriority ept vpid
bogomips	: 4589.56
clflush size	: 64
cache_alignment	: 64
address sizes	: 36 bits physical, 48 bits virtual
power management:

processor	: 1
vendor_id	: GenuineIntel
cpu family	: 6
model		: 42
model name	: Intel(R) Core(TM) i3-2350M CPU @ 2.30GHz
stepping	: 7
microcode	: 0x25
cpu MHz		: 2300.000
cache size	: 3072 KB
physical id	: 0
siblings	: 4
core id		: 0
cpu cores	: 2
apicid		: 1
initial apicid	: 1
fdiv_bug	: no
f00f_bug	: no
coma_bug	: no
fpu		: yes
fpu_exception	: yes
cpuid level	: 13
wp		: yes
flags		: fpu vme de pse tsc msr pae mce cx8 apic sep mtrr pge mca cmov pat pse36 clflush dts acpi mmx fxsr sse sse2 ss ht tm pbe nx rdtscp lm constant_tsc arch_perfmon pebs bts xtopology nonstop_tsc aperfmperf eagerfpu pni pclmulqdq dtes64 monitor ds_cpl vmx est tm2 ssse3 cx16 xtpr pdcm pcid sse4_1 sse4_2 x2apic popcnt tsc_deadline_timer xsave avx lahf_lm arat epb xsaveopt pln pts dtherm tpr_shadow vnmi flexpriority ept vpid
bogomips	: 4589.56
clflush size	: 64
cache_alignment	: 64
address sizes	: 36 bits physical, 48 bits virtual
power management:

processor	: 2
vendor_id	: GenuineIntel
cpu family	: 6
model		: 42
model name	: Intel(R) Core(TM) i3-2350M CPU @ 2.30GHz
stepping	: 7
microcode	: 0x25
cpu MHz		: 2300.000
cache size	: 3072 KB
physical id	: 0
siblings	: 4
core id		: 1
cpu cores	: 2
apicid		: 2
initial apicid	: 2
fdiv_bug	: no
f00f_bug	: no
coma_bug	: no
fpu		: yes
fpu_exception	: yes
cpuid level	: 13
wp		: yes
flags		: fpu vme de pse tsc msr pae mce cx8 apic sep mtrr pge mca cmov pat pse36 clflush dts acpi mmx fxsr sse sse2 ss ht tm pbe nx rdtscp lm constant_tsc arch_perfmon pebs bts xtopology nonstop_tsc aperfmperf eagerfpu pni pclmulqdq dtes64 monitor ds_cpl vmx est tm2 ssse3 cx16 xtpr pdcm pcid sse4_1 sse4_2 x2apic popcnt tsc_deadline_timer xsave avx lahf_lm arat epb xsaveopt pln pts dtherm tpr_shadow vnmi flexpriority ept vpid
bogomips	: 4589.56
clflush size	: 64
cache_alignment	: 64
address sizes	: 36 bits physical, 48 bits virtual
power management:

processor	: 3
vendor_id	: GenuineIntel
cpu family	: 6
model		: 42
model name	: Intel(R) Core(TM) i3-2350M CPU @ 2.30GHz
stepping	: 7
microcode	: 0x25
cpu MHz		: 2300.000
cache size	: 3072 KB
physical id	: 0
siblings	: 4
core id		: 1
cpu cores	: 2
apicid		: 3
initial apicid	: 3
fdiv_bug	: no
f00f_bug	: no
coma_bug	: no
fpu		: yes
fpu_exception	: yes
cpuid level	: 13
wp		: yes
flags		: fpu vme de pse tsc msr pae mce cx8 apic sep mtrr pge mca cmov pat pse36 clflush dts acpi mmx fxsr sse sse2 ss ht tm pbe nx rdtscp lm constant_tsc arch_perfmon pebs bts xtopology nonstop_tsc aperfmperf eagerfpu pni pclmulqdq dtes64 monitor ds_cpl vmx est tm2 ssse3 cx16 xtpr pdcm pcid sse4_1 sse4_2 x2apic popcnt tsc_deadline_timer xsave avx lahf_lm arat epb xsaveopt pln pts dtherm tpr_shadow vnmi flexpriority ept vpid
bogomips	: 4589.56
clflush size	: 64
cache_alignment	: 64
address sizes	: 36 bits physical, 48 bits virtual
power management:



Memory: 4k page, physical 4072740k(229996k free), swap 488444k(0k free)

vm_info: Java HotSpot(TM) Server VM (25.11-b03) for linux-x86 JRE (1.8.0_11-b12), built on Jun 16 2014 17:46:35 by "java_re" with gcc 4.3.0 20080428 (Red Hat 4.3.0-8)

time: Sat Sep 26 15:08:33 2015
elapsed time: 52 seconds

