#
# There is insufficient memory for the Java Runtime Environment to continue.
# Native memory allocation (mmap) failed to map 76021760 bytes for committing reserved memory.
# Possible reasons:
#   The system is out of physical RAM or swap space
#   In 32 bit mode, the process size limit was hit
# Possible solutions:
#   Reduce memory load on the system
#   Increase physical memory or swap space
#   Check if swap backing store is full
#   Use 64 bit Java on a 64 bit OS
#   Decrease Java heap size (-Xmx/-Xms)
#   Decrease number of Java threads
#   Decrease Java thread stack sizes (-Xss)
#   Set larger code cache with -XX:ReservedCodeCacheSize=
# This output file may be truncated or incomplete.
#
#  Out of Memory Error (os_linux.cpp:2716), pid=16278, tid=1673395008
#
# JRE version: Java(TM) SE Runtime Environment (8.0_11-b12) (build 1.8.0_11-b12)
# Java VM: Java HotSpot(TM) Server VM (25.11-b03 mixed mode linux-x86 )
# Failed to write core dump. Core dumps have been disabled. To enable core dumping, try "ulimit -c unlimited" before starting Java again
#

---------------  T H R E A D  ---------------

Current thread (0x63a81000):  VMThread [stack: 0x63b5f000,0x63be0000] [id=16318]

Stack: [0x63b5f000,0x63be0000],  sp=0x63bde910,  free space=510k
Native frames: (J=compiled Java code, j=interpreted, Vv=VM code, C=native code)
V  [libjvm.so+0x862769]  VMError::report_and_die()+0x179
V  [libjvm.so+0x35aa65]  report_vm_out_of_memory(char const*, int, unsigned int, VMErrorType, char const*)+0x55
V  [libjvm.so+0x6f2386]  os::Linux::commit_memory_impl(char*, unsigned int, bool)+0xe6
V  [libjvm.so+0x6f2858]  os::pd_commit_memory(char*, unsigned int, unsigned int, bool)+0x28
V  [libjvm.so+0x6ec0dc]  os::commit_memory(char*, unsigned int, unsigned int, bool)+0x2c
V  [libjvm.so+0x7548a8]  PSVirtualSpace::expand_by(unsigned int)+0x48
V  [libjvm.so+0x7559aa]  PSYoungGen::resize_generation(unsigned int, unsigned int)+0xda
V  [libjvm.so+0x754cd9]  PSYoungGen::resize(unsigned int, unsigned int)+0x19
V  [libjvm.so+0x752a1b]  PSScavenge::invoke_no_policy()+0x10ab
V  [libjvm.so+0x752e28]  PSScavenge::invoke()+0x28
V  [libjvm.so+0x7122fa]  ParallelScavengeHeap::failed_mem_allocate(unsigned int)+0x5a
V  [libjvm.so+0x863eca]  VM_ParallelGCFailedAllocation::doit()+0x7a
V  [libjvm.so+0x86d027]  VM_Operation::evaluate()+0x47
V  [libjvm.so+0x86b113]  VMThread::evaluate_operation(VM_Operation*)+0xb3
V  [libjvm.so+0x86b4b0]  VMThread::loop()+0x1b0
V  [libjvm.so+0x86b915]  VMThread::run()+0x85
V  [libjvm.so+0x6f4249]  java_start(Thread*)+0x119
C  [libpthread.so.0+0x6f70]  start_thread+0xd0

VM_Operation (0x6328f7a0): ParallelGCFailedAllocation, mode: safepoint, requested by thread 0x63104c00


---------------  P R O C E S S  ---------------

Java Threads: ( => current thread )
  0x6311c800 JavaThread "pool-1-thread-4" [_thread_blocked, id=16366, stack(0x62fbc000,0x6300d000)]
  0x6310d400 JavaThread "pool-1-thread-3" [_thread_blocked, id=16364, stack(0x6300d000,0x6305e000)]
  0x63107c00 JavaThread "pool-1-thread-2" [_thread_blocked, id=16363, stack(0x6305e000,0x630af000)]
  0x63105800 JavaThread "pool-2-thread-1" [_thread_blocked, id=16362, stack(0x630af000,0x63100000)]
  0x63104c00 JavaThread "pool-1-thread-1" [_thread_blocked, id=16361, stack(0x63240000,0x63291000)]
  0x63aad000 JavaThread "Service Thread" daemon [_thread_blocked, id=16352, stack(0x63b0e000,0x63b5f000)]
  0x63aa9c00 JavaThread "C1 CompilerThread2" daemon [_thread_blocked, id=16349, stack(0x63312000,0x63393000)]
  0x63aa8800 JavaThread "C2 CompilerThread1" daemon [_thread_blocked, id=16346, stack(0x63393000,0x63414000)]
  0x63aa6800 JavaThread "C2 CompilerThread0" daemon [_thread_blocked, id=16345, stack(0x63414000,0x63495000)]
  0x63aa5000 JavaThread "Signal Dispatcher" daemon [_thread_blocked, id=16333, stack(0x6672e000,0x6677f000)]
  0x63a86800 JavaThread "Finalizer" daemon [_thread_blocked, id=16326, stack(0x6692e000,0x6697f000)]
  0x63a84000 JavaThread "Reference Handler" daemon [_thread_blocked, id=16324, stack(0x66b2e000,0x66b7f000)]
  0xb6607800 JavaThread "main" [_thread_blocked, id=16300, stack(0xb6708000,0xb6759000)]

Other Threads:
=>0x63a81000 VMThread [stack: 0x63b5f000,0x63be0000] [id=16318]
  0x63abf400 WatcherThread [stack: 0x63291000,0x63312000] [id=16353]

VM state:at safepoint (normal execution)

VM Mutex/Monitor currently owned by a thread:  ([mutex/lock_event])
[0xb6604f60] Threads_lock - owner thread: 0x63a81000
[0xb6605370] Heap_lock - owner thread: 0x63104c00

Heap:
 PSYoungGen      total 74240K, used 8446K [0x91ac0000, 0x96c40000, 0xa7000000)
  eden space 65792K, 0% used [0x91ac0000,0x91ac0000,0x95b00000)
  from space 8448K, 99% used [0x95b00000,0x9633f998,0x96340000)
  to   space 7680K, 0% used [0x96340000,0x96340000,0x96ac0000)
 ParOldGen       total 43776K, used 23015K [0x67000000, 0x69ac0000, 0x91ac0000)
  object space 43776K, 52% used [0x67000000,0x68679e80,0x69ac0000)
 Metaspace       used 3741K, capacity 3782K, committed 3864K, reserved 4400K

Card table byte_map: [0x66dff000,0x67000000] byte_map_base: 0x66ac7000

Marking Bits: (ParMarkBitMap*) 0xb711ed80
 Begin Bits: [0x64600000, 0x65600000)
 End Bits:   [0x65600000, 0x66600000)

Polling page: 0xb772a000

CodeCache: size=245760Kb used=4469Kb max_used=4473Kb free=241290Kb
 bounds [0xa7582000, 0xa79ea000, 0xb6582000]
 total_blobs=1642 nmethods=1482 adapters=74
 compilation: enabled

Compilation events (10 events):
Event: 7,809 Thread 0x63aa6800 nmethod 1478 0xa79dad88 code [0xa79db2a0, 0xa79ddaf8]
Event: 7,809 Thread 0x63aa6800 1735       4       com.android.dx.ssa.MoveParamCombiner$1::visitNonMoveInsn (213 bytes)
Event: 7,811 Thread 0x63aa9c00 nmethod 1812 0xa79d7088 code [0xa79d7180, 0xa79d7240]
Event: 7,811 Thread 0x63aa9c00 1811       2       com.android.dx.rop.cst.CstKnownNull::equals (5 bytes)
Event: 7,812 Thread 0x63aa9c00 nmethod 1811 0xa79d6e48 code [0xa79d6f40, 0xa79d7020]
Event: 7,812 Thread 0x63aa9c00 1748       2       com.android.dx.ssa.Optimizer::runSsaFormSteps (117 bytes)
Event: 7,814 Thread 0x63aa9c00 nmethod 1748 0xa79d5c88 code [0xa79d5f60, 0xa79d66e0]
Event: 7,814 Thread 0x63aa9c00 1800       2       com.android.dx.rop.cst.StdConstantPool::get0Ok (12 bytes)
Event: 7,829 Thread 0x63aa9c00 nmethod 1800 0xa79d4d48 code [0xa79d4f40, 0xa79d54b8]
Event: 7,829 Thread 0x63aa9c00 1818       2       com.android.dx.cf.direct.StdAttributeFactory::code (613 bytes)

GC Heap History (10 events):
Event: 3,263 GC heap after
Heap after GC invocations=2 (full 0):
 PSYoungGen      total 19200K, used 2559K [0x91ac0000, 0x94040000, 0xa7000000)
  eden space 16640K, 0% used [0x91ac0000,0x91ac0000,0x92b00000)
  from space 2560K, 99% used [0x92d80000,0x92fffde8,0x93000000)
  to   space 2560K, 0% used [0x92b00000,0x92b00000,0x92d80000)
 ParOldGen       total 43776K, used 4801K [0x67000000, 0x69ac0000, 0x91ac0000)
  object space 43776K, 10% used [0x67000000,0x674b06f0,0x69ac0000)
 Metaspace       used 3553K, capacity 3614K, committed 3736K, reserved 4400K
}
Event: 3,874 GC heap before
{Heap before GC invocations=3 (full 0):
 PSYoungGen      total 19200K, used 19199K [0x91ac0000, 0x94040000, 0xa7000000)
  eden space 16640K, 100% used [0x91ac0000,0x92b00000,0x92b00000)
  from space 2560K, 99% used [0x92d80000,0x92fffde8,0x93000000)
  to   space 2560K, 0% used [0x92b00000,0x92b00000,0x92d80000)
 ParOldGen       total 43776K, used 4801K [0x67000000, 0x69ac0000, 0x91ac0000)
  object space 43776K, 10% used [0x67000000,0x674b06f0,0x69ac0000)
 Metaspace       used 3573K, capacity 3646K, committed 3736K, reserved 4400K
Event: 3,903 GC heap after
Heap after GC invocations=3 (full 0):
 PSYoungGen      total 19200K, used 2551K [0x91ac0000, 0x94040000, 0xa7000000)
  eden space 16640K, 0% used [0x91ac0000,0x91ac0000,0x92b00000)
  from space 2560K, 99% used [0x92b00000,0x92d7dd98,0x92d80000)
  to   space 2560K, 0% used [0x93dc0000,0x93dc0000,0x94040000)
 ParOldGen       total 43776K, used 7838K [0x67000000, 0x69ac0000, 0x91ac0000)
  object space 43776K, 17% used [0x67000000,0x677a7bf8,0x69ac0000)
 Metaspace       used 3573K, capacity 3646K, committed 3736K, reserved 4400K
}
Event: 4,563 GC heap before
{Heap before GC invocations=4 (full 0):
 PSYoungGen      total 19200K, used 19191K [0x91ac0000, 0x94040000, 0xa7000000)
  eden space 16640K, 100% used [0x91ac0000,0x92b00000,0x92b00000)
  from space 2560K, 99% used [0x92b00000,0x92d7dd98,0x92d80000)
  to   space 2560K, 0% used [0x93dc0000,0x93dc0000,0x94040000)
 ParOldGen       total 43776K, used 7838K [0x67000000, 0x69ac0000, 0x91ac0000)
  object space 43776K, 17% used [0x67000000,0x677a7bf8,0x69ac0000)
 Metaspace       used 3656K, capacity 3678K, committed 3736K, reserved 4400K
Event: 4,608 GC heap after
Heap after GC invocations=4 (full 0):
 PSYoungGen      total 35840K, used 2546K [0x91ac0000, 0x94040000, 0xa7000000)
  eden space 33280K, 0% used [0x91ac0000,0x91ac0000,0x93b40000)
  from space 2560K, 99% used [0x93dc0000,0x9403c9b8,0x94040000)
  to   space 2560K, 0% used [0x93b40000,0x93b40000,0x93dc0000)
 ParOldGen       total 43776K, used 10597K [0x67000000, 0x69ac0000, 0x91ac0000)
  object space 43776K, 24% used [0x67000000,0x67a59498,0x69ac0000)
 Metaspace       used 3656K, capacity 3678K, committed 3736K, reserved 4400K
}
Event: 5,372 GC heap before
{Heap before GC invocations=5 (full 0):
 PSYoungGen      total 35840K, used 35826K [0x91ac0000, 0x94040000, 0xa7000000)
  eden space 33280K, 100% used [0x91ac0000,0x93b40000,0x93b40000)
  from space 2560K, 99% used [0x93dc0000,0x9403c9b8,0x94040000)
  to   space 2560K, 0% used [0x93b40000,0x93b40000,0x93dc0000)
 ParOldGen       total 43776K, used 10597K [0x67000000, 0x69ac0000, 0x91ac0000)
  object space 43776K, 24% used [0x67000000,0x67a59498,0x69ac0000)
 Metaspace       used 3672K, capacity 3680K, committed 3736K, reserved 4400K
Event: 5,432 GC heap after
Heap after GC invocations=5 (full 0):
 PSYoungGen      total 35840K, used 2556K [0x91ac0000, 0x96ac0000, 0xa7000000)
  eden space 33280K, 0% used [0x91ac0000,0x91ac0000,0x93b40000)
  from space 2560K, 99% used [0x93b40000,0x93dbf350,0x93dc0000)
  to   space 7680K, 0% used [0x96340000,0x96340000,0x96ac0000)
 ParOldGen       total 43776K, used 15771K [0x67000000, 0x69ac0000, 0x91ac0000)
  object space 43776K, 36% used [0x67000000,0x67f66eb0,0x69ac0000)
 Metaspace       used 3672K, capacity 3680K, committed 3736K, reserved 4400K
}
Event: 6,093 GC heap before
{Heap before GC invocations=6 (full 0):
 PSYoungGen      total 35840K, used 35836K [0x91ac0000, 0x96ac0000, 0xa7000000)
  eden space 33280K, 100% used [0x91ac0000,0x93b40000,0x93b40000)
  from space 2560K, 99% used [0x93b40000,0x93dbf350,0x93dc0000)
  to   space 7680K, 0% used [0x96340000,0x96340000,0x96ac0000)
 ParOldGen       total 43776K, used 15771K [0x67000000, 0x69ac0000, 0x91ac0000)
  object space 43776K, 36% used [0x67000000,0x67f66eb0,0x69ac0000)
 Metaspace       used 3685K, capacity 3714K, committed 3736K, reserved 4400K
Event: 6,201 GC heap after
Heap after GC invocations=6 (full 0):
 PSYoungGen      total 73472K, used 7671K [0x91ac0000, 0x96c40000, 0xa7000000)
  eden space 65792K, 0% used [0x91ac0000,0x91ac0000,0x95b00000)
  from space 7680K, 99% used [0x96340000,0x96abde18,0x96ac0000)
  to   space 8448K, 0% used [0x95b00000,0x95b00000,0x96340000)
 ParOldGen       total 43776K, used 15871K [0x67000000, 0x69ac0000, 0x91ac0000)
  object space 43776K, 36% used [0x67000000,0x67f7fda8,0x69ac0000)
 Metaspace       used 3685K, capacity 3714K, committed 3736K, reserved 4400K
}
Event: 7,858 GC heap before
{Heap before GC invocations=7 (full 0):
 PSYoungGen      total 73472K, used 73463K [0x91ac0000, 0x96c40000, 0xa7000000)
  eden space 65792K, 100% used [0x91ac0000,0x95b00000,0x95b00000)
  from space 7680K, 99% used [0x96340000,0x96abde18,0x96ac0000)
  to   space 8448K, 0% used [0x95b00000,0x95b00000,0x96340000)
 ParOldGen       total 43776K, used 15871K [0x67000000, 0x69ac0000, 0x91ac0000)
  object space 43776K, 36% used [0x67000000,0x67f7fda8,0x69ac0000)
 Metaspace       used 3741K, capacity 3782K, committed 3864K, reserved 4400K

Deoptimization events (10 events):
Event: 1,968 Thread 0x63104c00 Uncommon trap: reason=class_check action=maybe_recompile pc=0xa76cdf8c method=com.android.dx.ssa.NormalSsaInsn.accept(Lcom/android/dx/ssa/SsaInsn$Visitor;)V @ 9
Event: 1,968 Thread 0x63104c00 Uncommon trap: reason=class_check action=maybe_recompile pc=0xa76cdf8c method=com.android.dx.ssa.NormalSsaInsn.accept(Lcom/android/dx/ssa/SsaInsn$Visitor;)V @ 9
Event: 2,215 Thread 0x63104c00 Uncommon trap: reason=unreached action=reinterpret pc=0xa7716854 method=com.android.dx.rop.cst.Constant.compareTo(Lcom/android/dx/rop/cst/Constant;)I @ 12
Event: 2,398 Thread 0x6310d400 Uncommon trap: reason=class_check action=maybe_recompile pc=0xa76f0c50 method=com.android.dx.ssa.NormalSsaInsn.accept(Lcom/android/dx/ssa/SsaInsn$Visitor;)V @ 9
Event: 3,692 Thread 0x63104c00 Uncommon trap: reason=bimorphic action=maybe_recompile pc=0xa76cda4c method=java.util.HashMap.getNode(ILjava/lang/Object;)Ljava/util/HashMap$Node; @ 126
Event: 3,692 Thread 0x63104c00 Uncommon trap: reason=bimorphic action=maybe_recompile pc=0xa76cda4c method=java.util.HashMap.getNode(ILjava/lang/Object;)Ljava/util/HashMap$Node; @ 126
Event: 3,693 Thread 0x63104c00 Uncommon trap: reason=bimorphic action=maybe_recompile pc=0xa76cda4c method=java.util.HashMap.getNode(ILjava/lang/Object;)Ljava/util/HashMap$Node; @ 126
Event: 3,935 Thread 0xb6607800 Uncommon trap: reason=unreached action=reinterpret pc=0xa774ce64 method=java.util.HashMap.getNode(ILjava/lang/Object;)Ljava/util/HashMap$Node; @ 84
Event: 4,036 Thread 0xb6607800 Uncommon trap: reason=unreached action=reinterpret pc=0xa76cd1c0 method=java.util.HashMap.getNode(ILjava/lang/Object;)Ljava/util/HashMap$Node; @ 84
Event: 4,993 Thread 0x63107c00 Uncommon trap: reason=bimorphic action=maybe_recompile pc=0xa76cda4c method=java.util.HashMap.getNode(ILjava/lang/Object;)Ljava/util/HashMap$Node; @ 126

Internal exceptions (10 events):
Event: 1,826 Thread 0xb6607800 Exception <a 'java/security/PrivilegedActionException'> (0x92669480) thrown at [/HUDSON/workspace/8-2-build-linux-i586/jdk8u11/648/hotspot/src/share/vm/prims/jvm.cpp, line 1248]
Event: 1,862 Thread 0xb6607800 Exception <a 'java/security/PrivilegedActionException'> (0x9268edd0) thrown at [/HUDSON/workspace/8-2-build-linux-i586/jdk8u11/648/hotspot/src/share/vm/prims/jvm.cpp, line 1248]
Event: 2,210 Thread 0x6310d400 Exception <a 'java/security/PrivilegedActionException'> (0x91b87b28) thrown at [/HUDSON/workspace/8-2-build-linux-i586/jdk8u11/648/hotspot/src/share/vm/prims/jvm.cpp, line 1248]
Event: 2,232 Thread 0x63107c00 Exception <a 'java/security/PrivilegedActionException'> (0x91c2b168) thrown at [/HUDSON/workspace/8-2-build-linux-i586/jdk8u11/648/hotspot/src/share/vm/prims/jvm.cpp, line 1248]
Event: 3,848 Thread 0xb6607800 Exception <a 'java/security/PrivilegedActionException'> (0x92a8a7f8) thrown at [/HUDSON/workspace/8-2-build-linux-i586/jdk8u11/648/hotspot/src/share/vm/prims/jvm.cpp, line 1248]
Event: 3,932 Thread 0xb6607800 Exception <a 'java/lang/ArrayIndexOutOfBoundsException': 18> (0x91bc1de8) thrown at [/HUDSON/workspace/8-2-build-linux-i586/jdk8u11/648/hotspot/src/share/vm/interpreter/interpreterRuntime.cpp, line 337]
Event: 3,932 Thread 0xb6607800 Exception <a 'java/lang/ArrayIndexOutOfBoundsException': 145> (0x91bc35b0) thrown at [/HUDSON/workspace/8-2-build-linux-i586/jdk8u11/648/hotspot/src/share/vm/interpreter/interpreterRuntime.cpp, line 337]
Event: 3,935 Thread 0xb6607800 Exception <a 'java/lang/ArrayIndexOutOfBoundsException': 40> (0x91bc45d0) thrown at [/HUDSON/workspace/8-2-build-linux-i586/jdk8u11/648/hotspot/src/share/vm/interpreter/interpreterRuntime.cpp, line 337]
Event: 4,397 Thread 0xb6607800 Exception <a 'java/security/PrivilegedActionException'> (0x925ae378) thrown at [/HUDSON/workspace/8-2-build-linux-i586/jdk8u11/648/hotspot/src/share/vm/prims/jvm.cpp, line 1248]
Event: 5,077 Thread 0xb6607800 Exception <a 'java/security/PrivilegedActionException'> (0x92fdceb8) thrown at [/HUDSON/workspace/8-2-build-linux-i586/jdk8u11/648/hotspot/src/share/vm/prims/jvm.cpp, line 1248]

Events (10 events):
Event: 7,351 Thread 0xb6607800 DEOPT UNPACKING pc=0xa75be5c1 sp=0xb675744c mode 0
Event: 7,466 Thread 0xb6607800 DEOPT PACKING pc=0xa77dd79e sp=0xb67573f0
Event: 7,466 Thread 0xb6607800 DEOPT UNPACKING pc=0xa75be5c1 sp=0xb6757284 mode 0
Event: 7,777 Thread 0x6311c800 DEOPT PACKING pc=0xa776137e sp=0x6300b510
Event: 7,777 Thread 0x6311c800 DEOPT UNPACKING pc=0xa75be5c1 sp=0x6300b3cc mode 0
Event: 7,779 Thread 0x6310d400 DEOPT PACKING pc=0xa78d99c7 sp=0x6305c740
Event: 7,779 Thread 0x6310d400 DEOPT UNPACKING pc=0xa75be5c1 sp=0x6305c610 mode 0
Event: 7,781 Thread 0x6310d400 DEOPT PACKING pc=0xa780565e sp=0x6305c7e0
Event: 7,781 Thread 0x6310d400 DEOPT UNPACKING pc=0xa75be5c1 sp=0x6305c650 mode 0
Event: 7,840 Executing VM operation: ParallelGCFailedAllocation


Dynamic libraries:
08048000-08049000 r-xp 00000000 08:06 2622862    /usr/lib/jvm/java-8-oracle/bin/java
08049000-0804a000 rw-p 00000000 08:06 2622862    /usr/lib/jvm/java-8-oracle/bin/java
096fc000-0971d000 rw-p 00000000 00:00 0          [heap]
62600000-626d4000 rw-p 00000000 00:00 0 
626d4000-62700000 ---p 00000000 00:00 0 
62700000-62773000 rw-p 00000000 00:00 0 
62773000-62800000 ---p 00000000 00:00 0 
62800000-628ff000 rw-p 00000000 00:00 0 
628ff000-62900000 ---p 00000000 00:00 0 
62900000-629f9000 rw-p 00000000 00:00 0 
629f9000-62a00000 ---p 00000000 00:00 0 
62a00000-62b00000 rw-p 00000000 00:00 0 
62b00000-62bde000 rw-p 00000000 00:00 0 
62bde000-62c00000 ---p 00000000 00:00 0 
62c00000-62cf6000 rw-p 00000000 00:00 0 
62cf6000-62d00000 ---p 00000000 00:00 0 
62d00000-62e00000 rw-p 00000000 00:00 0 
62e00000-62eff000 rw-p 00000000 00:00 0 
62eff000-62f00000 ---p 00000000 00:00 0 
62fbc000-62fbf000 ---p 00000000 00:00 0 
62fbf000-6300d000 rw-p 00000000 00:00 0          [stack:16366]
6300d000-63010000 ---p 00000000 00:00 0 
63010000-6305e000 rw-p 00000000 00:00 0          [stack:16364]
6305e000-63061000 ---p 00000000 00:00 0 
63061000-630af000 rw-p 00000000 00:00 0          [stack:16363]
630af000-630b2000 ---p 00000000 00:00 0 
630b2000-63100000 rw-p 00000000 00:00 0          [stack:16362]
63100000-6315a000 rw-p 00000000 00:00 0 
6315a000-63200000 ---p 00000000 00:00 0 
63240000-63243000 ---p 00000000 00:00 0 
63243000-63291000 rw-p 00000000 00:00 0          [stack:16361]
63291000-63292000 ---p 00000000 00:00 0 
63292000-63312000 rw-p 00000000 00:00 0          [stack:16353]
63312000-63315000 ---p 00000000 00:00 0 
63315000-63393000 rw-p 00000000 00:00 0          [stack:16349]
63393000-63396000 ---p 00000000 00:00 0 
63396000-63414000 rw-p 00000000 00:00 0          [stack:16346]
63414000-63417000 ---p 00000000 00:00 0 
63417000-63495000 rw-p 00000000 00:00 0          [stack:16345]
63495000-63600000 r--p 0098a000 08:06 2501681    /usr/lib/locale/locale-archive
63600000-63800000 r--p 00000000 08:06 2501681    /usr/lib/locale/locale-archive
63800000-638f9000 rw-p 00000000 00:00 0 
638f9000-63900000 ---p 00000000 00:00 0 
63900000-63921000 rw-p 00000000 00:00 0 
63921000-63a00000 ---p 00000000 00:00 0 
63a00000-63b00000 rw-p 00000000 00:00 0 
63b0e000-63b11000 ---p 00000000 00:00 0 
63b11000-63b5f000 rw-p 00000000 00:00 0          [stack:16352]
63b5f000-63b60000 ---p 00000000 00:00 0 
63b60000-63be0000 rw-p 00000000 00:00 0          [stack:16318]
63be0000-63db4000 r--s 03c50000 08:06 2623033    /usr/lib/jvm/java-8-oracle/jre/lib/rt.jar
63db4000-6417a000 rw-p 00000000 00:00 0 
6417a000-64200000 ---p 00000000 00:00 0 
64200000-66600000 rw-p 00000000 00:00 0 
66600000-666fc000 rw-p 00000000 00:00 0 
666fc000-66700000 ---p 00000000 00:00 0 
6672e000-66731000 ---p 00000000 00:00 0 
66731000-6677f000 rw-p 00000000 00:00 0          [stack:16333]
6677f000-66780000 ---p 00000000 00:00 0 
66780000-66800000 rw-p 00000000 00:00 0          [stack:16317]
66800000-66900000 rw-p 00000000 00:00 0 
6692e000-66931000 ---p 00000000 00:00 0 
66931000-6697f000 rw-p 00000000 00:00 0          [stack:16326]
6697f000-66980000 ---p 00000000 00:00 0 
66980000-66a00000 rw-p 00000000 00:00 0          [stack:16316]
66a00000-66a21000 rw-p 00000000 00:00 0 
66a21000-66b00000 ---p 00000000 00:00 0 
66b2e000-66b31000 ---p 00000000 00:00 0 
66b31000-66b7f000 rw-p 00000000 00:00 0          [stack:16324]
66b7f000-66b80000 ---p 00000000 00:00 0 
66b80000-66c00000 rw-p 00000000 00:00 0          [stack:16311]
66c00000-66c21000 rw-p 00000000 00:00 0 
66c21000-66d00000 ---p 00000000 00:00 0 
66d0b000-66d14000 r--s 00083000 08:06 2255305    /home/victor/AndroidStudioProjects/PDD/app/build/intermediates/exploded-aar/com.android.support/appcompat-v7/23.0.1/jars/classes.jar
66d14000-66d23000 r--s 000df000 08:06 2377285    /home/victor/Android/Sdk/build-tools/23.0.1/lib/dx.jar
66d23000-66d7e000 rw-p 00000000 00:00 0 
66d7e000-66d7f000 ---p 00000000 00:00 0 
66d7f000-66e15000 rw-p 00000000 00:00 0          [stack:16303]
66e15000-66f54000 ---p 00000000 00:00 0 
66f54000-66f7e000 rw-p 00000000 00:00 0 
66f7e000-66fff000 ---p 00000000 00:00 0 
66fff000-69ac0000 rw-p 00000000 00:00 0 
69ac0000-91ac0000 ---p 00000000 00:00 0 
91ac0000-96c40000 rw-p 00000000 00:00 0 
9b289000-9b4c0000 rw-p 00000000 00:00 0 
9b4c0000-a7000000 ---p 00000000 00:00 0 
a7005000-a7082000 rw-p 00000000 00:00 0 
a7082000-a71c2000 ---p 00000000 00:00 0 
a71c2000-a71d4000 rw-p 00000000 00:00 0 
a71d4000-a7582000 ---p 00000000 00:00 0 
a7582000-a79ea000 rwxp 00000000 00:00 0 
a79ea000-b6582000 ---p 00000000 00:00 0 
b6582000-b658d000 r-xp 00000000 08:06 132298     /lib/i386-linux-gnu/libnss_files-2.19.so
b658d000-b658e000 r--p 0000a000 08:06 132298     /lib/i386-linux-gnu/libnss_files-2.19.so
b658e000-b658f000 rw-p 0000b000 08:06 132298     /lib/i386-linux-gnu/libnss_files-2.19.so
b658f000-b6599000 r-xp 00000000 08:06 132308     /lib/i386-linux-gnu/libnss_nis-2.19.so
b6599000-b659a000 r--p 00009000 08:06 132308     /lib/i386-linux-gnu/libnss_nis-2.19.so
b659a000-b659b000 rw-p 0000a000 08:06 132308     /lib/i386-linux-gnu/libnss_nis-2.19.so
b659b000-b65b0000 r-xp 00000000 08:06 132292     /lib/i386-linux-gnu/libnsl-2.19.so
b65b0000-b65b1000 r--p 00015000 08:06 132292     /lib/i386-linux-gnu/libnsl-2.19.so
b65b1000-b65b2000 rw-p 00016000 08:06 132292     /lib/i386-linux-gnu/libnsl-2.19.so
b65b2000-b65b4000 rw-p 00000000 00:00 0 
b65b8000-b65d1000 r-xp 00000000 08:06 2623222    /usr/lib/jvm/java-8-oracle/jre/lib/i386/libzip.so
b65d1000-b65d2000 rw-p 00018000 08:06 2623222    /usr/lib/jvm/java-8-oracle/jre/lib/i386/libzip.so
b65d2000-b65f6000 r-xp 00000000 08:06 2623187    /usr/lib/jvm/java-8-oracle/jre/lib/i386/libjava.so
b65f6000-b65f7000 rw-p 00023000 08:06 2623187    /usr/lib/jvm/java-8-oracle/jre/lib/i386/libjava.so
b65f7000-b65fe000 r-xp 00000000 08:06 132351     /lib/i386-linux-gnu/librt-2.19.so
b65fe000-b65ff000 r--p 00006000 08:06 132351     /lib/i386-linux-gnu/librt-2.19.so
b65ff000-b6600000 rw-p 00007000 08:06 132351     /lib/i386-linux-gnu/librt-2.19.so
b6600000-b66f9000 rw-p 00000000 00:00 0 
b66f9000-b6700000 ---p 00000000 00:00 0 
b6700000-b6708000 rw-s 00000000 08:06 1191349    /tmp/hsperfdata_victor/16278
b6708000-b670b000 ---p 00000000 00:00 0 
b670b000-b6759000 rw-p 00000000 00:00 0          [stack:16300]
b6759000-b679d000 r-xp 00000000 08:06 132273     /lib/i386-linux-gnu/libm-2.19.so
b679d000-b679e000 r--p 00043000 08:06 132273     /lib/i386-linux-gnu/libm-2.19.so
b679e000-b679f000 rw-p 00044000 08:06 132273     /lib/i386-linux-gnu/libm-2.19.so
b679f000-b70a7000 r-xp 00000000 08:06 2623229    /usr/lib/jvm/java-8-oracle/jre/lib/i386/server/libjvm.so
b70a7000-b710f000 rw-p 00908000 08:06 2623229    /usr/lib/jvm/java-8-oracle/jre/lib/i386/server/libjvm.so
b710f000-b7533000 rw-p 00000000 00:00 0 
b7533000-b76dc000 r-xp 00000000 08:06 132223     /lib/i386-linux-gnu/libc-2.19.so
b76dc000-b76de000 r--p 001a9000 08:06 132223     /lib/i386-linux-gnu/libc-2.19.so
b76de000-b76df000 rw-p 001ab000 08:06 132223     /lib/i386-linux-gnu/libc-2.19.so
b76df000-b76e2000 rw-p 00000000 00:00 0 
b76e2000-b76e5000 r-xp 00000000 08:06 132240     /lib/i386-linux-gnu/libdl-2.19.so
b76e5000-b76e6000 r--p 00002000 08:06 132240     /lib/i386-linux-gnu/libdl-2.19.so
b76e6000-b76e7000 rw-p 00003000 08:06 132240     /lib/i386-linux-gnu/libdl-2.19.so
b76e7000-b76fb000 r-xp 00000000 08:06 2623324    /usr/lib/jvm/java-8-oracle/lib/i386/jli/libjli.so
b76fb000-b76fc000 rw-p 00013000 08:06 2623324    /usr/lib/jvm/java-8-oracle/lib/i386/jli/libjli.so
b76fc000-b76fd000 rw-p 00000000 00:00 0 
b76fd000-b7715000 r-xp 00000000 08:06 132343     /lib/i386-linux-gnu/libpthread-2.19.so
b7715000-b7716000 r--p 00017000 08:06 132343     /lib/i386-linux-gnu/libpthread-2.19.so
b7716000-b7717000 rw-p 00018000 08:06 132343     /lib/i386-linux-gnu/libpthread-2.19.so
b7717000-b7719000 rw-p 00000000 00:00 0 
b771d000-b771f000 rw-p 00000000 00:00 0 
b771f000-b7720000 r--p 00855000 08:06 2501681    /usr/lib/locale/locale-archive
b7720000-b7727000 r-xp 00000000 08:06 132294     /lib/i386-linux-gnu/libnss_compat-2.19.so
b7727000-b7728000 r--p 00006000 08:06 132294     /lib/i386-linux-gnu/libnss_compat-2.19.so
b7728000-b7729000 rw-p 00007000 08:06 132294     /lib/i386-linux-gnu/libnss_compat-2.19.so
b7729000-b772a000 rw-p 00000000 00:00 0 
b772a000-b772b000 ---p 00000000 00:00 0 
b772b000-b7736000 r-xp 00000000 08:06 2623221    /usr/lib/jvm/java-8-oracle/jre/lib/i386/libverify.so
b7736000-b7737000 rw-p 0000b000 08:06 2623221    /usr/lib/jvm/java-8-oracle/jre/lib/i386/libverify.so
b7737000-b7739000 rw-p 00000000 00:00 0 
b7739000-b773a000 r-xp 00000000 00:00 0          [vdso]
b773a000-b775a000 r-xp 00000000 08:06 132197     /lib/i386-linux-gnu/ld-2.19.so
b775a000-b775b000 r--p 0001f000 08:06 132197     /lib/i386-linux-gnu/ld-2.19.so
b775b000-b775c000 rw-p 00020000 08:06 132197     /lib/i386-linux-gnu/ld-2.19.so
bfd00000-bfd01000 rwxp 00000000 00:00 0 
bfd33000-bfd54000 rw-p 00000000 00:00 0          [stack]

VM Arguments:
jvm_args: -Xmx1024M -Dfile.encoding=UTF-8 -Duser.country=US -Duser.language=en -Duser.variant 
java_command: com.android.dx.command.Main --dex --num-threads=4 --output /home/victor/AndroidStudioProjects/PDD/app/build/intermediates/pre-dexed/debug/classes-dcba0071c52adbfd3da73a85f1bc8e378ae7d5a7.jar /home/victor/AndroidStudioProjects/PDD/app/build/intermediates/exploded-aar/com.android.support/appcompat-v7/23.0.1/jars/classes.jar
java_class_path (initial): /home/victor/Android/Sdk/build-tools/23.0.1/lib/dx.jar
Launcher Type: SUN_STANDARD

Environment Variables:
JAVA_HOME=/usr/lib/jvm/java-8-oracle
PATH=/usr/local/sbin:/usr/local/bin:/usr/sbin:/usr/bin:/sbin:/bin:/usr/games:/usr/local/games:/usr/lib/jvm/java-8-oracle/bin:/usr/lib/jvm/java-8-oracle/db/bin:/usr/lib/jvm/java-8-oracle/jre/bin
LD_LIBRARY_PATH=/home/victor/android-studio/bin:
SHELL=/bin/bash
DISPLAY=:0

Signal Handlers:
SIGSEGV: [libjvm.so+0x863250], sa_mask[0]=0x7ffbfeff, sa_flags=0x10000004
SIGBUS: [libjvm.so+0x863250], sa_mask[0]=0x7ffbfeff, sa_flags=0x10000004
SIGFPE: [libjvm.so+0x6ef2b0], sa_mask[0]=0x7ffbfeff, sa_flags=0x10000004
SIGPIPE: [libjvm.so+0x6ef2b0], sa_mask[0]=0x7ffbfeff, sa_flags=0x10000004
SIGXFSZ: [libjvm.so+0x6ef2b0], sa_mask[0]=0x7ffbfeff, sa_flags=0x10000004
SIGILL: [libjvm.so+0x6ef2b0], sa_mask[0]=0x7ffbfeff, sa_flags=0x10000004
SIGUSR1: SIG_DFL, sa_mask[0]=0x00000000, sa_flags=0x00000000
SIGUSR2: [libjvm.so+0x6f09c0], sa_mask[0]=0x00000004, sa_flags=0x10000004
SIGHUP: [libjvm.so+0x6f1dd0], sa_mask[0]=0x7ffbfeff, sa_flags=0x10000004
SIGINT: [libjvm.so+0x6f1dd0], sa_mask[0]=0x7ffbfeff, sa_flags=0x10000004
SIGTERM: [libjvm.so+0x6f1dd0], sa_mask[0]=0x7ffbfeff, sa_flags=0x10000004
SIGQUIT: [libjvm.so+0x6f1dd0], sa_mask[0]=0x7ffbfeff, sa_flags=0x10000004


---------------  S Y S T E M  ---------------

OS:DISTRIB_ID=Ubuntu
DISTRIB_RELEASE=14.04
DISTRIB_CODENAME=trusty
DISTRIB_DESCRIPTION="Ubuntu 14.04 LTS"

uname:Linux 3.13.0-32-generic #57-Ubuntu SMP Tue Jul 15 03:51:12 UTC 2014 i686
libc:glibc 2.19 NPTL 2.19 
rlimit: STACK 8192k, CORE 0k, NPROC 31607, NOFILE 4096, AS infinity
load average:5,94 3,36 1,84

/proc/meminfo:
MemTotal:        4072740 kB
MemFree:          187456 kB
Buffers:            1844 kB
Cached:           544256 kB
SwapCached:        38692 kB
Active:          2718576 kB
Inactive:        1019012 kB
Active(anon):    2667768 kB
Inactive(anon):   970280 kB
Active(file):      50808 kB
Inactive(file):    48732 kB
Unevictable:         464 kB
Mlocked:             464 kB
HighTotal:       3225864 kB
HighFree:          28216 kB
LowTotal:         846876 kB
LowFree:          159240 kB
SwapTotal:        488444 kB
SwapFree:           2076 kB
Dirty:               456 kB
Writeback:          1356 kB
AnonPages:       3163820 kB
Mapped:           361284 kB
Shmem:            446540 kB
Slab:              53788 kB
SReclaimable:      24316 kB
SUnreclaim:        29472 kB
KernelStack:        6800 kB
PageTables:        34696 kB
NFS_Unstable:          0 kB
Bounce:                0 kB
WritebackTmp:          0 kB
CommitLimit:     2524812 kB
Committed_AS:   10167820 kB
VmallocTotal:     122880 kB
VmallocUsed:       18008 kB
VmallocChunk:      85684 kB
HardwareCorrupted:     0 kB
AnonHugePages:   1458176 kB
HugePages_Total:       0
HugePages_Free:        0
HugePages_Rsvd:        0
HugePages_Surp:        0
Hugepagesize:       2048 kB
DirectMap4k:       61432 kB
DirectMap2M:      849920 kB


CPU:total 4 (2 cores per cpu, 2 threads per core) family 6 model 42 stepping 7, cmov, cx8, fxsr, mmx, sse, sse2, sse3, ssse3, sse4.1, sse4.2, popcnt, avx, clmul, ht, tsc, tscinvbit

/proc/cpuinfo:
processor	: 0
vendor_id	: GenuineIntel
cpu family	: 6
model		: 42
model name	: Intel(R) Core(TM) i3-2350M CPU @ 2.30GHz
stepping	: 7
microcode	: 0x25
cpu MHz		: 2300.000
cache size	: 3072 KB
physical id	: 0
siblings	: 4
core id		: 0
cpu cores	: 2
apicid		: 0
initial apicid	: 0
fdiv_bug	: no
f00f_bug	: no
coma_bug	: no
fpu		: yes
fpu_exception	: yes
cpuid level	: 13
wp		: yes
flags		: fpu vme de pse tsc msr pae mce cx8 apic sep mtrr pge mca cmov pat pse36 clflush dts acpi mmx fxsr sse sse2 ss ht tm pbe nx rdtscp lm constant_tsc arch_perfmon pebs bts xtopology nonstop_tsc aperfmperf eagerfpu pni pclmulqdq dtes64 monitor ds_cpl vmx est tm2 ssse3 cx16 xtpr pdcm pcid sse4_1 sse4_2 x2apic popcnt tsc_deadline_timer xsave avx lahf_lm arat epb xsaveopt pln pts dtherm tpr_shadow vnmi flexpriority ept vpid
bogomips	: 4589.56
clflush size	: 64
cache_alignment	: 64
address sizes	: 36 bits physical, 48 bits virtual
power management:

processor	: 1
vendor_id	: GenuineIntel
cpu family	: 6
model		: 42
model name	: Intel(R) Core(TM) i3-2350M CPU @ 2.30GHz
stepping	: 7
microcode	: 0x25
cpu MHz		: 2300.000
cache size	: 3072 KB
physical id	: 0
siblings	: 4
core id		: 0
cpu cores	: 2
apicid		: 1
initial apicid	: 1
fdiv_bug	: no
f00f_bug	: no
coma_bug	: no
fpu		: yes
fpu_exception	: yes
cpuid level	: 13
wp		: yes
flags		: fpu vme de pse tsc msr pae mce cx8 apic sep mtrr pge mca cmov pat pse36 clflush dts acpi mmx fxsr sse sse2 ss ht tm pbe nx rdtscp lm constant_tsc arch_perfmon pebs bts xtopology nonstop_tsc aperfmperf eagerfpu pni pclmulqdq dtes64 monitor ds_cpl vmx est tm2 ssse3 cx16 xtpr pdcm pcid sse4_1 sse4_2 x2apic popcnt tsc_deadline_timer xsave avx lahf_lm arat epb xsaveopt pln pts dtherm tpr_shadow vnmi flexpriority ept vpid
bogomips	: 4589.56
clflush size	: 64
cache_alignment	: 64
address sizes	: 36 bits physical, 48 bits virtual
power management:

processor	: 2
vendor_id	: GenuineIntel
cpu family	: 6
model		: 42
model name	: Intel(R) Core(TM) i3-2350M CPU @ 2.30GHz
stepping	: 7
microcode	: 0x25
cpu MHz		: 2300.000
cache size	: 3072 KB
physical id	: 0
siblings	: 4
core id		: 1
cpu cores	: 2
apicid		: 2
initial apicid	: 2
fdiv_bug	: no
f00f_bug	: no
coma_bug	: no
fpu		: yes
fpu_exception	: yes
cpuid level	: 13
wp		: yes
flags		: fpu vme de pse tsc msr pae mce cx8 apic sep mtrr pge mca cmov pat pse36 clflush dts acpi mmx fxsr sse sse2 ss ht tm pbe nx rdtscp lm constant_tsc arch_perfmon pebs bts xtopology nonstop_tsc aperfmperf eagerfpu pni pclmulqdq dtes64 monitor ds_cpl vmx est tm2 ssse3 cx16 xtpr pdcm pcid sse4_1 sse4_2 x2apic popcnt tsc_deadline_timer xsave avx lahf_lm arat epb xsaveopt pln pts dtherm tpr_shadow vnmi flexpriority ept vpid
bogomips	: 4589.56
clflush size	: 64
cache_alignment	: 64
address sizes	: 36 bits physical, 48 bits virtual
power management:

processor	: 3
vendor_id	: GenuineIntel
cpu family	: 6
model		: 42
model name	: Intel(R) Core(TM) i3-2350M CPU @ 2.30GHz
stepping	: 7
microcode	: 0x25
cpu MHz		: 2300.000
cache size	: 3072 KB
physical id	: 0
siblings	: 4
core id		: 1
cpu cores	: 2
apicid		: 3
initial apicid	: 3
fdiv_bug	: no
f00f_bug	: no
coma_bug	: no
fpu		: yes
fpu_exception	: yes
cpuid level	: 13
wp		: yes
flags		: fpu vme de pse tsc msr pae mce cx8 apic sep mtrr pge mca cmov pat pse36 clflush dts acpi mmx fxsr sse sse2 ss ht tm pbe nx rdtscp lm constant_tsc arch_perfmon pebs bts xtopology nonstop_tsc aperfmperf eagerfpu pni pclmulqdq dtes64 monitor ds_cpl vmx est tm2 ssse3 cx16 xtpr pdcm pcid sse4_1 sse4_2 x2apic popcnt tsc_deadline_timer xsave avx lahf_lm arat epb xsaveopt pln pts dtherm tpr_shadow vnmi flexpriority ept vpid
bogomips	: 4589.56
clflush size	: 64
cache_alignment	: 64
address sizes	: 36 bits physical, 48 bits virtual
power management:



Memory: 4k page, physical 4072740k(187456k free), swap 488444k(2076k free)

vm_info: Java HotSpot(TM) Server VM (25.11-b03) for linux-x86 JRE (1.8.0_11-b12), built on Jun 16 2014 17:46:35 by "java_re" with gcc 4.3.0 20080428 (Red Hat 4.3.0-8)

time: Fri Sep 25 22:24:41 2015
elapsed time: 8 seconds

