#
# There is insufficient memory for the Java Runtime Environment to continue.
# Native memory allocation (mmap) failed to map 89128960 bytes for committing reserved memory.
# Possible reasons:
#   The system is out of physical RAM or swap space
#   In 32 bit mode, the process size limit was hit
# Possible solutions:
#   Reduce memory load on the system
#   Increase physical memory or swap space
#   Check if swap backing store is full
#   Use 64 bit Java on a 64 bit OS
#   Decrease Java heap size (-Xmx/-Xms)
#   Decrease number of Java threads
#   Decrease Java thread stack sizes (-Xss)
#   Set larger code cache with -XX:ReservedCodeCacheSize=
# This output file may be truncated or incomplete.
#
#  Out of Memory Error (os_linux.cpp:2716), pid=16112, tid=1673395008
#
# JRE version: Java(TM) SE Runtime Environment (8.0_11-b12) (build 1.8.0_11-b12)
# Java VM: Java HotSpot(TM) Server VM (25.11-b03 mixed mode linux-x86 )
# Failed to write core dump. Core dumps have been disabled. To enable core dumping, try "ulimit -c unlimited" before starting Java again
#

---------------  T H R E A D  ---------------

Current thread (0x63a81000):  VMThread [stack: 0x63b5f000,0x63be0000] [id=16142]

Stack: [0x63b5f000,0x63be0000],  sp=0x63bde810,  free space=510k
Native frames: (J=compiled Java code, j=interpreted, Vv=VM code, C=native code)
V  [libjvm.so+0x862769]  VMError::report_and_die()+0x179
V  [libjvm.so+0x35aa65]  report_vm_out_of_memory(char const*, int, unsigned int, VMErrorType, char const*)+0x55
V  [libjvm.so+0x6f2386]  os::Linux::commit_memory_impl(char*, unsigned int, bool)+0xe6
V  [libjvm.so+0x6f2858]  os::pd_commit_memory(char*, unsigned int, unsigned int, bool)+0x28
V  [libjvm.so+0x6ec0dc]  os::commit_memory(char*, unsigned int, unsigned int, bool)+0x2c
V  [libjvm.so+0x7548a8]  PSVirtualSpace::expand_by(unsigned int)+0x48
V  [libjvm.so+0x7559aa]  PSYoungGen::resize_generation(unsigned int, unsigned int)+0xda
V  [libjvm.so+0x754cd9]  PSYoungGen::resize(unsigned int, unsigned int)+0x19
V  [libjvm.so+0x752a1b]  PSScavenge::invoke_no_policy()+0x10ab
V  [libjvm.so+0x752e28]  PSScavenge::invoke()+0x28
V  [libjvm.so+0x7122fa]  ParallelScavengeHeap::failed_mem_allocate(unsigned int)+0x5a
V  [libjvm.so+0x863eca]  VM_ParallelGCFailedAllocation::doit()+0x7a
V  [libjvm.so+0x86d027]  VM_Operation::evaluate()+0x47
V  [libjvm.so+0x86b113]  VMThread::evaluate_operation(VM_Operation*)+0xb3
V  [libjvm.so+0x86b4b0]  VMThread::loop()+0x1b0
V  [libjvm.so+0x86b915]  VMThread::run()+0x85
V  [libjvm.so+0x6f4249]  java_start(Thread*)+0x119
C  [libpthread.so.0+0x6f70]  start_thread+0xd0

VM_Operation (0xb67774b4): ParallelGCFailedAllocation, mode: safepoint, requested by thread 0xb6607800


---------------  P R O C E S S  ---------------

Java Threads: ( => current thread )
  0x63131000 JavaThread "pool-1-thread-4" [_thread_blocked, id=16196, stack(0x62eaf000,0x62f00000)]
  0x6312f000 JavaThread "pool-1-thread-3" [_thread_blocked, id=16195, stack(0x6300d000,0x6305e000)]
  0x63129000 JavaThread "pool-1-thread-2" [_thread_blocked, id=16191, stack(0x6305e000,0x630af000)]
  0x6311f000 JavaThread "pool-2-thread-1" [_thread_blocked, id=16186, stack(0x630af000,0x63100000)]
  0x6311d800 JavaThread "pool-1-thread-1" [_thread_blocked, id=16184, stack(0x63240000,0x63291000)]
  0x63aad000 JavaThread "Service Thread" daemon [_thread_blocked, id=16171, stack(0x63b0e000,0x63b5f000)]
  0x63aa9c00 JavaThread "C1 CompilerThread2" daemon [_thread_blocked, id=16168, stack(0x63312000,0x63393000)]
  0x63aa8400 JavaThread "C2 CompilerThread1" daemon [_thread_blocked, id=16167, stack(0x63393000,0x63414000)]
  0x63aa6800 JavaThread "C2 CompilerThread0" daemon [_thread_blocked, id=16166, stack(0x63414000,0x63495000)]
  0x63aa5000 JavaThread "Signal Dispatcher" daemon [_thread_blocked, id=16156, stack(0x6672e000,0x6677f000)]
  0x63a86800 JavaThread "Finalizer" daemon [_thread_blocked, id=16152, stack(0x6692e000,0x6697f000)]
  0x63a84000 JavaThread "Reference Handler" daemon [_thread_blocked, id=16151, stack(0x66b2e000,0x66b7f000)]
  0xb6607800 JavaThread "main" [_thread_blocked, id=16121, stack(0xb6728000,0xb6779000)]

Other Threads:
=>0x63a81000 VMThread [stack: 0x63b5f000,0x63be0000] [id=16142]
  0x63ad7000 WatcherThread [stack: 0x63291000,0x63312000] [id=16174]

VM state:at safepoint (normal execution)

VM Mutex/Monitor currently owned by a thread:  ([mutex/lock_event])
[0xb6604f60] Threads_lock - owner thread: 0x63a81000
[0xb6605370] Heap_lock - owner thread: 0xb6607800

Heap:
 PSYoungGen      total 69120K, used 2549K [0x91ac0000, 0x960c0000, 0xa7000000)
  eden space 66560K, 0% used [0x91ac0000,0x91ac0000,0x95bc0000)
  from space 2560K, 99% used [0x95bc0000,0x95e3d600,0x95e40000)
  to   space 2560K, 0% used [0x95e40000,0x95e40000,0x960c0000)
 ParOldGen       total 43776K, used 24315K [0x67000000, 0x69ac0000, 0x91ac0000)
  object space 43776K, 55% used [0x67000000,0x687bed28,0x69ac0000)
 Metaspace       used 3699K, capacity 3750K, committed 3864K, reserved 4400K

Card table byte_map: [0x66dff000,0x67000000] byte_map_base: 0x66ac7000

Marking Bits: (ParMarkBitMap*) 0xb713ed80
 Begin Bits: [0x64600000, 0x65600000)
 End Bits:   [0x65600000, 0x66600000)

Polling page: 0xb774a000

CodeCache: size=245760Kb used=3819Kb max_used=3819Kb free=241940Kb
 bounds [0xa758f000, 0xa794f000, 0xb658f000]
 total_blobs=1419 nmethods=1260 adapters=74
 compilation: enabled

Compilation events (10 events):
Event: 12,202 Thread 0x63aa9c00 nmethod 1587 0xa7946d48 code [0xa7946ee0, 0xa7947334]
Event: 12,202 Thread 0x63aa9c00 1537       2       com.android.dx.ssa.ConstCollector::getConstsSortedByCountUse (386 bytes)
Event: 12,208 Thread 0x63aa9c00 nmethod 1537 0xa7947a08 code [0xa7947d80, 0xa7948afc]
Event: 12,208 Thread 0x63aa9c00 1593       2       com.android.dx.ssa.SsaConverter::edgeSplitMoveExceptionsAndResults (157 bytes)
Event: 12,210 Thread 0x63aa9c00 nmethod 1593 0xa794a148 code [0xa794a3a0, 0xa794aa2c]
Event: 12,210 Thread 0x63aa9c00 1594       2       com.android.dx.util.LabeledList::<init> (57 bytes)
Event: 12,211 Thread 0x63aa9c00 nmethod 1594 0xa794b788 code [0xa794b920, 0xa794bd28]
Event: 12,211 Thread 0x63aa9c00 1503       2       com.android.dx.util.Bits::isEmpty (26 bytes)
Event: 12,211 Thread 0x63aa9c00 nmethod 1503 0xa794c2c8 code [0xa794c3e0, 0xa794c500]
Event: 12,211 Thread 0x63aa9c00 1597       2       com.android.dx.ssa.SsaMethod::onSourceChanged (65 bytes)

GC Heap History (9 events):
Event: 4,644 GC heap before
{Heap before GC invocations=1 (full 0):
 PSYoungGen      total 19200K, used 16640K [0x91ac0000, 0x93000000, 0xa7000000)
  eden space 16640K, 100% used [0x91ac0000,0x92b00000,0x92b00000)
  from space 2560K, 0% used [0x92d80000,0x92d80000,0x93000000)
  to   space 2560K, 0% used [0x92b00000,0x92b00000,0x92d80000)
 ParOldGen       total 43776K, used 0K [0x67000000, 0x69ac0000, 0x91ac0000)
  object space 43776K, 0% used [0x67000000,0x67000000,0x69ac0000)
 Metaspace       used 3507K, capacity 3582K, committed 3608K, reserved 4400K
Event: 5,084 GC heap after
Heap after GC invocations=1 (full 0):
 PSYoungGen      total 19200K, used 2551K [0x91ac0000, 0x94040000, 0xa7000000)
  eden space 16640K, 0% used [0x91ac0000,0x91ac0000,0x92b00000)
  from space 2560K, 99% used [0x92b00000,0x92d7dd50,0x92d80000)
  to   space 2560K, 0% used [0x93dc0000,0x93dc0000,0x94040000)
 ParOldGen       total 43776K, used 1733K [0x67000000, 0x69ac0000, 0x91ac0000)
  object space 43776K, 3% used [0x67000000,0x671b16d8,0x69ac0000)
 Metaspace       used 3507K, capacity 3582K, committed 3608K, reserved 4400K
}
Event: 5,952 GC heap before
{Heap before GC invocations=2 (full 0):
 PSYoungGen      total 19200K, used 19191K [0x91ac0000, 0x94040000, 0xa7000000)
  eden space 16640K, 100% used [0x91ac0000,0x92b00000,0x92b00000)
  from space 2560K, 99% used [0x92b00000,0x92d7dd50,0x92d80000)
  to   space 2560K, 0% used [0x93dc0000,0x93dc0000,0x94040000)
 ParOldGen       total 43776K, used 1733K [0x67000000, 0x69ac0000, 0x91ac0000)
  object space 43776K, 3% used [0x67000000,0x671b16d8,0x69ac0000)
 Metaspace       used 3554K, capacity 3614K, committed 3736K, reserved 4400K
Event: 8,288 GC heap after
Heap after GC invocations=2 (full 0):
 PSYoungGen      total 35840K, used 2553K [0x91ac0000, 0x94040000, 0xa7000000)
  eden space 33280K, 0% used [0x91ac0000,0x91ac0000,0x93b40000)
  from space 2560K, 99% used [0x93dc0000,0x9403e710,0x94040000)
  to   space 2560K, 0% used [0x93b40000,0x93b40000,0x93dc0000)
 ParOldGen       total 43776K, used 4677K [0x67000000, 0x69ac0000, 0x91ac0000)
  object space 43776K, 10% used [0x67000000,0x67491520,0x69ac0000)
 Metaspace       used 3554K, capacity 3614K, committed 3736K, reserved 4400K
}
Event: 9,855 GC heap before
{Heap before GC invocations=3 (full 0):
 PSYoungGen      total 35840K, used 35833K [0x91ac0000, 0x94040000, 0xa7000000)
  eden space 33280K, 100% used [0x91ac0000,0x93b40000,0x93b40000)
  from space 2560K, 99% used [0x93dc0000,0x9403e710,0x94040000)
  to   space 2560K, 0% used [0x93b40000,0x93b40000,0x93dc0000)
 ParOldGen       total 43776K, used 4677K [0x67000000, 0x69ac0000, 0x91ac0000)
  object space 43776K, 10% used [0x67000000,0x67491520,0x69ac0000)
 Metaspace       used 3623K, capacity 3648K, committed 3736K, reserved 4400K
Event: 9,912 GC heap after
Heap after GC invocations=3 (full 0):
 PSYoungGen      total 35840K, used 2549K [0x91ac0000, 0x960c0000, 0xa7000000)
  eden space 33280K, 0% used [0x91ac0000,0x91ac0000,0x93b40000)
  from space 2560K, 99% used [0x93b40000,0x93dbd7f0,0x93dc0000)
  to   space 2560K, 0% used [0x95e40000,0x95e40000,0x960c0000)
 ParOldGen       total 43776K, used 9232K [0x67000000, 0x69ac0000, 0x91ac0000)
  object space 43776K, 21% used [0x67000000,0x67904190,0x69ac0000)
 Metaspace       used 3623K, capacity 3648K, committed 3736K, reserved 4400K
}
Event: 10,774 GC heap before
{Heap before GC invocations=4 (full 0):
 PSYoungGen      total 35840K, used 35829K [0x91ac0000, 0x960c0000, 0xa7000000)
  eden space 33280K, 100% used [0x91ac0000,0x93b40000,0x93b40000)
  from space 2560K, 99% used [0x93b40000,0x93dbd7f0,0x93dc0000)
  to   space 2560K, 0% used [0x95e40000,0x95e40000,0x960c0000)
 ParOldGen       total 43776K, used 9232K [0x67000000, 0x69ac0000, 0x91ac0000)
  object space 43776K, 21% used [0x67000000,0x67904190,0x69ac0000)
 Metaspace       used 3667K, capacity 3684K, committed 3736K, reserved 4400K
Event: 10,838 GC heap after
Heap after GC invocations=4 (full 0):
 PSYoungGen      total 69120K, used 2559K [0x91ac0000, 0x960c0000, 0xa7000000)
  eden space 66560K, 0% used [0x91ac0000,0x91ac0000,0x95bc0000)
  from space 2560K, 99% used [0x95e40000,0x960bffb8,0x960c0000)
  to   space 2560K, 0% used [0x95bc0000,0x95bc0000,0x95e40000)
 ParOldGen       total 43776K, used 14421K [0x67000000, 0x69ac0000, 0x91ac0000)
  object space 43776K, 32% used [0x67000000,0x67e157b0,0x69ac0000)
 Metaspace       used 3667K, capacity 3684K, committed 3736K, reserved 4400K
}
Event: 12,216 GC heap before
{Heap before GC invocations=5 (full 0):
 PSYoungGen      total 69120K, used 69119K [0x91ac0000, 0x960c0000, 0xa7000000)
  eden space 66560K, 100% used [0x91ac0000,0x95bc0000,0x95bc0000)
  from space 2560K, 99% used [0x95e40000,0x960bffb8,0x960c0000)
  to   space 2560K, 0% used [0x95bc0000,0x95bc0000,0x95e40000)
 ParOldGen       total 43776K, used 14421K [0x67000000, 0x69ac0000, 0x91ac0000)
  object space 43776K, 32% used [0x67000000,0x67e157b0,0x69ac0000)
 Metaspace       used 3699K, capacity 3750K, committed 3864K, reserved 4400K

Deoptimization events (10 events):
Event: 5,737 Thread 0x63131000 Uncommon trap: reason=bimorphic action=maybe_recompile pc=0xa772343c method=java.util.HashMap.getNode(ILjava/lang/Object;)Ljava/util/HashMap$Node; @ 126
Event: 5,737 Thread 0x63131000 Uncommon trap: reason=bimorphic action=maybe_recompile pc=0xa772343c method=java.util.HashMap.getNode(ILjava/lang/Object;)Ljava/util/HashMap$Node; @ 126
Event: 5,737 Thread 0x63131000 Uncommon trap: reason=bimorphic action=maybe_recompile pc=0xa772343c method=java.util.HashMap.getNode(ILjava/lang/Object;)Ljava/util/HashMap$Node; @ 126
Event: 5,737 Thread 0x63131000 Uncommon trap: reason=bimorphic action=maybe_recompile pc=0xa7707a54 method=java.util.HashMap.getNode(ILjava/lang/Object;)Ljava/util/HashMap$Node; @ 126
Event: 8,456 Thread 0x6312f000 Uncommon trap: reason=unreached action=reinterpret pc=0xa77b30f4 method=com.android.dx.rop.code.LocalItem.hashCode()I @ 25
Event: 8,456 Thread 0x6312f000 Uncommon trap: reason=unreached action=reinterpret pc=0xa7775eac method=com.android.dx.rop.code.LocalItem.hashCode()I @ 25
Event: 9,261 Thread 0x6312f000 Uncommon trap: reason=unreached action=reinterpret pc=0xa778d0dc method=java.util.HashMap.getNode(ILjava/lang/Object;)Ljava/util/HashMap$Node; @ 84
Event: 10,283 Thread 0x63129000 Uncommon trap: reason=unreached action=reinterpret pc=0xa77faafc method=com.android.dx.ssa.SsaMethod.updateOneDefinition(Lcom/android/dx/ssa/SsaInsn;Lcom/android/dx/rop/code/RegisterSpec;)V @ 4
Event: 10,607 Thread 0x6311d800 Uncommon trap: reason=unreached action=reinterpret pc=0xa786bd9c method=java.util.HashMap.putVal(ILjava/lang/Object;Ljava/lang/Object;ZZ)Ljava/lang/Object; @ 109
Event: 10,958 Thread 0x6311d800 Uncommon trap: reason=unreached action=reinterpret pc=0xa7841850 method=java.util.HashMap.putVal(ILjava/lang/Object;Ljava/lang/Object;ZZ)Ljava/lang/Object; @ 109

Internal exceptions (10 events):
Event: 4,608 Thread 0xb6607800 Exception <a 'java/security/PrivilegedActionException'> (0x92a17d98) thrown at [/HUDSON/workspace/8-2-build-linux-i586/jdk8u11/648/hotspot/src/share/vm/prims/jvm.cpp, line 1248]
Event: 4,610 Thread 0xb6607800 Exception <a 'java/security/PrivilegedActionException'> (0x92a24d00) thrown at [/HUDSON/workspace/8-2-build-linux-i586/jdk8u11/648/hotspot/src/share/vm/prims/jvm.cpp, line 1248]
Event: 4,618 Thread 0xb6607800 Exception <a 'java/security/PrivilegedActionException'> (0x92a27160) thrown at [/HUDSON/workspace/8-2-build-linux-i586/jdk8u11/648/hotspot/src/share/vm/prims/jvm.cpp, line 1248]
Event: 5,164 Thread 0x63131000 Exception <a 'java/security/PrivilegedActionException'> (0x91ca2550) thrown at [/HUDSON/workspace/8-2-build-linux-i586/jdk8u11/648/hotspot/src/share/vm/prims/jvm.cpp, line 1248]
Event: 5,168 Thread 0xb6607800 Exception <a 'java/security/PrivilegedActionException'> (0x91c5e870) thrown at [/HUDSON/workspace/8-2-build-linux-i586/jdk8u11/648/hotspot/src/share/vm/prims/jvm.cpp, line 1248]
Event: 8,529 Thread 0xb6607800 Exception <a 'java/lang/ArrayIndexOutOfBoundsException': 18> (0x91f599b0) thrown at [/HUDSON/workspace/8-2-build-linux-i586/jdk8u11/648/hotspot/src/share/vm/interpreter/interpreterRuntime.cpp, line 337]
Event: 8,529 Thread 0xb6607800 Exception <a 'java/lang/ArrayIndexOutOfBoundsException': 145> (0x91f5b178) thrown at [/HUDSON/workspace/8-2-build-linux-i586/jdk8u11/648/hotspot/src/share/vm/interpreter/interpreterRuntime.cpp, line 337]
Event: 8,530 Thread 0xb6607800 Exception <a 'java/lang/ArrayIndexOutOfBoundsException': 40> (0x91f5c198) thrown at [/HUDSON/workspace/8-2-build-linux-i586/jdk8u11/648/hotspot/src/share/vm/interpreter/interpreterRuntime.cpp, line 337]
Event: 10,282 Thread 0x63129000 Exception <a 'java/security/PrivilegedActionException'> (0x92583590) thrown at [/HUDSON/workspace/8-2-build-linux-i586/jdk8u11/648/hotspot/src/share/vm/prims/jvm.cpp, line 1248]
Event: 10,628 Thread 0xb6607800 Exception <a 'java/security/PrivilegedActionException'> (0x932471b8) thrown at [/HUDSON/workspace/8-2-build-linux-i586/jdk8u11/648/hotspot/src/share/vm/prims/jvm.cpp, line 1248]

Events (10 events):
Event: 11,717 Thread 0x6312f000 DEOPT UNPACKING pc=0xa75cb5c1 sp=0x6305c9a0 mode 0
Event: 12,143 Thread 0x63131000 DEOPT PACKING pc=0xa77b976f sp=0x62efe900
Event: 12,143 Thread 0x63131000 DEOPT UNPACKING pc=0xa75cb5c1 sp=0x62efe7dc mode 0
Event: 12,146 Thread 0x6312f000 DEOPT PACKING pc=0xa783581e sp=0x6305cad0
Event: 12,146 Thread 0x6312f000 DEOPT UNPACKING pc=0xa75cb5c1 sp=0x6305c948 mode 0
Event: 12,177 Thread 0xb6607800 DEOPT PACKING pc=0xa77bad5f sp=0xb67775c0
Event: 12,177 Thread 0xb6607800 DEOPT UNPACKING pc=0xa75cb5c1 sp=0xb67774ac mode 0
Event: 12,198 Thread 0xb6607800 DEOPT PACKING pc=0xa78ba3f7 sp=0xb6777700
Event: 12,199 Thread 0xb6607800 DEOPT UNPACKING pc=0xa75cb5c1 sp=0xb67775b8 mode 0
Event: 12,212 Executing VM operation: ParallelGCFailedAllocation


Dynamic libraries:
08048000-08049000 r-xp 00000000 08:06 2622862    /usr/lib/jvm/java-8-oracle/bin/java
08049000-0804a000 rw-p 00000000 08:06 2622862    /usr/lib/jvm/java-8-oracle/bin/java
0896d000-08a0a000 rw-p 00000000 00:00 0          [heap]
62700000-6279a000 rw-p 00000000 00:00 0 
6279a000-62800000 ---p 00000000 00:00 0 
62900000-629ff000 rw-p 00000000 00:00 0 
629ff000-62a00000 ---p 00000000 00:00 0 
62a00000-62aff000 rw-p 00000000 00:00 0 
62aff000-62b00000 ---p 00000000 00:00 0 
62b00000-62bea000 rw-p 00000000 00:00 0 
62bea000-62c00000 ---p 00000000 00:00 0 
62c00000-62cd3000 rw-p 00000000 00:00 0 
62cd3000-62d00000 ---p 00000000 00:00 0 
62d00000-62dfe000 rw-p 00000000 00:00 0 
62dfe000-62e00000 ---p 00000000 00:00 0 
62eaf000-62eb2000 ---p 00000000 00:00 0 
62eb2000-62f00000 rw-p 00000000 00:00 0          [stack:16196]
62f00000-62ffc000 rw-p 00000000 00:00 0 
62ffc000-63000000 ---p 00000000 00:00 0 
6300d000-63010000 ---p 00000000 00:00 0 
63010000-6305e000 rw-p 00000000 00:00 0          [stack:16195]
6305e000-63061000 ---p 00000000 00:00 0 
63061000-630af000 rw-p 00000000 00:00 0          [stack:16191]
630af000-630b2000 ---p 00000000 00:00 0 
630b2000-63100000 rw-p 00000000 00:00 0          [stack:16186]
63100000-6315e000 rw-p 00000000 00:00 0 
6315e000-63200000 ---p 00000000 00:00 0 
63240000-63243000 ---p 00000000 00:00 0 
63243000-63291000 rw-p 00000000 00:00 0          [stack:16184]
63291000-63292000 ---p 00000000 00:00 0 
63292000-63312000 rw-p 00000000 00:00 0          [stack:16174]
63312000-63315000 ---p 00000000 00:00 0 
63315000-63393000 rw-p 00000000 00:00 0          [stack:16168]
63393000-63396000 ---p 00000000 00:00 0 
63396000-63414000 rw-p 00000000 00:00 0          [stack:16167]
63414000-63417000 ---p 00000000 00:00 0 
63417000-63495000 rw-p 00000000 00:00 0          [stack:16166]
63495000-63600000 r--p 0098a000 08:06 2501681    /usr/lib/locale/locale-archive
63600000-63800000 r--p 00000000 08:06 2501681    /usr/lib/locale/locale-archive
63800000-638fe000 rw-p 00000000 00:00 0 
638fe000-63900000 ---p 00000000 00:00 0 
63900000-63921000 rw-p 00000000 00:00 0 
63921000-63a00000 ---p 00000000 00:00 0 
63a00000-63b00000 rw-p 00000000 00:00 0 
63b0e000-63b11000 ---p 00000000 00:00 0 
63b11000-63b5f000 rw-p 00000000 00:00 0          [stack:16171]
63b5f000-63b60000 ---p 00000000 00:00 0 
63b60000-63be0000 rw-p 00000000 00:00 0          [stack:16142]
63be0000-63db4000 r--s 03c50000 08:06 2623033    /usr/lib/jvm/java-8-oracle/jre/lib/rt.jar
63db4000-6417a000 rw-p 00000000 00:00 0 
6417a000-64200000 ---p 00000000 00:00 0 
64200000-66600000 rw-p 00000000 00:00 0 
66600000-66700000 rw-p 00000000 00:00 0 
6672e000-66731000 ---p 00000000 00:00 0 
66731000-6677f000 rw-p 00000000 00:00 0          [stack:16156]
6677f000-66780000 ---p 00000000 00:00 0 
66780000-66800000 rw-p 00000000 00:00 0          [stack:16138]
66800000-668fb000 rw-p 00000000 00:00 0 
668fb000-66900000 ---p 00000000 00:00 0 
6692e000-66931000 ---p 00000000 00:00 0 
66931000-6697f000 rw-p 00000000 00:00 0          [stack:16152]
6697f000-66980000 ---p 00000000 00:00 0 
66980000-66a00000 rw-p 00000000 00:00 0          [stack:16134]
66a00000-66a21000 rw-p 00000000 00:00 0 
66a21000-66b00000 ---p 00000000 00:00 0 
66b2e000-66b31000 ---p 00000000 00:00 0 
66b31000-66b7f000 rw-p 00000000 00:00 0          [stack:16151]
66b7f000-66b80000 ---p 00000000 00:00 0 
66b80000-66c00000 rw-p 00000000 00:00 0          [stack:16128]
66c00000-66c21000 rw-p 00000000 00:00 0 
66c21000-66d00000 ---p 00000000 00:00 0 
66d1a000-66d2f000 r--s 000d6000 08:06 2255691    /home/victor/AndroidStudioProjects/PDD/app/build/intermediates/exploded-aar/com.android.support/support-v4/23.0.1/jars/classes.jar
66d2f000-66d7e000 rw-p 00000000 00:00 0 
66d7e000-66d7f000 ---p 00000000 00:00 0 
66d7f000-66e15000 rw-p 00000000 00:00 0          [stack:16126]
66e15000-66f54000 ---p 00000000 00:00 0 
66f54000-66f78000 rw-p 00000000 00:00 0 
66f78000-66fff000 ---p 00000000 00:00 0 
66fff000-69ac0000 rw-p 00000000 00:00 0 
69ac0000-91ac0000 ---p 00000000 00:00 0 
91ac0000-960c0000 rw-p 00000000 00:00 0 
9b389000-9b5c0000 rw-p 00000000 00:00 0 
9b5c0000-a7000000 ---p 00000000 00:00 0 
a7006000-a708f000 rw-p 00000000 00:00 0 
a708f000-a71cf000 ---p 00000000 00:00 0 
a71cf000-a71de000 rw-p 00000000 00:00 0 
a71de000-a758f000 ---p 00000000 00:00 0 
a758f000-a794f000 rwxp 00000000 00:00 0 
a794f000-b658f000 ---p 00000000 00:00 0 
b658f000-b65a8000 r-xp 00000000 08:06 2623222    /usr/lib/jvm/java-8-oracle/jre/lib/i386/libzip.so
b65a8000-b65a9000 rw-p 00018000 08:06 2623222    /usr/lib/jvm/java-8-oracle/jre/lib/i386/libzip.so
b65a9000-b65b4000 r-xp 00000000 08:06 132298     /lib/i386-linux-gnu/libnss_files-2.19.so
b65b4000-b65b5000 r--p 0000a000 08:06 132298     /lib/i386-linux-gnu/libnss_files-2.19.so
b65b5000-b65b6000 rw-p 0000b000 08:06 132298     /lib/i386-linux-gnu/libnss_files-2.19.so
b65b6000-b65c0000 r-xp 00000000 08:06 132308     /lib/i386-linux-gnu/libnss_nis-2.19.so
b65c0000-b65c1000 r--p 00009000 08:06 132308     /lib/i386-linux-gnu/libnss_nis-2.19.so
b65c1000-b65c2000 rw-p 0000a000 08:06 132308     /lib/i386-linux-gnu/libnss_nis-2.19.so
b65c2000-b65d7000 r-xp 00000000 08:06 132292     /lib/i386-linux-gnu/libnsl-2.19.so
b65d7000-b65d8000 r--p 00015000 08:06 132292     /lib/i386-linux-gnu/libnsl-2.19.so
b65d8000-b65d9000 rw-p 00016000 08:06 132292     /lib/i386-linux-gnu/libnsl-2.19.so
b65d9000-b65db000 rw-p 00000000 00:00 0 
b65db000-b65ff000 r-xp 00000000 08:06 2623187    /usr/lib/jvm/java-8-oracle/jre/lib/i386/libjava.so
b65ff000-b6600000 rw-p 00023000 08:06 2623187    /usr/lib/jvm/java-8-oracle/jre/lib/i386/libjava.so
b6600000-b66f9000 rw-p 00000000 00:00 0 
b66f9000-b6700000 ---p 00000000 00:00 0 
b6708000-b6717000 r--s 000df000 08:06 2377285    /home/victor/Android/Sdk/build-tools/23.0.1/lib/dx.jar
b6717000-b671f000 rw-s 00000000 08:06 1191347    /tmp/hsperfdata_victor/16112
b671f000-b6726000 r-xp 00000000 08:06 132351     /lib/i386-linux-gnu/librt-2.19.so
b6726000-b6727000 r--p 00006000 08:06 132351     /lib/i386-linux-gnu/librt-2.19.so
b6727000-b6728000 rw-p 00007000 08:06 132351     /lib/i386-linux-gnu/librt-2.19.so
b6728000-b672b000 ---p 00000000 00:00 0 
b672b000-b6779000 rw-p 00000000 00:00 0          [stack:16121]
b6779000-b67bd000 r-xp 00000000 08:06 132273     /lib/i386-linux-gnu/libm-2.19.so
b67bd000-b67be000 r--p 00043000 08:06 132273     /lib/i386-linux-gnu/libm-2.19.so
b67be000-b67bf000 rw-p 00044000 08:06 132273     /lib/i386-linux-gnu/libm-2.19.so
b67bf000-b70c7000 r-xp 00000000 08:06 2623229    /usr/lib/jvm/java-8-oracle/jre/lib/i386/server/libjvm.so
b70c7000-b712f000 rw-p 00908000 08:06 2623229    /usr/lib/jvm/java-8-oracle/jre/lib/i386/server/libjvm.so
b712f000-b7553000 rw-p 00000000 00:00 0 
b7553000-b76fc000 r-xp 00000000 08:06 132223     /lib/i386-linux-gnu/libc-2.19.so
b76fc000-b76fe000 r--p 001a9000 08:06 132223     /lib/i386-linux-gnu/libc-2.19.so
b76fe000-b76ff000 rw-p 001ab000 08:06 132223     /lib/i386-linux-gnu/libc-2.19.so
b76ff000-b7702000 rw-p 00000000 00:00 0 
b7702000-b7705000 r-xp 00000000 08:06 132240     /lib/i386-linux-gnu/libdl-2.19.so
b7705000-b7706000 r--p 00002000 08:06 132240     /lib/i386-linux-gnu/libdl-2.19.so
b7706000-b7707000 rw-p 00003000 08:06 132240     /lib/i386-linux-gnu/libdl-2.19.so
b7707000-b771b000 r-xp 00000000 08:06 2623324    /usr/lib/jvm/java-8-oracle/lib/i386/jli/libjli.so
b771b000-b771c000 rw-p 00013000 08:06 2623324    /usr/lib/jvm/java-8-oracle/lib/i386/jli/libjli.so
b771c000-b771d000 rw-p 00000000 00:00 0 
b771d000-b7735000 r-xp 00000000 08:06 132343     /lib/i386-linux-gnu/libpthread-2.19.so
b7735000-b7736000 r--p 00017000 08:06 132343     /lib/i386-linux-gnu/libpthread-2.19.so
b7736000-b7737000 rw-p 00018000 08:06 132343     /lib/i386-linux-gnu/libpthread-2.19.so
b7737000-b7739000 rw-p 00000000 00:00 0 
b773d000-b773f000 rw-p 00000000 00:00 0 
b773f000-b7740000 r--p 00855000 08:06 2501681    /usr/lib/locale/locale-archive
b7740000-b7747000 r-xp 00000000 08:06 132294     /lib/i386-linux-gnu/libnss_compat-2.19.so
b7747000-b7748000 r--p 00006000 08:06 132294     /lib/i386-linux-gnu/libnss_compat-2.19.so
b7748000-b7749000 rw-p 00007000 08:06 132294     /lib/i386-linux-gnu/libnss_compat-2.19.so
b7749000-b774a000 rw-p 00000000 00:00 0 
b774a000-b774b000 ---p 00000000 00:00 0 
b774b000-b7756000 r-xp 00000000 08:06 2623221    /usr/lib/jvm/java-8-oracle/jre/lib/i386/libverify.so
b7756000-b7757000 rw-p 0000b000 08:06 2623221    /usr/lib/jvm/java-8-oracle/jre/lib/i386/libverify.so
b7757000-b7759000 rw-p 00000000 00:00 0 
b7759000-b775a000 r-xp 00000000 00:00 0          [vdso]
b775a000-b777a000 r-xp 00000000 08:06 132197     /lib/i386-linux-gnu/ld-2.19.so
b777a000-b777b000 r--p 0001f000 08:06 132197     /lib/i386-linux-gnu/ld-2.19.so
b777b000-b777c000 rw-p 00020000 08:06 132197     /lib/i386-linux-gnu/ld-2.19.so
bfbf8000-bfbf9000 rwxp 00000000 00:00 0 
bfc2b000-bfc4c000 rw-p 00000000 00:00 0          [stack]

VM Arguments:
jvm_args: -Xmx1024M -Dfile.encoding=UTF-8 -Duser.country=US -Duser.language=en -Duser.variant 
java_command: com.android.dx.command.Main --dex --num-threads=4 --output /home/victor/AndroidStudioProjects/PDD/app/build/intermediates/pre-dexed/debug/classes-9102809b505f80f6a8a8d919841fd4371484e692.jar /home/victor/AndroidStudioProjects/PDD/app/build/intermediates/exploded-aar/com.android.support/support-v4/23.0.1/jars/classes.jar
java_class_path (initial): /home/victor/Android/Sdk/build-tools/23.0.1/lib/dx.jar
Launcher Type: SUN_STANDARD

Environment Variables:
JAVA_HOME=/usr/lib/jvm/java-8-oracle
PATH=/usr/local/sbin:/usr/local/bin:/usr/sbin:/usr/bin:/sbin:/bin:/usr/games:/usr/local/games:/usr/lib/jvm/java-8-oracle/bin:/usr/lib/jvm/java-8-oracle/db/bin:/usr/lib/jvm/java-8-oracle/jre/bin
LD_LIBRARY_PATH=/home/victor/android-studio/bin:
SHELL=/bin/bash
DISPLAY=:0

Signal Handlers:
SIGSEGV: [libjvm.so+0x863250], sa_mask[0]=0x7ffbfeff, sa_flags=0x10000004
SIGBUS: [libjvm.so+0x863250], sa_mask[0]=0x7ffbfeff, sa_flags=0x10000004
SIGFPE: [libjvm.so+0x6ef2b0], sa_mask[0]=0x7ffbfeff, sa_flags=0x10000004
SIGPIPE: [libjvm.so+0x6ef2b0], sa_mask[0]=0x7ffbfeff, sa_flags=0x10000004
SIGXFSZ: [libjvm.so+0x6ef2b0], sa_mask[0]=0x7ffbfeff, sa_flags=0x10000004
SIGILL: [libjvm.so+0x6ef2b0], sa_mask[0]=0x7ffbfeff, sa_flags=0x10000004
SIGUSR1: SIG_DFL, sa_mask[0]=0x00000000, sa_flags=0x00000000
SIGUSR2: [libjvm.so+0x6f09c0], sa_mask[0]=0x00000004, sa_flags=0x10000004
SIGHUP: [libjvm.so+0x6f1dd0], sa_mask[0]=0x7ffbfeff, sa_flags=0x10000004
SIGINT: [libjvm.so+0x6f1dd0], sa_mask[0]=0x7ffbfeff, sa_flags=0x10000004
SIGTERM: [libjvm.so+0x6f1dd0], sa_mask[0]=0x7ffbfeff, sa_flags=0x10000004
SIGQUIT: [libjvm.so+0x6f1dd0], sa_mask[0]=0x7ffbfeff, sa_flags=0x10000004


---------------  S Y S T E M  ---------------

OS:DISTRIB_ID=Ubuntu
DISTRIB_RELEASE=14.04
DISTRIB_CODENAME=trusty
DISTRIB_DESCRIPTION="Ubuntu 14.04 LTS"

uname:Linux 3.13.0-32-generic #57-Ubuntu SMP Tue Jul 15 03:51:12 UTC 2014 i686
libc:glibc 2.19 NPTL 2.19 
rlimit: STACK 8192k, CORE 0k, NPROC 31607, NOFILE 4096, AS infinity
load average:5,13 2,07 1,28

/proc/meminfo:
MemTotal:        4072740 kB
MemFree:          208424 kB
Buffers:             840 kB
Cached:           491648 kB
SwapCached:        41520 kB
Active:          2733816 kB
Inactive:         995240 kB
Active(anon):    2730964 kB
Inactive(anon):   948012 kB
Active(file):       2852 kB
Inactive(file):    47228 kB
Unevictable:         464 kB
Mlocked:             464 kB
HighTotal:       3225864 kB
HighFree:          40548 kB
LowTotal:         846876 kB
LowFree:          167876 kB
SwapTotal:        488444 kB
SwapFree:             72 kB
Dirty:                80 kB
Writeback:             0 kB
AnonPages:       3196196 kB
Mapped:           320144 kB
Shmem:            441888 kB
Slab:              53472 kB
SReclaimable:      24092 kB
SUnreclaim:        29380 kB
KernelStack:        6840 kB
PageTables:        35016 kB
NFS_Unstable:          0 kB
Bounce:                0 kB
WritebackTmp:          0 kB
CommitLimit:     2524812 kB
Committed_AS:   10286796 kB
VmallocTotal:     122880 kB
VmallocUsed:       18008 kB
VmallocChunk:      85684 kB
HardwareCorrupted:     0 kB
AnonHugePages:   1507328 kB
HugePages_Total:       0
HugePages_Free:        0
HugePages_Rsvd:        0
HugePages_Surp:        0
Hugepagesize:       2048 kB
DirectMap4k:       61432 kB
DirectMap2M:      849920 kB


CPU:total 4 (2 cores per cpu, 2 threads per core) family 6 model 42 stepping 7, cmov, cx8, fxsr, mmx, sse, sse2, sse3, ssse3, sse4.1, sse4.2, popcnt, avx, clmul, ht, tsc, tscinvbit

/proc/cpuinfo:
processor	: 0
vendor_id	: GenuineIntel
cpu family	: 6
model		: 42
model name	: Intel(R) Core(TM) i3-2350M CPU @ 2.30GHz
stepping	: 7
microcode	: 0x25
cpu MHz		: 2300.000
cache size	: 3072 KB
physical id	: 0
siblings	: 4
core id		: 0
cpu cores	: 2
apicid		: 0
initial apicid	: 0
fdiv_bug	: no
f00f_bug	: no
coma_bug	: no
fpu		: yes
fpu_exception	: yes
cpuid level	: 13
wp		: yes
flags		: fpu vme de pse tsc msr pae mce cx8 apic sep mtrr pge mca cmov pat pse36 clflush dts acpi mmx fxsr sse sse2 ss ht tm pbe nx rdtscp lm constant_tsc arch_perfmon pebs bts xtopology nonstop_tsc aperfmperf eagerfpu pni pclmulqdq dtes64 monitor ds_cpl vmx est tm2 ssse3 cx16 xtpr pdcm pcid sse4_1 sse4_2 x2apic popcnt tsc_deadline_timer xsave avx lahf_lm arat epb xsaveopt pln pts dtherm tpr_shadow vnmi flexpriority ept vpid
bogomips	: 4589.56
clflush size	: 64
cache_alignment	: 64
address sizes	: 36 bits physical, 48 bits virtual
power management:

processor	: 1
vendor_id	: GenuineIntel
cpu family	: 6
model		: 42
model name	: Intel(R) Core(TM) i3-2350M CPU @ 2.30GHz
stepping	: 7
microcode	: 0x25
cpu MHz		: 2300.000
cache size	: 3072 KB
physical id	: 0
siblings	: 4
core id		: 0
cpu cores	: 2
apicid		: 1
initial apicid	: 1
fdiv_bug	: no
f00f_bug	: no
coma_bug	: no
fpu		: yes
fpu_exception	: yes
cpuid level	: 13
wp		: yes
flags		: fpu vme de pse tsc msr pae mce cx8 apic sep mtrr pge mca cmov pat pse36 clflush dts acpi mmx fxsr sse sse2 ss ht tm pbe nx rdtscp lm constant_tsc arch_perfmon pebs bts xtopology nonstop_tsc aperfmperf eagerfpu pni pclmulqdq dtes64 monitor ds_cpl vmx est tm2 ssse3 cx16 xtpr pdcm pcid sse4_1 sse4_2 x2apic popcnt tsc_deadline_timer xsave avx lahf_lm arat epb xsaveopt pln pts dtherm tpr_shadow vnmi flexpriority ept vpid
bogomips	: 4589.56
clflush size	: 64
cache_alignment	: 64
address sizes	: 36 bits physical, 48 bits virtual
power management:

processor	: 2
vendor_id	: GenuineIntel
cpu family	: 6
model		: 42
model name	: Intel(R) Core(TM) i3-2350M CPU @ 2.30GHz
stepping	: 7
microcode	: 0x25
cpu MHz		: 2300.000
cache size	: 3072 KB
physical id	: 0
siblings	: 4
core id		: 1
cpu cores	: 2
apicid		: 2
initial apicid	: 2
fdiv_bug	: no
f00f_bug	: no
coma_bug	: no
fpu		: yes
fpu_exception	: yes
cpuid level	: 13
wp		: yes
flags		: fpu vme de pse tsc msr pae mce cx8 apic sep mtrr pge mca cmov pat pse36 clflush dts acpi mmx fxsr sse sse2 ss ht tm pbe nx rdtscp lm constant_tsc arch_perfmon pebs bts xtopology nonstop_tsc aperfmperf eagerfpu pni pclmulqdq dtes64 monitor ds_cpl vmx est tm2 ssse3 cx16 xtpr pdcm pcid sse4_1 sse4_2 x2apic popcnt tsc_deadline_timer xsave avx lahf_lm arat epb xsaveopt pln pts dtherm tpr_shadow vnmi flexpriority ept vpid
bogomips	: 4589.56
clflush size	: 64
cache_alignment	: 64
address sizes	: 36 bits physical, 48 bits virtual
power management:

processor	: 3
vendor_id	: GenuineIntel
cpu family	: 6
model		: 42
model name	: Intel(R) Core(TM) i3-2350M CPU @ 2.30GHz
stepping	: 7
microcode	: 0x25
cpu MHz		: 2300.000
cache size	: 3072 KB
physical id	: 0
siblings	: 4
core id		: 1
cpu cores	: 2
apicid		: 3
initial apicid	: 3
fdiv_bug	: no
f00f_bug	: no
coma_bug	: no
fpu		: yes
fpu_exception	: yes
cpuid level	: 13
wp		: yes
flags		: fpu vme de pse tsc msr pae mce cx8 apic sep mtrr pge mca cmov pat pse36 clflush dts acpi mmx fxsr sse sse2 ss ht tm pbe nx rdtscp lm constant_tsc arch_perfmon pebs bts xtopology nonstop_tsc aperfmperf eagerfpu pni pclmulqdq dtes64 monitor ds_cpl vmx est tm2 ssse3 cx16 xtpr pdcm pcid sse4_1 sse4_2 x2apic popcnt tsc_deadline_timer xsave avx lahf_lm arat epb xsaveopt pln pts dtherm tpr_shadow vnmi flexpriority ept vpid
bogomips	: 4589.56
clflush size	: 64
cache_alignment	: 64
address sizes	: 36 bits physical, 48 bits virtual
power management:



Memory: 4k page, physical 4072740k(208424k free), swap 488444k(72k free)

vm_info: Java HotSpot(TM) Server VM (25.11-b03) for linux-x86 JRE (1.8.0_11-b12), built on Jun 16 2014 17:46:35 by "java_re" with gcc 4.3.0 20080428 (Red Hat 4.3.0-8)

time: Fri Sep 25 22:23:06 2015
elapsed time: 19 seconds

