#
# There is insufficient memory for the Java Runtime Environment to continue.
# Native memory allocation (mmap) failed to map 34078720 bytes for committing reserved memory.
# Possible reasons:
#   The system is out of physical RAM or swap space
#   In 32 bit mode, the process size limit was hit
# Possible solutions:
#   Reduce memory load on the system
#   Increase physical memory or swap space
#   Check if swap backing store is full
#   Use 64 bit Java on a 64 bit OS
#   Decrease Java heap size (-Xmx/-Xms)
#   Decrease number of Java threads
#   Decrease Java thread stack sizes (-Xss)
#   Set larger code cache with -XX:ReservedCodeCacheSize=
# This output file may be truncated or incomplete.
#
#  Out of Memory Error (os_linux.cpp:2716), pid=3121, tid=1674120000
#
# JRE version: Java(TM) SE Runtime Environment (8.0_11-b12) (build 1.8.0_11-b12)
# Java VM: Java HotSpot(TM) Server VM (25.11-b03 mixed mode linux-x86 )
# Failed to write core dump. Core dumps have been disabled. To enable core dumping, try "ulimit -c unlimited" before starting Java again
#

---------------  T H R E A D  ---------------

Current thread (0x63b81400):  VMThread [stack: 0x63c10000,0x63c91000] [id=3131]

Stack: [0x63c10000,0x63c91000],  sp=0x63c8f790,  free space=509k
Native frames: (J=compiled Java code, j=interpreted, Vv=VM code, C=native code)
V  [libjvm.so+0x862769]  VMError::report_and_die()+0x179
V  [libjvm.so+0x35aa65]  report_vm_out_of_memory(char const*, int, unsigned int, VMErrorType, char const*)+0x55
V  [libjvm.so+0x6f2386]  os::Linux::commit_memory_impl(char*, unsigned int, bool)+0xe6
V  [libjvm.so+0x6f2858]  os::pd_commit_memory(char*, unsigned int, unsigned int, bool)+0x28
V  [libjvm.so+0x6ec0dc]  os::commit_memory(char*, unsigned int, unsigned int, bool)+0x2c
V  [libjvm.so+0x7548a8]  PSVirtualSpace::expand_by(unsigned int)+0x48
V  [libjvm.so+0x7559aa]  PSYoungGen::resize_generation(unsigned int, unsigned int)+0xda
V  [libjvm.so+0x754cd9]  PSYoungGen::resize(unsigned int, unsigned int)+0x19
V  [libjvm.so+0x752a1b]  PSScavenge::invoke_no_policy()+0x10ab
V  [libjvm.so+0x752e28]  PSScavenge::invoke()+0x28
V  [libjvm.so+0x7122fa]  ParallelScavengeHeap::failed_mem_allocate(unsigned int)+0x5a
V  [libjvm.so+0x863eca]  VM_ParallelGCFailedAllocation::doit()+0x7a
V  [libjvm.so+0x86d027]  VM_Operation::evaluate()+0x47
V  [libjvm.so+0x86b113]  VMThread::evaluate_operation(VM_Operation*)+0xb3
V  [libjvm.so+0x86b4b0]  VMThread::loop()+0x1b0
V  [libjvm.so+0x86b915]  VMThread::run()+0x85
V  [libjvm.so+0x6f4249]  java_start(Thread*)+0x119
C  [libpthread.so.0+0x6f70]  start_thread+0xd0

VM_Operation (0xb6719cb4): ParallelGCFailedAllocation, mode: safepoint, requested by thread 0xb6507c00


---------------  P R O C E S S  ---------------

Java Threads: ( => current thread )
  0x63bad400 JavaThread "Service Thread" daemon [_thread_blocked, id=3138, stack(0x632c1000,0x63312000)]
  0x63baa000 JavaThread "C1 CompilerThread2" daemon [_thread_blocked, id=3137, stack(0x63312000,0x63393000)]
  0x63ba8c00 JavaThread "C2 CompilerThread1" daemon [_thread_blocked, id=3136, stack(0x63393000,0x63414000)]
  0x63ba6c00 JavaThread "C2 CompilerThread0" daemon [_thread_blocked, id=3135, stack(0x63414000,0x63495000)]
  0x63ba5400 JavaThread "Signal Dispatcher" daemon [_thread_blocked, id=3134, stack(0x63a0d000,0x63a5e000)]
  0x63b86c00 JavaThread "Finalizer" daemon [_thread_blocked, id=3133, stack(0x63a5e000,0x63aaf000)]
  0x63b84400 JavaThread "Reference Handler" daemon [_thread_blocked, id=3132, stack(0x63aaf000,0x63b00000)]
  0xb6507c00 JavaThread "main" [_thread_blocked, id=3126, stack(0xb66ca000,0xb671b000)]

Other Threads:
=>0x63b81400 VMThread [stack: 0x63c10000,0x63c91000] [id=3131]
  0x63bcf400 WatcherThread [stack: 0x63240000,0x632c1000] [id=3139]

VM state:at safepoint (normal execution)

VM Mutex/Monitor currently owned by a thread:  ([mutex/lock_event])
[0xb6505330] Threads_lock - owner thread: 0x63b81400
[0xb6505740] Heap_lock - owner thread: 0xb6507c00

Heap:
 PSYoungGen      total 35840K, used 2485K [0x91ac0000, 0x94040000, 0xa7000000)
  eden space 33280K, 0% used [0x91ac0000,0x91ac0000,0x93b40000)
  from space 2560K, 97% used [0x93b40000,0x93dad730,0x93dc0000)
  to   space 2560K, 0% used [0x93dc0000,0x93dc0000,0x94040000)
 ParOldGen       total 43776K, used 14792K [0x67000000, 0x69ac0000, 0x91ac0000)
  object space 43776K, 33% used [0x67000000,0x67e72378,0x69ac0000)
 Metaspace       used 4392K, capacity 4422K, committed 4504K, reserved 5424K

Card table byte_map: [0x66dff000,0x67000000] byte_map_base: 0x66ac7000

Marking Bits: (ParMarkBitMap*) 0xb70e0d80
 Begin Bits: [0x64700000, 0x65700000)
 End Bits:   [0x65700000, 0x66700000)

Polling page: 0xb76ec000

CodeCache: size=245760Kb used=3519Kb max_used=3538Kb free=242241Kb
 bounds [0xa7500000, 0xa7880000, 0xb6500000]
 total_blobs=1678 nmethods=1503 adapters=90
 compilation: enabled

Compilation events (10 events):
Event: 5,872 Thread 0x63ba6c00 1517       4       com.android.dex.Dex$Section::readFields (51 bytes)
Event: 5,874 Thread 0x63ba8c00 nmethod 1516 0xa7872f48 code [0xa7873120, 0xa787394c]
Event: 5,874 Thread 0x63ba8c00 1518       4       com.android.dx.merge.InstructionTransformer$TypeVisitor::visit (63 bytes)
Event: 5,883 Thread 0x63ba8c00 nmethod 1518 0xa786fc88 code [0xa786fdc0, 0xa78701f0]
Event: 5,884 Thread 0x63ba8c00 1521 %     4       sun.security.provider.DigestBase::engineUpdate @ 136 (188 bytes)
Event: 5,886 Thread 0x63baa000 1522       3       java.util.zip.Adler32::update (51 bytes)
Event: 5,887 Thread 0x63baa000 nmethod 1522 0xa78715c8 code [0xa7871720, 0xa78719c4]
Event: 5,888 Thread 0x63ba8c00 nmethod 1521% 0xa7871148 code [0xa7871260, 0xa787141c]
Event: 5,888 Thread 0x63ba6c00 nmethod 1517 0xa7876608 code [0xa7876740, 0xa7876ef0]
Event: 18,622 Thread 0x63baa000 1524       3       java.util.Formatter$Flags::contains (22 bytes)

GC Heap History (5 events):
Event: 1,935 GC heap before
{Heap before GC invocations=1 (full 0):
 PSYoungGen      total 19200K, used 16546K [0x91ac0000, 0x93000000, 0xa7000000)
  eden space 16640K, 99% used [0x91ac0000,0x92ae8b20,0x92b00000)
  from space 2560K, 0% used [0x92d80000,0x92d80000,0x93000000)
  to   space 2560K, 0% used [0x92b00000,0x92b00000,0x92d80000)
 ParOldGen       total 43776K, used 0K [0x67000000, 0x69ac0000, 0x91ac0000)
  object space 43776K, 0% used [0x67000000,0x67000000,0x69ac0000)
 Metaspace       used 3441K, capacity 3550K, committed 3608K, reserved 4400K
Event: 1,982 GC heap after
Heap after GC invocations=1 (full 0):
 PSYoungGen      total 19200K, used 2544K [0x91ac0000, 0x94040000, 0xa7000000)
  eden space 16640K, 0% used [0x91ac0000,0x91ac0000,0x92b00000)
  from space 2560K, 99% used [0x92b00000,0x92d7c2e8,0x92d80000)
  to   space 2560K, 0% used [0x93dc0000,0x93dc0000,0x94040000)
 ParOldGen       total 43776K, used 2190K [0x67000000, 0x69ac0000, 0x91ac0000)
  object space 43776K, 5% used [0x67000000,0x67223848,0x69ac0000)
 Metaspace       used 3441K, capacity 3550K, committed 3608K, reserved 4400K
}
Event: 3,220 GC heap before
{Heap before GC invocations=2 (full 0):
 PSYoungGen      total 19200K, used 19184K [0x91ac0000, 0x94040000, 0xa7000000)
  eden space 16640K, 100% used [0x91ac0000,0x92b00000,0x92b00000)
  from space 2560K, 99% used [0x92b00000,0x92d7c2e8,0x92d80000)
  to   space 2560K, 0% used [0x93dc0000,0x93dc0000,0x94040000)
 ParOldGen       total 43776K, used 2190K [0x67000000, 0x69ac0000, 0x91ac0000)
  object space 43776K, 5% used [0x67000000,0x67223848,0x69ac0000)
 Metaspace       used 4361K, capacity 4390K, committed 4504K, reserved 5424K
Event: 3,241 GC heap after
Heap after GC invocations=2 (full 0):
 PSYoungGen      total 35840K, used 2558K [0x91ac0000, 0x94040000, 0xa7000000)
  eden space 33280K, 0% used [0x91ac0000,0x91ac0000,0x93b40000)
  from space 2560K, 99% used [0x93dc0000,0x9403f9b0,0x94040000)
  to   space 2560K, 0% used [0x93b40000,0x93b40000,0x93dc0000)
 ParOldGen       total 43776K, used 8171K [0x67000000, 0x69ac0000, 0x91ac0000)
  object space 43776K, 18% used [0x67000000,0x677fae98,0x69ac0000)
 Metaspace       used 4361K, capacity 4390K, committed 4504K, reserved 5424K
}
Event: 18,808 GC heap before
{Heap before GC invocations=3 (full 0):
 PSYoungGen      total 35840K, used 34183K [0x91ac0000, 0x94040000, 0xa7000000)
  eden space 33280K, 95% used [0x91ac0000,0x939a2550,0x93b40000)
  from space 2560K, 99% used [0x93dc0000,0x9403f9b0,0x94040000)
  to   space 2560K, 0% used [0x93b40000,0x93b40000,0x93dc0000)
 ParOldGen       total 43776K, used 8171K [0x67000000, 0x69ac0000, 0x91ac0000)
  object space 43776K, 18% used [0x67000000,0x677fae98,0x69ac0000)
 Metaspace       used 4392K, capacity 4422K, committed 4504K, reserved 5424K

Deoptimization events (10 events):
Event: 2,627 Thread 0xb6507c00 Uncommon trap: reason=class_check action=maybe_recompile pc=0xa7711588 method=java.util.HashMap.putVal(ILjava/lang/Object;Ljava/lang/Object;ZZ)Ljava/lang/Object; @ 56
Event: 2,627 Thread 0xb6507c00 Uncommon trap: reason=class_check action=maybe_recompile pc=0xa7711588 method=java.util.HashMap.putVal(ILjava/lang/Object;Ljava/lang/Object;ZZ)Ljava/lang/Object; @ 56
Event: 2,627 Thread 0xb6507c00 Uncommon trap: reason=class_check action=maybe_recompile pc=0xa7711588 method=java.util.HashMap.putVal(ILjava/lang/Object;Ljava/lang/Object;ZZ)Ljava/lang/Object; @ 56
Event: 2,627 Thread 0xb6507c00 Uncommon trap: reason=class_check action=maybe_recompile pc=0xa77115c8 method=java.util.HashMap.putVal(ILjava/lang/Object;Ljava/lang/Object;ZZ)Ljava/lang/Object; @ 152
Event: 2,628 Thread 0xb6507c00 Uncommon trap: reason=class_check action=maybe_recompile pc=0xa77115c8 method=java.util.HashMap.putVal(ILjava/lang/Object;Ljava/lang/Object;ZZ)Ljava/lang/Object; @ 152
Event: 2,728 Thread 0xb6507c00 Uncommon trap: reason=predicate action=maybe_recompile pc=0xa7745344 method=com.android.dex.Leb128.writeUnsignedLeb128(Lcom/android/dex/util/ByteOutput;I)V @ 9
Event: 3,116 Thread 0xb6507c00 Uncommon trap: reason=predicate action=maybe_recompile pc=0xa777a548 method=com.android.dex.Leb128.readUnsignedLeb128(Lcom/android/dex/util/ByteInput;)I @ 41
Event: 3,124 Thread 0xb6507c00 Uncommon trap: reason=unreached action=reinterpret pc=0xa7719430 method=java.util.HashMap.putVal(ILjava/lang/Object;Ljava/lang/Object;ZZ)Ljava/lang/Object; @ 109
Event: 3,131 Thread 0xb6507c00 Uncommon trap: reason=unreached action=reinterpret pc=0xa76c25dc method=java.util.HashMap.getNode(ILjava/lang/Object;)Ljava/util/HashMap$Node; @ 84
Event: 3,136 Thread 0xb6507c00 Uncommon trap: reason=unreached action=reinterpret pc=0xa76c2a98 method=java.util.HashMap.getNode(ILjava/lang/Object;)Ljava/util/HashMap$Node; @ 84

Internal exceptions (10 events):
Event: 2,752 Thread 0xb6507c00 Exception <a 'java/security/PrivilegedActionException'> (0x92273d18) thrown at [/HUDSON/workspace/8-2-build-linux-i586/jdk8u11/648/hotspot/src/share/vm/prims/jvm.cpp, line 1248]
Event: 2,753 Thread 0xb6507c00 Exception <a 'java/security/PrivilegedActionException'> (0x92276f60) thrown at [/HUDSON/workspace/8-2-build-linux-i586/jdk8u11/648/hotspot/src/share/vm/prims/jvm.cpp, line 1248]
Event: 2,753 Thread 0xb6507c00 Exception <a 'java/security/PrivilegedActionException'> (0x9227a808) thrown at [/HUDSON/workspace/8-2-build-linux-i586/jdk8u11/648/hotspot/src/share/vm/prims/jvm.cpp, line 1248]
Event: 2,755 Thread 0xb6507c00 Exception <a 'java/security/PrivilegedActionException'> (0x9227f878) thrown at [/HUDSON/workspace/8-2-build-linux-i586/jdk8u11/648/hotspot/src/share/vm/prims/jvm.cpp, line 1248]
Event: 2,756 Thread 0xb6507c00 Exception <a 'java/security/PrivilegedActionException'> (0x92282600) thrown at [/HUDSON/workspace/8-2-build-linux-i586/jdk8u11/648/hotspot/src/share/vm/prims/jvm.cpp, line 1248]
Event: 2,756 Thread 0xb6507c00 Exception <a 'java/security/PrivilegedActionException'> (0x92285520) thrown at [/HUDSON/workspace/8-2-build-linux-i586/jdk8u11/648/hotspot/src/share/vm/prims/jvm.cpp, line 1248]
Event: 2,756 Thread 0xb6507c00 Exception <a 'java/security/PrivilegedActionException'> (0x92288888) thrown at [/HUDSON/workspace/8-2-build-linux-i586/jdk8u11/648/hotspot/src/share/vm/prims/jvm.cpp, line 1248]
Event: 2,759 Thread 0xb6507c00 Exception <a 'java/security/PrivilegedActionException'> (0x9228e998) thrown at [/HUDSON/workspace/8-2-build-linux-i586/jdk8u11/648/hotspot/src/share/vm/prims/jvm.cpp, line 1248]
Event: 2,760 Thread 0xb6507c00 Exception <a 'java/security/PrivilegedActionException'> (0x92290a48) thrown at [/HUDSON/workspace/8-2-build-linux-i586/jdk8u11/648/hotspot/src/share/vm/prims/jvm.cpp, line 1248]
Event: 4,185 Thread 0xb6507c00 Exception <a 'java/security/PrivilegedActionException'> (0x92b0aa58) thrown at [/HUDSON/workspace/8-2-build-linux-i586/jdk8u11/648/hotspot/src/share/vm/prims/jvm.cpp, line 1248]

Events (10 events):
Event: 4,007 loading class com/android/dex/Dex$1 done
Event: 5,097 Executing VM operation: EnableBiasedLocking
Event: 5,725 Executing VM operation: EnableBiasedLocking done
Event: 5,729 Thread 0xb6507c00 DEOPT PACKING pc=0xa77cf423 sp=0xb6719b70
Event: 5,729 Thread 0xb6507c00 DEOPT UNPACKING pc=0xa753c5c1 sp=0xb67199f0 mode 0
Event: 5,732 Thread 0xb6507c00 DEOPT PACKING pc=0xa77cf423 sp=0xb6719b70
Event: 5,732 Thread 0xb6507c00 DEOPT UNPACKING pc=0xa753c5c1 sp=0xb67199f0 mode 0
Event: 5,736 Thread 0xb6507c00 DEOPT PACKING pc=0xa77b4571 sp=0xb6719b40
Event: 5,736 Thread 0xb6507c00 DEOPT UNPACKING pc=0xa753c5c1 sp=0xb67199e0 mode 0
Event: 18,243 Executing VM operation: ParallelGCFailedAllocation


Dynamic libraries:
08048000-08049000 r-xp 00000000 08:06 2622862    /usr/lib/jvm/java-8-oracle/bin/java
08049000-0804a000 rw-p 00000000 08:06 2622862    /usr/lib/jvm/java-8-oracle/bin/java
08f1c000-08f6b000 rw-p 00000000 00:00 0          [heap]
62300000-623fd000 rw-p 00000000 00:00 0 
623fd000-62400000 ---p 00000000 00:00 0 
62500000-625fb000 rw-p 00000000 00:00 0 
625fb000-62600000 ---p 00000000 00:00 0 
62600000-62700000 rw-p 00000000 00:00 0 
62800000-628f8000 rw-p 00000000 00:00 0 
628f8000-62900000 ---p 00000000 00:00 0 
62a00000-62af7000 rw-p 00000000 00:00 0 
62af7000-62b00000 ---p 00000000 00:00 0 
62b00000-62b20000 rw-p 00000000 00:00 0 
62b20000-62c00000 ---p 00000000 00:00 0 
62c00000-62cff000 rw-p 00000000 00:00 0 
62cff000-62d00000 ---p 00000000 00:00 0 
62d00000-62df9000 rw-p 00000000 00:00 0 
62df9000-62e00000 ---p 00000000 00:00 0 
62e00000-62eaf000 rw-p 00000000 00:00 0 
62eaf000-62f00000 ---p 00000000 00:00 0 
62f6b000-62f6e000 ---p 00000000 00:00 0 
62f6e000-62fbc000 rw-p 00000000 00:00 0 
62fbc000-62fbf000 ---p 00000000 00:00 0 
62fbf000-6300d000 rw-p 00000000 00:00 0 
6300d000-63010000 ---p 00000000 00:00 0 
63010000-6305e000 rw-p 00000000 00:00 0 
6305e000-63061000 ---p 00000000 00:00 0 
63061000-630af000 rw-p 00000000 00:00 0 
630af000-630b2000 ---p 00000000 00:00 0 
630b2000-63100000 rw-p 00000000 00:00 0 
63100000-63181000 rw-p 00000000 00:00 0 
63181000-63200000 ---p 00000000 00:00 0 
63240000-63241000 ---p 00000000 00:00 0 
63241000-632c1000 rw-p 00000000 00:00 0          [stack:3139]
632c1000-632c4000 ---p 00000000 00:00 0 
632c4000-63312000 rw-p 00000000 00:00 0          [stack:3138]
63312000-63315000 ---p 00000000 00:00 0 
63315000-63393000 rw-p 00000000 00:00 0          [stack:3137]
63393000-63396000 ---p 00000000 00:00 0 
63396000-63414000 rw-p 00000000 00:00 0          [stack:3136]
63414000-63417000 ---p 00000000 00:00 0 
63417000-63495000 rw-p 00000000 00:00 0          [stack:3135]
63495000-63600000 r--p 0098a000 08:06 2501681    /usr/lib/locale/locale-archive
63600000-63800000 r--p 00000000 08:06 2501681    /usr/lib/locale/locale-archive
63800000-63821000 rw-p 00000000 00:00 0 
63821000-63900000 ---p 00000000 00:00 0 
63900000-63a00000 rw-p 00000000 00:00 0 
63a0d000-63a10000 ---p 00000000 00:00 0 
63a10000-63a5e000 rw-p 00000000 00:00 0          [stack:3134]
63a5e000-63a61000 ---p 00000000 00:00 0 
63a61000-63aaf000 rw-p 00000000 00:00 0          [stack:3133]
63aaf000-63ab2000 ---p 00000000 00:00 0 
63ab2000-63b00000 rw-p 00000000 00:00 0          [stack:3132]
63b00000-63c00000 rw-p 00000000 00:00 0 
63c10000-63c11000 ---p 00000000 00:00 0 
63c11000-63ce0000 rw-p 00000000 00:00 0          [stack:3131]
63ce0000-63eb4000 r--s 03c50000 08:06 2623033    /usr/lib/jvm/java-8-oracle/jre/lib/rt.jar
63eb4000-642fa000 rw-p 00000000 00:00 0 
642fa000-64300000 ---p 00000000 00:00 0 
64300000-66700000 rw-p 00000000 00:00 0 
66700000-667fa000 rw-p 00000000 00:00 0 
667fa000-66800000 ---p 00000000 00:00 0 
66824000-6687f000 rw-p 00000000 00:00 0 
6687f000-66880000 ---p 00000000 00:00 0 
66880000-66900000 rw-p 00000000 00:00 0          [stack:3130]
66900000-66921000 rw-p 00000000 00:00 0 
66921000-66a00000 ---p 00000000 00:00 0 
66a00000-66afe000 rw-p 00000000 00:00 0 
66afe000-66b00000 ---p 00000000 00:00 0 
66b00000-66b21000 rw-p 00000000 00:00 0 
66b21000-66c00000 ---p 00000000 00:00 0 
66c28000-66c29000 ---p 00000000 00:00 0 
66c29000-66cbf000 rw-p 00000000 00:00 0          [stack:3129]
66cbf000-66dff000 ---p 00000000 00:00 0 
66dff000-66e15000 rw-p 00000000 00:00 0 
66e15000-66f54000 ---p 00000000 00:00 0 
66f54000-66f68000 rw-p 00000000 00:00 0 
66f68000-66fff000 ---p 00000000 00:00 0 
66fff000-69ac0000 rw-p 00000000 00:00 0 
69ac0000-91ac0000 ---p 00000000 00:00 0 
91ac0000-94040000 rw-p 00000000 00:00 0 
95f3a000-960c0000 rw-p 00000000 00:00 0 
960c0000-a7000000 ---p 00000000 00:00 0 
a703e000-a703f000 ---p 00000000 00:00 0 
a703f000-a70bf000 rw-p 00000000 00:00 0          [stack:3128]
a70bf000-a70c0000 ---p 00000000 00:00 0 
a70c0000-a714e000 rw-p 00000000 00:00 0          [stack:3127]
a714e000-a7500000 ---p 00000000 00:00 0 
a7500000-a7880000 rwxp 00000000 00:00 0 
a7880000-b6500000 ---p 00000000 00:00 0 
b6500000-b65f9000 rw-p 00000000 00:00 0 
b65f9000-b6600000 ---p 00000000 00:00 0 
b661a000-b6632000 rw-p 00000000 00:00 0 
b6632000-b664b000 r-xp 00000000 08:06 2623222    /usr/lib/jvm/java-8-oracle/jre/lib/i386/libzip.so
b664b000-b664c000 rw-p 00018000 08:06 2623222    /usr/lib/jvm/java-8-oracle/jre/lib/i386/libzip.so
b664c000-b6657000 r-xp 00000000 08:06 132298     /lib/i386-linux-gnu/libnss_files-2.19.so
b6657000-b6658000 r--p 0000a000 08:06 132298     /lib/i386-linux-gnu/libnss_files-2.19.so
b6658000-b6659000 rw-p 0000b000 08:06 132298     /lib/i386-linux-gnu/libnss_files-2.19.so
b6659000-b6663000 r-xp 00000000 08:06 132308     /lib/i386-linux-gnu/libnss_nis-2.19.so
b6663000-b6664000 r--p 00009000 08:06 132308     /lib/i386-linux-gnu/libnss_nis-2.19.so
b6664000-b6665000 rw-p 0000a000 08:06 132308     /lib/i386-linux-gnu/libnss_nis-2.19.so
b6665000-b667a000 r-xp 00000000 08:06 132292     /lib/i386-linux-gnu/libnsl-2.19.so
b667a000-b667b000 r--p 00015000 08:06 132292     /lib/i386-linux-gnu/libnsl-2.19.so
b667b000-b667c000 rw-p 00016000 08:06 132292     /lib/i386-linux-gnu/libnsl-2.19.so
b667c000-b667e000 rw-p 00000000 00:00 0 
b6684000-b6685000 rw-p 00000000 00:00 0 
b6685000-b6694000 r--s 000df000 08:06 2377285    /home/victor/Android/Sdk/build-tools/23.0.1/lib/dx.jar
b6694000-b669c000 rw-s 00000000 08:06 1184918    /tmp/hsperfdata_victor/3121
b669c000-b66c0000 r-xp 00000000 08:06 2623187    /usr/lib/jvm/java-8-oracle/jre/lib/i386/libjava.so
b66c0000-b66c1000 rw-p 00023000 08:06 2623187    /usr/lib/jvm/java-8-oracle/jre/lib/i386/libjava.so
b66c1000-b66c8000 r-xp 00000000 08:06 132351     /lib/i386-linux-gnu/librt-2.19.so
b66c8000-b66c9000 r--p 00006000 08:06 132351     /lib/i386-linux-gnu/librt-2.19.so
b66c9000-b66ca000 rw-p 00007000 08:06 132351     /lib/i386-linux-gnu/librt-2.19.so
b66ca000-b66cd000 ---p 00000000 00:00 0 
b66cd000-b671b000 rw-p 00000000 00:00 0          [stack:3126]
b671b000-b675f000 r-xp 00000000 08:06 132273     /lib/i386-linux-gnu/libm-2.19.so
b675f000-b6760000 r--p 00043000 08:06 132273     /lib/i386-linux-gnu/libm-2.19.so
b6760000-b6761000 rw-p 00044000 08:06 132273     /lib/i386-linux-gnu/libm-2.19.so
b6761000-b7069000 r-xp 00000000 08:06 2623229    /usr/lib/jvm/java-8-oracle/jre/lib/i386/server/libjvm.so
b7069000-b70d1000 rw-p 00908000 08:06 2623229    /usr/lib/jvm/java-8-oracle/jre/lib/i386/server/libjvm.so
b70d1000-b74f5000 rw-p 00000000 00:00 0 
b74f5000-b769e000 r-xp 00000000 08:06 132223     /lib/i386-linux-gnu/libc-2.19.so
b769e000-b76a0000 r--p 001a9000 08:06 132223     /lib/i386-linux-gnu/libc-2.19.so
b76a0000-b76a1000 rw-p 001ab000 08:06 132223     /lib/i386-linux-gnu/libc-2.19.so
b76a1000-b76a4000 rw-p 00000000 00:00 0 
b76a4000-b76a7000 r-xp 00000000 08:06 132240     /lib/i386-linux-gnu/libdl-2.19.so
b76a7000-b76a8000 r--p 00002000 08:06 132240     /lib/i386-linux-gnu/libdl-2.19.so
b76a8000-b76a9000 rw-p 00003000 08:06 132240     /lib/i386-linux-gnu/libdl-2.19.so
b76a9000-b76bd000 r-xp 00000000 08:06 2623324    /usr/lib/jvm/java-8-oracle/lib/i386/jli/libjli.so
b76bd000-b76be000 rw-p 00013000 08:06 2623324    /usr/lib/jvm/java-8-oracle/lib/i386/jli/libjli.so
b76be000-b76bf000 rw-p 00000000 00:00 0 
b76bf000-b76d7000 r-xp 00000000 08:06 132343     /lib/i386-linux-gnu/libpthread-2.19.so
b76d7000-b76d8000 r--p 00017000 08:06 132343     /lib/i386-linux-gnu/libpthread-2.19.so
b76d8000-b76d9000 rw-p 00018000 08:06 132343     /lib/i386-linux-gnu/libpthread-2.19.so
b76d9000-b76dc000 rw-p 00000000 00:00 0 
b76dc000-b76e1000 r--s 00092000 08:06 2623023    /usr/lib/jvm/java-8-oracle/jre/lib/jsse.jar
b76e1000-b76e2000 r--p 00855000 08:06 2501681    /usr/lib/locale/locale-archive
b76e2000-b76e9000 r-xp 00000000 08:06 132294     /lib/i386-linux-gnu/libnss_compat-2.19.so
b76e9000-b76ea000 r--p 00006000 08:06 132294     /lib/i386-linux-gnu/libnss_compat-2.19.so
b76ea000-b76eb000 rw-p 00007000 08:06 132294     /lib/i386-linux-gnu/libnss_compat-2.19.so
b76eb000-b76ec000 rw-p 00000000 00:00 0 
b76ec000-b76ed000 ---p 00000000 00:00 0 
b76ed000-b76f8000 r-xp 00000000 08:06 2623221    /usr/lib/jvm/java-8-oracle/jre/lib/i386/libverify.so
b76f8000-b76f9000 rw-p 0000b000 08:06 2623221    /usr/lib/jvm/java-8-oracle/jre/lib/i386/libverify.so
b76f9000-b76fb000 rw-p 00000000 00:00 0 
b76fb000-b76fc000 r-xp 00000000 00:00 0          [vdso]
b76fc000-b771c000 r-xp 00000000 08:06 132197     /lib/i386-linux-gnu/ld-2.19.so
b771c000-b771d000 r--p 0001f000 08:06 132197     /lib/i386-linux-gnu/ld-2.19.so
b771d000-b771e000 rw-p 00020000 08:06 132197     /lib/i386-linux-gnu/ld-2.19.so
bfc30000-bfc31000 rwxp 00000000 00:00 0 
bfc63000-bfc84000 rw-p 00000000 00:00 0          [stack]

VM Arguments:
jvm_args: -Xmx1024M -Dfile.encoding=UTF-8 -Duser.country=US -Duser.language=en -Duser.variant 
java_command: com.android.dx.command.Main --dex --num-threads=4 --output /home/victor/AndroidStudioProjects/PddProject/app/build/intermediates/dex/debug /home/victor/AndroidStudioProjects/PddProject/app/build/intermediates/classes/debug /home/victor/AndroidStudioProjects/PddProject/app/build/intermediates/pre-dexed/debug/support-annotations-23.0.1-01eaad602a66f1e30b6cedc41a38aca8dc896212.jar /home/victor/AndroidStudioProjects/PddProject/app/build/intermediates/pre-dexed/debug/internal_impl-23.0.1-1af96dadbf1506b826fb1a4e2344df595e8f45a6.jar /home/victor/AndroidStudioProjects/PddProject/app/build/intermediates/pre-dexed/debug/classes-c747aa8f1d0bb28e65f429ece307f419d188f7fa.jar /home/victor/AndroidStudioProjects/PddProject/app/build/intermediates/pre-dexed/debug/classes-215689ade9ff4582c987b4673e727fbfcae68e89.jar
java_class_path (initial): /home/victor/Android/Sdk/build-tools/23.0.1/lib/dx.jar
Launcher Type: SUN_STANDARD

Environment Variables:
JAVA_HOME=/usr/lib/jvm/java-8-oracle
PATH=/usr/local/sbin:/usr/local/bin:/usr/sbin:/usr/bin:/sbin:/bin:/usr/games:/usr/local/games:/usr/lib/jvm/java-8-oracle/bin:/usr/lib/jvm/java-8-oracle/db/bin:/usr/lib/jvm/java-8-oracle/jre/bin
LD_LIBRARY_PATH=/home/victor/android-studio/bin:
SHELL=/bin/bash
DISPLAY=:0

Signal Handlers:
SIGSEGV: [libjvm.so+0x863250], sa_mask[0]=0x7ffbfeff, sa_flags=0x10000004
SIGBUS: [libjvm.so+0x863250], sa_mask[0]=0x7ffbfeff, sa_flags=0x10000004
SIGFPE: [libjvm.so+0x6ef2b0], sa_mask[0]=0x7ffbfeff, sa_flags=0x10000004
SIGPIPE: [libjvm.so+0x6ef2b0], sa_mask[0]=0x7ffbfeff, sa_flags=0x10000004
SIGXFSZ: [libjvm.so+0x6ef2b0], sa_mask[0]=0x7ffbfeff, sa_flags=0x10000004
SIGILL: [libjvm.so+0x6ef2b0], sa_mask[0]=0x7ffbfeff, sa_flags=0x10000004
SIGUSR1: SIG_DFL, sa_mask[0]=0x00000000, sa_flags=0x00000000
SIGUSR2: [libjvm.so+0x6f09c0], sa_mask[0]=0x00000004, sa_flags=0x10000004
SIGHUP: [libjvm.so+0x6f1dd0], sa_mask[0]=0x7ffbfeff, sa_flags=0x10000004
SIGINT: [libjvm.so+0x6f1dd0], sa_mask[0]=0x7ffbfeff, sa_flags=0x10000004
SIGTERM: [libjvm.so+0x6f1dd0], sa_mask[0]=0x7ffbfeff, sa_flags=0x10000004
SIGQUIT: [libjvm.so+0x6f1dd0], sa_mask[0]=0x7ffbfeff, sa_flags=0x10000004


---------------  S Y S T E M  ---------------

OS:DISTRIB_ID=Ubuntu
DISTRIB_RELEASE=14.04
DISTRIB_CODENAME=trusty
DISTRIB_DESCRIPTION="Ubuntu 14.04 LTS"

uname:Linux 3.13.0-32-generic #57-Ubuntu SMP Tue Jul 15 03:51:12 UTC 2014 i686
libc:glibc 2.19 NPTL 2.19 
rlimit: STACK 8192k, CORE 0k, NPROC 31607, NOFILE 4096, AS infinity
load average:11,81 4,00 2,38

/proc/meminfo:
MemTotal:        4072740 kB
MemFree:          204152 kB
Buffers:             624 kB
Cached:           476640 kB
SwapCached:         6164 kB
Active:          2708908 kB
Inactive:        1045540 kB
Active(anon):    2705728 kB
Inactive(anon):  1008220 kB
Active(file):       3180 kB
Inactive(file):    37320 kB
Unevictable:         896 kB
Mlocked:             896 kB
HighTotal:       3225864 kB
HighFree:          48964 kB
LowTotal:         846876 kB
LowFree:          155188 kB
SwapTotal:        488444 kB
SwapFree:              0 kB
Dirty:                68 kB
Writeback:             0 kB
AnonPages:       3272764 kB
Mapped:           221848 kB
Shmem:            436760 kB
Slab:              49700 kB
SReclaimable:      20908 kB
SUnreclaim:        28792 kB
KernelStack:        6040 kB
PageTables:        28288 kB
NFS_Unstable:          0 kB
Bounce:              292 kB
WritebackTmp:          0 kB
CommitLimit:     2524812 kB
Committed_AS:    8884268 kB
VmallocTotal:     122880 kB
VmallocUsed:       18008 kB
VmallocChunk:      98996 kB
HardwareCorrupted:     0 kB
AnonHugePages:   1585152 kB
HugePages_Total:       0
HugePages_Free:        0
HugePages_Rsvd:        0
HugePages_Surp:        0
Hugepagesize:       2048 kB
DirectMap4k:       38904 kB
DirectMap2M:      872448 kB


CPU:total 4 (2 cores per cpu, 2 threads per core) family 6 model 42 stepping 7, cmov, cx8, fxsr, mmx, sse, sse2, sse3, ssse3, sse4.1, sse4.2, popcnt, avx, clmul, ht, tsc, tscinvbit

/proc/cpuinfo:
processor	: 0
vendor_id	: GenuineIntel
cpu family	: 6
model		: 42
model name	: Intel(R) Core(TM) i3-2350M CPU @ 2.30GHz
stepping	: 7
microcode	: 0x25
cpu MHz		: 2300.000
cache size	: 3072 KB
physical id	: 0
siblings	: 4
core id		: 0
cpu cores	: 2
apicid		: 0
initial apicid	: 0
fdiv_bug	: no
f00f_bug	: no
coma_bug	: no
fpu		: yes
fpu_exception	: yes
cpuid level	: 13
wp		: yes
flags		: fpu vme de pse tsc msr pae mce cx8 apic sep mtrr pge mca cmov pat pse36 clflush dts acpi mmx fxsr sse sse2 ss ht tm pbe nx rdtscp lm constant_tsc arch_perfmon pebs bts xtopology nonstop_tsc aperfmperf eagerfpu pni pclmulqdq dtes64 monitor ds_cpl vmx est tm2 ssse3 cx16 xtpr pdcm pcid sse4_1 sse4_2 x2apic popcnt tsc_deadline_timer xsave avx lahf_lm arat epb xsaveopt pln pts dtherm tpr_shadow vnmi flexpriority ept vpid
bogomips	: 4589.14
clflush size	: 64
cache_alignment	: 64
address sizes	: 36 bits physical, 48 bits virtual
power management:

processor	: 1
vendor_id	: GenuineIntel
cpu family	: 6
model		: 42
model name	: Intel(R) Core(TM) i3-2350M CPU @ 2.30GHz
stepping	: 7
microcode	: 0x25
cpu MHz		: 800.000
cache size	: 3072 KB
physical id	: 0
siblings	: 4
core id		: 0
cpu cores	: 2
apicid		: 1
initial apicid	: 1
fdiv_bug	: no
f00f_bug	: no
coma_bug	: no
fpu		: yes
fpu_exception	: yes
cpuid level	: 13
wp		: yes
flags		: fpu vme de pse tsc msr pae mce cx8 apic sep mtrr pge mca cmov pat pse36 clflush dts acpi mmx fxsr sse sse2 ss ht tm pbe nx rdtscp lm constant_tsc arch_perfmon pebs bts xtopology nonstop_tsc aperfmperf eagerfpu pni pclmulqdq dtes64 monitor ds_cpl vmx est tm2 ssse3 cx16 xtpr pdcm pcid sse4_1 sse4_2 x2apic popcnt tsc_deadline_timer xsave avx lahf_lm arat epb xsaveopt pln pts dtherm tpr_shadow vnmi flexpriority ept vpid
bogomips	: 4589.14
clflush size	: 64
cache_alignment	: 64
address sizes	: 36 bits physical, 48 bits virtual
power management:

processor	: 2
vendor_id	: GenuineIntel
cpu family	: 6
model		: 42
model name	: Intel(R) Core(TM) i3-2350M CPU @ 2.30GHz
stepping	: 7
microcode	: 0x25
cpu MHz		: 2300.000
cache size	: 3072 KB
physical id	: 0
siblings	: 4
core id		: 1
cpu cores	: 2
apicid		: 2
initial apicid	: 2
fdiv_bug	: no
f00f_bug	: no
coma_bug	: no
fpu		: yes
fpu_exception	: yes
cpuid level	: 13
wp		: yes
flags		: fpu vme de pse tsc msr pae mce cx8 apic sep mtrr pge mca cmov pat pse36 clflush dts acpi mmx fxsr sse sse2 ss ht tm pbe nx rdtscp lm constant_tsc arch_perfmon pebs bts xtopology nonstop_tsc aperfmperf eagerfpu pni pclmulqdq dtes64 monitor ds_cpl vmx est tm2 ssse3 cx16 xtpr pdcm pcid sse4_1 sse4_2 x2apic popcnt tsc_deadline_timer xsave avx lahf_lm arat epb xsaveopt pln pts dtherm tpr_shadow vnmi flexpriority ept vpid
bogomips	: 4589.14
clflush size	: 64
cache_alignment	: 64
address sizes	: 36 bits physical, 48 bits virtual
power management:

processor	: 3
vendor_id	: GenuineIntel
cpu family	: 6
model		: 42
model name	: Intel(R) Core(TM) i3-2350M CPU @ 2.30GHz
stepping	: 7
microcode	: 0x25
cpu MHz		: 2300.000
cache size	: 3072 KB
physical id	: 0
siblings	: 4
core id		: 1
cpu cores	: 2
apicid		: 3
initial apicid	: 3
fdiv_bug	: no
f00f_bug	: no
coma_bug	: no
fpu		: yes
fpu_exception	: yes
cpuid level	: 13
wp		: yes
flags		: fpu vme de pse tsc msr pae mce cx8 apic sep mtrr pge mca cmov pat pse36 clflush dts acpi mmx fxsr sse sse2 ss ht tm pbe nx rdtscp lm constant_tsc arch_perfmon pebs bts xtopology nonstop_tsc aperfmperf eagerfpu pni pclmulqdq dtes64 monitor ds_cpl vmx est tm2 ssse3 cx16 xtpr pdcm pcid sse4_1 sse4_2 x2apic popcnt tsc_deadline_timer xsave avx lahf_lm arat epb xsaveopt pln pts dtherm tpr_shadow vnmi flexpriority ept vpid
bogomips	: 4589.14
clflush size	: 64
cache_alignment	: 64
address sizes	: 36 bits physical, 48 bits virtual
power management:



Memory: 4k page, physical 4072740k(204152k free), swap 488444k(0k free)

vm_info: Java HotSpot(TM) Server VM (25.11-b03) for linux-x86 JRE (1.8.0_11-b12), built on Jun 16 2014 17:46:35 by "java_re" with gcc 4.3.0 20080428 (Red Hat 4.3.0-8)

time: Wed Sep 23 00:55:04 2015
elapsed time: 33 seconds

