#
# There is insufficient memory for the Java Runtime Environment to continue.
# Native memory allocation (mmap) failed to map 88604672 bytes for committing reserved memory.
# Possible reasons:
#   The system is out of physical RAM or swap space
#   In 32 bit mode, the process size limit was hit
# Possible solutions:
#   Reduce memory load on the system
#   Increase physical memory or swap space
#   Check if swap backing store is full
#   Use 64 bit Java on a 64 bit OS
#   Decrease Java heap size (-Xmx/-Xms)
#   Decrease number of Java threads
#   Decrease Java thread stack sizes (-Xss)
#   Set larger code cache with -XX:ReservedCodeCacheSize=
# This output file may be truncated or incomplete.
#
#  Out of Memory Error (os_linux.cpp:2716), pid=6797, tid=1674443584
#
# JRE version: Java(TM) SE Runtime Environment (8.0_11-b12) (build 1.8.0_11-b12)
# Java VM: Java HotSpot(TM) Server VM (25.11-b03 mixed mode linux-x86 )
# Failed to write core dump. Core dumps have been disabled. To enable core dumping, try "ulimit -c unlimited" before starting Java again
#

---------------  T H R E A D  ---------------

Current thread (0x63b81000):  VMThread [stack: 0x63c5f000,0x63ce0000] [id=6852]

Stack: [0x63c5f000,0x63ce0000],  sp=0x63cde990,  free space=510k
Native frames: (J=compiled Java code, j=interpreted, Vv=VM code, C=native code)
V  [libjvm.so+0x862769]  VMError::report_and_die()+0x179
V  [libjvm.so+0x35aa65]  report_vm_out_of_memory(char const*, int, unsigned int, VMErrorType, char const*)+0x55
V  [libjvm.so+0x6f2386]  os::Linux::commit_memory_impl(char*, unsigned int, bool)+0xe6
V  [libjvm.so+0x6f2858]  os::pd_commit_memory(char*, unsigned int, unsigned int, bool)+0x28
V  [libjvm.so+0x6ec0dc]  os::commit_memory(char*, unsigned int, unsigned int, bool)+0x2c
V  [libjvm.so+0x7548a8]  PSVirtualSpace::expand_by(unsigned int)+0x48
V  [libjvm.so+0x7559aa]  PSYoungGen::resize_generation(unsigned int, unsigned int)+0xda
V  [libjvm.so+0x754cd9]  PSYoungGen::resize(unsigned int, unsigned int)+0x19
V  [libjvm.so+0x752a1b]  PSScavenge::invoke_no_policy()+0x10ab
V  [libjvm.so+0x752e28]  PSScavenge::invoke()+0x28
V  [libjvm.so+0x7122fa]  ParallelScavengeHeap::failed_mem_allocate(unsigned int)+0x5a
V  [libjvm.so+0x863eca]  VM_ParallelGCFailedAllocation::doit()+0x7a
V  [libjvm.so+0x86d027]  VM_Operation::evaluate()+0x47
V  [libjvm.so+0x86b113]  VMThread::evaluate_operation(VM_Operation*)+0xb3
V  [libjvm.so+0x86b4b0]  VMThread::loop()+0x1b0
V  [libjvm.so+0x86b915]  VMThread::run()+0x85
V  [libjvm.so+0x6f4249]  java_start(Thread*)+0x119
C  [libpthread.so.0+0x6f70]  start_thread+0xd0

VM_Operation (0x6305c614): ParallelGCFailedAllocation, mode: safepoint, requested by thread 0x6311e400


---------------  P R O C E S S  ---------------

Java Threads: ( => current thread )
  0x6311e400 JavaThread "pool-1-thread-4" [_thread_blocked, id=6894, stack(0x6300d000,0x6305e000)]
  0x6311cc00 JavaThread "pool-1-thread-3" [_thread_blocked, id=6888, stack(0x6305e000,0x630af000)]
  0x63107800 JavaThread "pool-1-thread-2" [_thread_blocked, id=6885, stack(0x630af000,0x63100000)]
  0x63105800 JavaThread "pool-2-thread-1" [_thread_blocked, id=6884, stack(0x6324d000,0x6329e000)]
  0x63104c00 JavaThread "pool-1-thread-1" [_thread_blocked, id=6883, stack(0x6329e000,0x632ef000)]
  0x63bad000 JavaThread "Service Thread" daemon [_thread_blocked, id=6873, stack(0x63370000,0x633c1000)]
  0x63baa000 JavaThread "C1 CompilerThread2" daemon [_thread_blocked, id=6872, stack(0x633c1000,0x63442000)]
  0x63ba8800 JavaThread "C2 CompilerThread1" daemon [_thread_blocked, id=6871, stack(0x63442000,0x634c3000)]
  0x63ba6800 JavaThread "C2 CompilerThread0" daemon [_thread_blocked, id=6870, stack(0x634c3000,0x63544000)]
  0x63ba5000 JavaThread "Signal Dispatcher" daemon [_thread_blocked, id=6869, stack(0x63544000,0x63595000)]
  0x63b86800 JavaThread "Finalizer" daemon [_thread_blocked, id=6856, stack(0x63c0e000,0x63c5f000)]
  0x63b84000 JavaThread "Reference Handler" daemon [_thread_blocked, id=6855, stack(0x6682e000,0x6687f000)]
  0xb6607800 JavaThread "main" [_thread_blocked, id=6819, stack(0xb678d000,0xb67de000)]

Other Threads:
=>0x63b81000 VMThread [stack: 0x63c5f000,0x63ce0000] [id=6852]
  0x63bbf400 WatcherThread [stack: 0x632ef000,0x63370000] [id=6874]

VM state:at safepoint (normal execution)

VM Mutex/Monitor currently owned by a thread:  ([mutex/lock_event])
[0xb6604f70] Threads_lock - owner thread: 0x63b81000
[0xb6605380] Heap_lock - owner thread: 0x6311e400

Heap:
 PSYoungGen      total 69120K, used 2554K [0x91cc0000, 0x962c0000, 0xa7200000)
  eden space 66560K, 0% used [0x91cc0000,0x91cc0000,0x95dc0000)
  from space 2560K, 99% used [0x95dc0000,0x9603e8c0,0x96040000)
  to   space 2560K, 0% used [0x96040000,0x96040000,0x962c0000)
 ParOldGen       total 43776K, used 24584K [0x67200000, 0x69cc0000, 0x91cc0000)
  object space 43776K, 56% used [0x67200000,0x68a02090,0x69cc0000)
 Metaspace       used 3684K, capacity 3718K, committed 3736K, reserved 4400K

Card table byte_map: [0x66fff000,0x67200000] byte_map_base: 0x66cc6000

Marking Bits: (ParMarkBitMap*) 0xb71a3d80
 Begin Bits: [0x64700000, 0x65700000)
 End Bits:   [0x65700000, 0x66700000)

Polling page: 0xb77af000

CodeCache: size=245760Kb used=3810Kb max_used=3810Kb free=241949Kb
 bounds [0xa75e6000, 0xa79a6000, 0xb65e6000]
 total_blobs=1397 nmethods=1237 adapters=74
 compilation: enabled

Compilation events (10 events):
Event: 6,684 Thread 0x63baa000 nmethod 1566 0xa796b948 code [0xa796ba40, 0xa796bae0]
Event: 6,684 Thread 0x63baa000 1570       1       com.android.dx.rop.cst.CstString::getType (4 bytes)
Event: 6,684 Thread 0x63baa000 nmethod 1570 0xa795ad48 code [0xa795ae40, 0xa795aee0]
Event: 6,684 Thread 0x63baa000 1522       2       com.android.dx.cf.code.BytecodeArray::processWorkSet (50 bytes)
Event: 6,685 Thread 0x63baa000 nmethod 1522 0xa7960588 code [0xa79606e0, 0xa7960910]
Event: 6,685 Thread 0x63baa000 1521       2       com.android.dx.ssa.back.FirstFitLocalCombiningAllocator::handleNormalUnassociated (99 bytes)
Event: 6,702 Thread 0x63baa000 nmethod 1521 0xa798f548 code [0xa798f720, 0xa798fb48]
Event: 6,702 Thread 0x63baa000 1574       3       com.android.dx.cf.code.RopperMachine::getSources (264 bytes)
Event: 6,717 Thread 0x63baa000 nmethod 1574 0xa799a648 code [0xa799ac80, 0xa799e1a8]
Event: 6,717 Thread 0x63baa000 1578       3       com.android.dx.cf.code.BaseMachine::popArgs (62 bytes)

GC Heap History (9 events):
Event: 1,876 GC heap before
{Heap before GC invocations=1 (full 0):
 PSYoungGen      total 19200K, used 16640K [0x91cc0000, 0x93200000, 0xa7200000)
  eden space 16640K, 100% used [0x91cc0000,0x92d00000,0x92d00000)
  from space 2560K, 0% used [0x92f80000,0x92f80000,0x93200000)
  to   space 2560K, 0% used [0x92d00000,0x92d00000,0x92f80000)
 ParOldGen       total 43776K, used 0K [0x67200000, 0x69cc0000, 0x91cc0000)
  object space 43776K, 0% used [0x67200000,0x67200000,0x69cc0000)
 Metaspace       used 3517K, capacity 3582K, committed 3608K, reserved 4400K
Event: 2,028 GC heap after
Heap after GC invocations=1 (full 0):
 PSYoungGen      total 19200K, used 2548K [0x91cc0000, 0x94240000, 0xa7200000)
  eden space 16640K, 0% used [0x91cc0000,0x91cc0000,0x92d00000)
  from space 2560K, 99% used [0x92d00000,0x92f7d300,0x92f80000)
  to   space 2560K, 0% used [0x93fc0000,0x93fc0000,0x94240000)
 ParOldGen       total 43776K, used 2047K [0x67200000, 0x69cc0000, 0x91cc0000)
  object space 43776K, 4% used [0x67200000,0x673fffe8,0x69cc0000)
 Metaspace       used 3517K, capacity 3582K, committed 3608K, reserved 4400K
}
Event: 3,061 GC heap before
{Heap before GC invocations=2 (full 0):
 PSYoungGen      total 19200K, used 19188K [0x91cc0000, 0x94240000, 0xa7200000)
  eden space 16640K, 100% used [0x91cc0000,0x92d00000,0x92d00000)
  from space 2560K, 99% used [0x92d00000,0x92f7d300,0x92f80000)
  to   space 2560K, 0% used [0x93fc0000,0x93fc0000,0x94240000)
 ParOldGen       total 43776K, used 2047K [0x67200000, 0x69cc0000, 0x91cc0000)
  object space 43776K, 4% used [0x67200000,0x673fffe8,0x69cc0000)
 Metaspace       used 3553K, capacity 3614K, committed 3736K, reserved 4400K
Event: 3,098 GC heap after
Heap after GC invocations=2 (full 0):
 PSYoungGen      total 35840K, used 2558K [0x91cc0000, 0x94240000, 0xa7200000)
  eden space 33280K, 0% used [0x91cc0000,0x91cc0000,0x93d40000)
  from space 2560K, 99% used [0x93fc0000,0x9423f968,0x94240000)
  to   space 2560K, 0% used [0x93d40000,0x93d40000,0x93fc0000)
 ParOldGen       total 43776K, used 4611K [0x67200000, 0x69cc0000, 0x91cc0000)
  object space 43776K, 10% used [0x67200000,0x67680fb8,0x69cc0000)
 Metaspace       used 3553K, capacity 3614K, committed 3736K, reserved 4400K
}
Event: 4,638 GC heap before
{Heap before GC invocations=3 (full 0):
 PSYoungGen      total 35840K, used 35838K [0x91cc0000, 0x94240000, 0xa7200000)
  eden space 33280K, 100% used [0x91cc0000,0x93d40000,0x93d40000)
  from space 2560K, 99% used [0x93fc0000,0x9423f968,0x94240000)
  to   space 2560K, 0% used [0x93d40000,0x93d40000,0x93fc0000)
 ParOldGen       total 43776K, used 4611K [0x67200000, 0x69cc0000, 0x91cc0000)
  object space 43776K, 10% used [0x67200000,0x67680fb8,0x69cc0000)
 Metaspace       used 3642K, capacity 3652K, committed 3736K, reserved 4400K
Event: 4,725 GC heap after
Heap after GC invocations=3 (full 0):
 PSYoungGen      total 35840K, used 2555K [0x91cc0000, 0x962c0000, 0xa7200000)
  eden space 33280K, 0% used [0x91cc0000,0x91cc0000,0x93d40000)
  from space 2560K, 99% used [0x93d40000,0x93fbefe8,0x93fc0000)
  to   space 2560K, 0% used [0x96040000,0x96040000,0x962c0000)
 ParOldGen       total 43776K, used 9740K [0x67200000, 0x69cc0000, 0x91cc0000)
  object space 43776K, 22% used [0x67200000,0x67b83388,0x69cc0000)
 Metaspace       used 3642K, capacity 3652K, committed 3736K, reserved 4400K
}
Event: 5,504 GC heap before
{Heap before GC invocations=4 (full 0):
 PSYoungGen      total 35840K, used 35835K [0x91cc0000, 0x962c0000, 0xa7200000)
  eden space 33280K, 100% used [0x91cc0000,0x93d40000,0x93d40000)
  from space 2560K, 99% used [0x93d40000,0x93fbefe8,0x93fc0000)
  to   space 2560K, 0% used [0x96040000,0x96040000,0x962c0000)
 ParOldGen       total 43776K, used 9740K [0x67200000, 0x69cc0000, 0x91cc0000)
  object space 43776K, 22% used [0x67200000,0x67b83388,0x69cc0000)
 Metaspace       used 3655K, capacity 3684K, committed 3736K, reserved 4400K
Event: 5,575 GC heap after
Heap after GC invocations=4 (full 0):
 PSYoungGen      total 69120K, used 2553K [0x91cc0000, 0x962c0000, 0xa7200000)
  eden space 66560K, 0% used [0x91cc0000,0x91cc0000,0x95dc0000)
  from space 2560K, 99% used [0x96040000,0x962be408,0x962c0000)
  to   space 2560K, 0% used [0x95dc0000,0x95dc0000,0x96040000)
 ParOldGen       total 43776K, used 14706K [0x67200000, 0x69cc0000, 0x91cc0000)
  object space 43776K, 33% used [0x67200000,0x6805cbc8,0x69cc0000)
 Metaspace       used 3655K, capacity 3684K, committed 3736K, reserved 4400K
}
Event: 6,736 GC heap before
{Heap before GC invocations=5 (full 0):
 PSYoungGen      total 69120K, used 69113K [0x91cc0000, 0x962c0000, 0xa7200000)
  eden space 66560K, 100% used [0x91cc0000,0x95dc0000,0x95dc0000)
  from space 2560K, 99% used [0x96040000,0x962be408,0x962c0000)
  to   space 2560K, 0% used [0x95dc0000,0x95dc0000,0x96040000)
 ParOldGen       total 43776K, used 14706K [0x67200000, 0x69cc0000, 0x91cc0000)
  object space 43776K, 33% used [0x67200000,0x6805cbc8,0x69cc0000)
 Metaspace       used 3684K, capacity 3718K, committed 3736K, reserved 4400K

Deoptimization events (10 events):
Event: 1,635 Thread 0x63107800 Uncommon trap: reason=class_check action=maybe_recompile pc=0xa774558c method=com.android.dx.ssa.NormalSsaInsn.accept(Lcom/android/dx/ssa/SsaInsn$Visitor;)V @ 9
Event: 2,054 Thread 0x63107800 Uncommon trap: reason=unreached action=reinterpret pc=0xa7760a14 method=com.android.dx.rop.cst.Constant.compareTo(Lcom/android/dx/rop/cst/Constant;)I @ 12
Event: 2,086 Thread 0xb6607800 Uncommon trap: reason=null_check action=make_not_entrant pc=0xa77862d0 method=com.android.dx.rop.type.Type.equals(Ljava/lang/Object;)Z @ 8
Event: 2,116 Thread 0x6311e400 Uncommon trap: reason=class_check action=maybe_recompile pc=0xa775fd10 method=com.android.dx.ssa.NormalSsaInsn.accept(Lcom/android/dx/ssa/SsaInsn$Visitor;)V @ 9
Event: 2,992 Thread 0xb6607800 Uncommon trap: reason=bimorphic action=maybe_recompile pc=0xa77427b0 method=java.util.HashMap.getNode(ILjava/lang/Object;)Ljava/util/HashMap$Node; @ 126
Event: 2,992 Thread 0xb6607800 Uncommon trap: reason=bimorphic action=maybe_recompile pc=0xa77427b0 method=java.util.HashMap.getNode(ILjava/lang/Object;)Ljava/util/HashMap$Node; @ 126
Event: 3,023 Thread 0xb6607800 Uncommon trap: reason=bimorphic action=maybe_recompile pc=0xa77427b0 method=java.util.HashMap.getNode(ILjava/lang/Object;)Ljava/util/HashMap$Node; @ 126
Event: 4,378 Thread 0x63107800 Uncommon trap: reason=unreached action=reinterpret pc=0xa77cdb30 method=java.util.HashMap.getNode(ILjava/lang/Object;)Ljava/util/HashMap$Node; @ 84
Event: 4,379 Thread 0x63107800 Uncommon trap: reason=unreached action=reinterpret pc=0xa7742790 method=java.util.HashMap.getNode(ILjava/lang/Object;)Ljava/util/HashMap$Node; @ 84
Event: 4,461 Thread 0x63107800 Uncommon trap: reason=bimorphic action=maybe_recompile pc=0xa77367dc method=java.util.HashMap.getNode(ILjava/lang/Object;)Ljava/util/HashMap$Node; @ 126

Internal exceptions (10 events):
Event: 1,802 Thread 0x6311e400 Exception <a 'java/security/PrivilegedActionException'> (0x92ca72a0) thrown at [/HUDSON/workspace/8-2-build-linux-i586/jdk8u11/648/hotspot/src/share/vm/prims/jvm.cpp, line 1248]
Event: 2,086 Thread 0xb6607800 Implicit null exception at 0xa77861eb to 0xa77862c2
Event: 2,112 Thread 0x63104c00 Exception <a 'java/security/PrivilegedActionException'> (0x91e297f8) thrown at [/HUDSON/workspace/8-2-build-linux-i586/jdk8u11/648/hotspot/src/share/vm/prims/jvm.cpp, line 1248]
Event: 4,132 Thread 0xb6607800 Exception <a 'java/security/PrivilegedActionException'> (0x92e69cf0) thrown at [/HUDSON/workspace/8-2-build-linux-i586/jdk8u11/648/hotspot/src/share/vm/prims/jvm.cpp, line 1248]
Event: 4,156 Thread 0x6311cc00 Exception <a 'java/lang/ArrayIndexOutOfBoundsException': 18> (0x92f052b0) thrown at [/HUDSON/workspace/8-2-build-linux-i586/jdk8u11/648/hotspot/src/share/vm/interpreter/interpreterRuntime.cpp, line 337]
Event: 4,157 Thread 0x6311cc00 Exception <a 'java/lang/ArrayIndexOutOfBoundsException': 145> (0x93079de0) thrown at [/HUDSON/workspace/8-2-build-linux-i586/jdk8u11/648/hotspot/src/share/vm/interpreter/interpreterRuntime.cpp, line 337]
Event: 4,158 Thread 0x6311cc00 Exception <a 'java/lang/ArrayIndexOutOfBoundsException': 40> (0x9307ae00) thrown at [/HUDSON/workspace/8-2-build-linux-i586/jdk8u11/648/hotspot/src/share/vm/interpreter/interpreterRuntime.cpp, line 337]
Event: 4,179 Thread 0x63104c00 Exception <a 'java/security/PrivilegedActionException'> (0x93203748) thrown at [/HUDSON/workspace/8-2-build-linux-i586/jdk8u11/648/hotspot/src/share/vm/prims/jvm.cpp, line 1248]
Event: 4,842 Thread 0x63107800 Exception <a 'java/security/PrivilegedActionException'> (0x91f3d5d8) thrown at [/HUDSON/workspace/8-2-build-linux-i586/jdk8u11/648/hotspot/src/share/vm/prims/jvm.cpp, line 1248]
Event: 5,123 Thread 0xb6607800 Exception <a 'java/security/PrivilegedActionException'> (0x92bc8f50) thrown at [/HUDSON/workspace/8-2-build-linux-i586/jdk8u11/648/hotspot/src/share/vm/prims/jvm.cpp, line 1248]

Events (10 events):
Event: 6,558 Thread 0x63107800 DEOPT UNPACKING pc=0xa76225c1 sp=0x630fe7cc mode 0
Event: 6,559 Thread 0x63107800 DEOPT PACKING pc=0xa78c2bbc sp=0x630fe960
Event: 6,559 Thread 0x63107800 DEOPT UNPACKING pc=0xa76225c1 sp=0x630fe858 mode 0
Event: 6,572 Thread 0x6311e400 DEOPT PACKING pc=0xa789de80 sp=0x6305c910
Event: 6,572 Thread 0x6311e400 DEOPT UNPACKING pc=0xa76225c1 sp=0x6305c7a0 mode 0
Event: 6,721 Thread 0x6311cc00 DEOPT PACKING pc=0xa787d41e sp=0x630ad7b0
Event: 6,721 Thread 0x6311cc00 DEOPT UNPACKING pc=0xa76225c1 sp=0x630ad620 mode 0
Event: 6,721 Thread 0x6311cc00 DEOPT PACKING pc=0xa775efaa sp=0x630ad770
Event: 6,721 Thread 0x6311cc00 DEOPT UNPACKING pc=0xa76225c1 sp=0x630ad618 mode 0
Event: 6,731 Executing VM operation: ParallelGCFailedAllocation


Dynamic libraries:
08048000-08049000 r-xp 00000000 08:06 2622862    /usr/lib/jvm/java-8-oracle/bin/java
08049000-0804a000 rw-p 00000000 08:06 2622862    /usr/lib/jvm/java-8-oracle/bin/java
087ef000-0887b000 rw-p 00000000 00:00 0          [heap]
62700000-6275a000 rw-p 00000000 00:00 0 
6275a000-62800000 ---p 00000000 00:00 0 
62900000-629f0000 rw-p 00000000 00:00 0 
629f0000-62a00000 ---p 00000000 00:00 0 
62b00000-62bd5000 rw-p 00000000 00:00 0 
62bd5000-62c00000 ---p 00000000 00:00 0 
62c00000-62cfd000 rw-p 00000000 00:00 0 
62cfd000-62d00000 ---p 00000000 00:00 0 
62d00000-62eaa000 rw-p 00000000 00:00 0 
62eaa000-62f00000 ---p 00000000 00:00 0 
62f00000-62ff9000 rw-p 00000000 00:00 0 
62ff9000-63000000 ---p 00000000 00:00 0 
6300d000-63010000 ---p 00000000 00:00 0 
63010000-6305e000 rw-p 00000000 00:00 0          [stack:6894]
6305e000-63061000 ---p 00000000 00:00 0 
63061000-630af000 rw-p 00000000 00:00 0          [stack:6888]
630af000-630b2000 ---p 00000000 00:00 0 
630b2000-63100000 rw-p 00000000 00:00 0          [stack:6885]
63100000-63147000 rw-p 00000000 00:00 0 
63147000-63200000 ---p 00000000 00:00 0 
6324d000-63250000 ---p 00000000 00:00 0 
63250000-6329e000 rw-p 00000000 00:00 0          [stack:6884]
6329e000-632a1000 ---p 00000000 00:00 0 
632a1000-632ef000 rw-p 00000000 00:00 0          [stack:6883]
632ef000-632f0000 ---p 00000000 00:00 0 
632f0000-63370000 rw-p 00000000 00:00 0          [stack:6874]
63370000-63373000 ---p 00000000 00:00 0 
63373000-633c1000 rw-p 00000000 00:00 0          [stack:6873]
633c1000-633c4000 ---p 00000000 00:00 0 
633c4000-63442000 rw-p 00000000 00:00 0          [stack:6872]
63442000-63445000 ---p 00000000 00:00 0 
63445000-634c3000 rw-p 00000000 00:00 0          [stack:6871]
634c3000-634c6000 ---p 00000000 00:00 0 
634c6000-63544000 rw-p 00000000 00:00 0          [stack:6870]
63544000-63547000 ---p 00000000 00:00 0 
63547000-63595000 rw-p 00000000 00:00 0          [stack:6869]
63595000-63700000 r--p 0098a000 08:06 2501681    /usr/lib/locale/locale-archive
63700000-63900000 r--p 00000000 08:06 2501681    /usr/lib/locale/locale-archive
63900000-63a00000 rw-p 00000000 00:00 0 
63a00000-63a24000 rw-p 00000000 00:00 0 
63a24000-63b00000 ---p 00000000 00:00 0 
63b00000-63c00000 rw-p 00000000 00:00 0 
63c0e000-63c11000 ---p 00000000 00:00 0 
63c11000-63c5f000 rw-p 00000000 00:00 0          [stack:6856]
63c5f000-63c60000 ---p 00000000 00:00 0 
63c60000-63ce0000 rw-p 00000000 00:00 0          [stack:6852]
63ce0000-63eb4000 r--s 03c50000 08:06 2623033    /usr/lib/jvm/java-8-oracle/jre/lib/rt.jar
63eb4000-6425a000 rw-p 00000000 00:00 0 
6425a000-64300000 ---p 00000000 00:00 0 
64300000-66700000 rw-p 00000000 00:00 0 
66700000-667f8000 rw-p 00000000 00:00 0 
667f8000-66800000 ---p 00000000 00:00 0 
6682e000-66831000 ---p 00000000 00:00 0 
66831000-6687f000 rw-p 00000000 00:00 0          [stack:6855]
6687f000-66880000 ---p 00000000 00:00 0 
66880000-66900000 rw-p 00000000 00:00 0          [stack:6848]
66900000-66a00000 rw-p 00000000 00:00 0 
66a30000-66a7f000 rw-p 00000000 00:00 0 
66a7f000-66a80000 ---p 00000000 00:00 0 
66a80000-66b00000 rw-p 00000000 00:00 0          [stack:6847]
66b00000-66b21000 rw-p 00000000 00:00 0 
66b21000-66c00000 ---p 00000000 00:00 0 
66c24000-66c7f000 rw-p 00000000 00:00 0 
66c7f000-66c80000 ---p 00000000 00:00 0 
66c80000-66d00000 rw-p 00000000 00:00 0          [stack:6846]
66d00000-66d21000 rw-p 00000000 00:00 0 
66d21000-66e00000 ---p 00000000 00:00 0 
66e28000-66e29000 ---p 00000000 00:00 0 
66e29000-66ebf000 rw-p 00000000 00:00 0          [stack:6844]
66ebf000-66fff000 ---p 00000000 00:00 0 
66fff000-67015000 rw-p 00000000 00:00 0 
67015000-67154000 ---p 00000000 00:00 0 
67154000-67178000 rw-p 00000000 00:00 0 
67178000-671ff000 ---p 00000000 00:00 0 
671ff000-69cc0000 rw-p 00000000 00:00 0 
69cc0000-91cc0000 ---p 00000000 00:00 0 
91cc0000-962c0000 rw-p 00000000 00:00 0 
9b5ba000-9b740000 rw-p 00000000 00:00 0 
9b740000-a7200000 ---p 00000000 00:00 0 
a720e000-a7235000 rw-p 00000000 00:00 0 
a7235000-a75e6000 ---p 00000000 00:00 0 
a75e6000-a79a6000 rwxp 00000000 00:00 0 
a79a6000-b65e6000 ---p 00000000 00:00 0 
b65e6000-b65ff000 r-xp 00000000 08:06 2623222    /usr/lib/jvm/java-8-oracle/jre/lib/i386/libzip.so
b65ff000-b6600000 rw-p 00018000 08:06 2623222    /usr/lib/jvm/java-8-oracle/jre/lib/i386/libzip.so
b6600000-b66f9000 rw-p 00000000 00:00 0 
b66f9000-b6700000 ---p 00000000 00:00 0 
b6706000-b670f000 r--s 00083000 08:06 2255305    /home/victor/AndroidStudioProjects/PDD/app/build/intermediates/exploded-aar/com.android.support/appcompat-v7/23.0.1/jars/classes.jar
b670f000-b671a000 r-xp 00000000 08:06 132298     /lib/i386-linux-gnu/libnss_files-2.19.so
b671a000-b671b000 r--p 0000a000 08:06 132298     /lib/i386-linux-gnu/libnss_files-2.19.so
b671b000-b671c000 rw-p 0000b000 08:06 132298     /lib/i386-linux-gnu/libnss_files-2.19.so
b671c000-b6726000 r-xp 00000000 08:06 132308     /lib/i386-linux-gnu/libnss_nis-2.19.so
b6726000-b6727000 r--p 00009000 08:06 132308     /lib/i386-linux-gnu/libnss_nis-2.19.so
b6727000-b6728000 rw-p 0000a000 08:06 132308     /lib/i386-linux-gnu/libnss_nis-2.19.so
b6728000-b673d000 r-xp 00000000 08:06 132292     /lib/i386-linux-gnu/libnsl-2.19.so
b673d000-b673e000 r--p 00015000 08:06 132292     /lib/i386-linux-gnu/libnsl-2.19.so
b673e000-b673f000 rw-p 00016000 08:06 132292     /lib/i386-linux-gnu/libnsl-2.19.so
b673f000-b6741000 rw-p 00000000 00:00 0 
b6748000-b6757000 r--s 000df000 08:06 2377285    /home/victor/Android/Sdk/build-tools/23.0.1/lib/dx.jar
b6757000-b675f000 rw-s 00000000 08:06 1191585    /tmp/hsperfdata_victor/6797
b675f000-b6783000 r-xp 00000000 08:06 2623187    /usr/lib/jvm/java-8-oracle/jre/lib/i386/libjava.so
b6783000-b6784000 rw-p 00023000 08:06 2623187    /usr/lib/jvm/java-8-oracle/jre/lib/i386/libjava.so
b6784000-b678b000 r-xp 00000000 08:06 132351     /lib/i386-linux-gnu/librt-2.19.so
b678b000-b678c000 r--p 00006000 08:06 132351     /lib/i386-linux-gnu/librt-2.19.so
b678c000-b678d000 rw-p 00007000 08:06 132351     /lib/i386-linux-gnu/librt-2.19.so
b678d000-b6790000 ---p 00000000 00:00 0 
b6790000-b67de000 rw-p 00000000 00:00 0          [stack:6819]
b67de000-b6822000 r-xp 00000000 08:06 132273     /lib/i386-linux-gnu/libm-2.19.so
b6822000-b6823000 r--p 00043000 08:06 132273     /lib/i386-linux-gnu/libm-2.19.so
b6823000-b6824000 rw-p 00044000 08:06 132273     /lib/i386-linux-gnu/libm-2.19.so
b6824000-b712c000 r-xp 00000000 08:06 2623229    /usr/lib/jvm/java-8-oracle/jre/lib/i386/server/libjvm.so
b712c000-b7194000 rw-p 00908000 08:06 2623229    /usr/lib/jvm/java-8-oracle/jre/lib/i386/server/libjvm.so
b7194000-b75b8000 rw-p 00000000 00:00 0 
b75b8000-b7761000 r-xp 00000000 08:06 132223     /lib/i386-linux-gnu/libc-2.19.so
b7761000-b7763000 r--p 001a9000 08:06 132223     /lib/i386-linux-gnu/libc-2.19.so
b7763000-b7764000 rw-p 001ab000 08:06 132223     /lib/i386-linux-gnu/libc-2.19.so
b7764000-b7767000 rw-p 00000000 00:00 0 
b7767000-b776a000 r-xp 00000000 08:06 132240     /lib/i386-linux-gnu/libdl-2.19.so
b776a000-b776b000 r--p 00002000 08:06 132240     /lib/i386-linux-gnu/libdl-2.19.so
b776b000-b776c000 rw-p 00003000 08:06 132240     /lib/i386-linux-gnu/libdl-2.19.so
b776c000-b7780000 r-xp 00000000 08:06 2623324    /usr/lib/jvm/java-8-oracle/lib/i386/jli/libjli.so
b7780000-b7781000 rw-p 00013000 08:06 2623324    /usr/lib/jvm/java-8-oracle/lib/i386/jli/libjli.so
b7781000-b7782000 rw-p 00000000 00:00 0 
b7782000-b779a000 r-xp 00000000 08:06 132343     /lib/i386-linux-gnu/libpthread-2.19.so
b779a000-b779b000 r--p 00017000 08:06 132343     /lib/i386-linux-gnu/libpthread-2.19.so
b779b000-b779c000 rw-p 00018000 08:06 132343     /lib/i386-linux-gnu/libpthread-2.19.so
b779c000-b779e000 rw-p 00000000 00:00 0 
b77a2000-b77a4000 rw-p 00000000 00:00 0 
b77a4000-b77a5000 r--p 00855000 08:06 2501681    /usr/lib/locale/locale-archive
b77a5000-b77ac000 r-xp 00000000 08:06 132294     /lib/i386-linux-gnu/libnss_compat-2.19.so
b77ac000-b77ad000 r--p 00006000 08:06 132294     /lib/i386-linux-gnu/libnss_compat-2.19.so
b77ad000-b77ae000 rw-p 00007000 08:06 132294     /lib/i386-linux-gnu/libnss_compat-2.19.so
b77ae000-b77af000 rw-p 00000000 00:00 0 
b77af000-b77b0000 ---p 00000000 00:00 0 
b77b0000-b77bb000 r-xp 00000000 08:06 2623221    /usr/lib/jvm/java-8-oracle/jre/lib/i386/libverify.so
b77bb000-b77bc000 rw-p 0000b000 08:06 2623221    /usr/lib/jvm/java-8-oracle/jre/lib/i386/libverify.so
b77bc000-b77be000 rw-p 00000000 00:00 0 
b77be000-b77bf000 r-xp 00000000 00:00 0          [vdso]
b77bf000-b77df000 r-xp 00000000 08:06 132197     /lib/i386-linux-gnu/ld-2.19.so
b77df000-b77e0000 r--p 0001f000 08:06 132197     /lib/i386-linux-gnu/ld-2.19.so
b77e0000-b77e1000 rw-p 00020000 08:06 132197     /lib/i386-linux-gnu/ld-2.19.so
bf7e2000-bf7e3000 rwxp 00000000 00:00 0 
bf815000-bf836000 rw-p 00000000 00:00 0          [stack]

VM Arguments:
jvm_args: -Xmx1024M -Dfile.encoding=UTF-8 -Duser.country=US -Duser.language=en -Duser.variant 
java_command: com.android.dx.command.Main --dex --num-threads=4 --output /home/victor/AndroidStudioProjects/PDD/app/build/intermediates/pre-dexed/release/classes-dcba0071c52adbfd3da73a85f1bc8e378ae7d5a7.jar /home/victor/AndroidStudioProjects/PDD/app/build/intermediates/exploded-aar/com.android.support/appcompat-v7/23.0.1/jars/classes.jar
java_class_path (initial): /home/victor/Android/Sdk/build-tools/23.0.1/lib/dx.jar
Launcher Type: SUN_STANDARD

Environment Variables:
JAVA_HOME=/usr/lib/jvm/java-8-oracle
PATH=/usr/local/sbin:/usr/local/bin:/usr/sbin:/usr/bin:/sbin:/bin:/usr/games:/usr/local/games:/usr/lib/jvm/java-8-oracle/bin:/usr/lib/jvm/java-8-oracle/db/bin:/usr/lib/jvm/java-8-oracle/jre/bin
LD_LIBRARY_PATH=/home/victor/android-studio/bin:
SHELL=/bin/bash
DISPLAY=:0

Signal Handlers:
SIGSEGV: [libjvm.so+0x863250], sa_mask[0]=0x7ffbfeff, sa_flags=0x10000004
SIGBUS: [libjvm.so+0x863250], sa_mask[0]=0x7ffbfeff, sa_flags=0x10000004
SIGFPE: [libjvm.so+0x6ef2b0], sa_mask[0]=0x7ffbfeff, sa_flags=0x10000004
SIGPIPE: [libjvm.so+0x6ef2b0], sa_mask[0]=0x7ffbfeff, sa_flags=0x10000004
SIGXFSZ: [libjvm.so+0x6ef2b0], sa_mask[0]=0x7ffbfeff, sa_flags=0x10000004
SIGILL: [libjvm.so+0x6ef2b0], sa_mask[0]=0x7ffbfeff, sa_flags=0x10000004
SIGUSR1: SIG_DFL, sa_mask[0]=0x00000000, sa_flags=0x00000000
SIGUSR2: [libjvm.so+0x6f09c0], sa_mask[0]=0x00000004, sa_flags=0x10000004
SIGHUP: [libjvm.so+0x6f1dd0], sa_mask[0]=0x7ffbfeff, sa_flags=0x10000004
SIGINT: [libjvm.so+0x6f1dd0], sa_mask[0]=0x7ffbfeff, sa_flags=0x10000004
SIGTERM: [libjvm.so+0x6f1dd0], sa_mask[0]=0x7ffbfeff, sa_flags=0x10000004
SIGQUIT: [libjvm.so+0x6f1dd0], sa_mask[0]=0x7ffbfeff, sa_flags=0x10000004


---------------  S Y S T E M  ---------------

OS:DISTRIB_ID=Ubuntu
DISTRIB_RELEASE=14.04
DISTRIB_CODENAME=trusty
DISTRIB_DESCRIPTION="Ubuntu 14.04 LTS"

uname:Linux 3.13.0-32-generic #57-Ubuntu SMP Tue Jul 15 03:51:12 UTC 2014 i686
libc:glibc 2.19 NPTL 2.19 
rlimit: STACK 8192k, CORE 0k, NPROC 31607, NOFILE 4096, AS infinity
load average:31,23 11,07 5,49

/proc/meminfo:
MemTotal:        4072740 kB
MemFree:          325376 kB
Buffers:             292 kB
Cached:           465208 kB
SwapCached:        35312 kB
Active:          2596544 kB
Inactive:        1014924 kB
Active(anon):    2593204 kB
Inactive(anon):   976272 kB
Active(file):       3340 kB
Inactive(file):    38652 kB
Unevictable:         704 kB
Mlocked:             704 kB
HighTotal:       3225864 kB
HighFree:         145240 kB
LowTotal:         846876 kB
LowFree:          180136 kB
SwapTotal:        488444 kB
SwapFree:              4 kB
Dirty:               104 kB
Writeback:             0 kB
AnonPages:       3113320 kB
Mapped:           115752 kB
Shmem:            423328 kB
Slab:              53000 kB
SReclaimable:      23472 kB
SUnreclaim:        29528 kB
KernelStack:        6744 kB
PageTables:        28896 kB
NFS_Unstable:          0 kB
Bounce:              716 kB
WritebackTmp:          0 kB
CommitLimit:     2524812 kB
Committed_AS:    9012188 kB
VmallocTotal:     122880 kB
VmallocUsed:       18008 kB
VmallocChunk:      74164 kB
HardwareCorrupted:     0 kB
AnonHugePages:   1218560 kB
HugePages_Total:       0
HugePages_Free:        0
HugePages_Rsvd:        0
HugePages_Surp:        0
Hugepagesize:       2048 kB
DirectMap4k:       61432 kB
DirectMap2M:      849920 kB


CPU:total 4 (2 cores per cpu, 2 threads per core) family 6 model 42 stepping 7, cmov, cx8, fxsr, mmx, sse, sse2, sse3, ssse3, sse4.1, sse4.2, popcnt, avx, clmul, ht, tsc, tscinvbit

/proc/cpuinfo:
processor	: 0
vendor_id	: GenuineIntel
cpu family	: 6
model		: 42
model name	: Intel(R) Core(TM) i3-2350M CPU @ 2.30GHz
stepping	: 7
microcode	: 0x25
cpu MHz		: 2300.000
cache size	: 3072 KB
physical id	: 0
siblings	: 4
core id		: 0
cpu cores	: 2
apicid		: 0
initial apicid	: 0
fdiv_bug	: no
f00f_bug	: no
coma_bug	: no
fpu		: yes
fpu_exception	: yes
cpuid level	: 13
wp		: yes
flags		: fpu vme de pse tsc msr pae mce cx8 apic sep mtrr pge mca cmov pat pse36 clflush dts acpi mmx fxsr sse sse2 ss ht tm pbe nx rdtscp lm constant_tsc arch_perfmon pebs bts xtopology nonstop_tsc aperfmperf eagerfpu pni pclmulqdq dtes64 monitor ds_cpl vmx est tm2 ssse3 cx16 xtpr pdcm pcid sse4_1 sse4_2 x2apic popcnt tsc_deadline_timer xsave avx lahf_lm arat epb xsaveopt pln pts dtherm tpr_shadow vnmi flexpriority ept vpid
bogomips	: 4589.56
clflush size	: 64
cache_alignment	: 64
address sizes	: 36 bits physical, 48 bits virtual
power management:

processor	: 1
vendor_id	: GenuineIntel
cpu family	: 6
model		: 42
model name	: Intel(R) Core(TM) i3-2350M CPU @ 2.30GHz
stepping	: 7
microcode	: 0x25
cpu MHz		: 2300.000
cache size	: 3072 KB
physical id	: 0
siblings	: 4
core id		: 0
cpu cores	: 2
apicid		: 1
initial apicid	: 1
fdiv_bug	: no
f00f_bug	: no
coma_bug	: no
fpu		: yes
fpu_exception	: yes
cpuid level	: 13
wp		: yes
flags		: fpu vme de pse tsc msr pae mce cx8 apic sep mtrr pge mca cmov pat pse36 clflush dts acpi mmx fxsr sse sse2 ss ht tm pbe nx rdtscp lm constant_tsc arch_perfmon pebs bts xtopology nonstop_tsc aperfmperf eagerfpu pni pclmulqdq dtes64 monitor ds_cpl vmx est tm2 ssse3 cx16 xtpr pdcm pcid sse4_1 sse4_2 x2apic popcnt tsc_deadline_timer xsave avx lahf_lm arat epb xsaveopt pln pts dtherm tpr_shadow vnmi flexpriority ept vpid
bogomips	: 4589.56
clflush size	: 64
cache_alignment	: 64
address sizes	: 36 bits physical, 48 bits virtual
power management:

processor	: 2
vendor_id	: GenuineIntel
cpu family	: 6
model		: 42
model name	: Intel(R) Core(TM) i3-2350M CPU @ 2.30GHz
stepping	: 7
microcode	: 0x25
cpu MHz		: 2300.000
cache size	: 3072 KB
physical id	: 0
siblings	: 4
core id		: 1
cpu cores	: 2
apicid		: 2
initial apicid	: 2
fdiv_bug	: no
f00f_bug	: no
coma_bug	: no
fpu		: yes
fpu_exception	: yes
cpuid level	: 13
wp		: yes
flags		: fpu vme de pse tsc msr pae mce cx8 apic sep mtrr pge mca cmov pat pse36 clflush dts acpi mmx fxsr sse sse2 ss ht tm pbe nx rdtscp lm constant_tsc arch_perfmon pebs bts xtopology nonstop_tsc aperfmperf eagerfpu pni pclmulqdq dtes64 monitor ds_cpl vmx est tm2 ssse3 cx16 xtpr pdcm pcid sse4_1 sse4_2 x2apic popcnt tsc_deadline_timer xsave avx lahf_lm arat epb xsaveopt pln pts dtherm tpr_shadow vnmi flexpriority ept vpid
bogomips	: 4589.56
clflush size	: 64
cache_alignment	: 64
address sizes	: 36 bits physical, 48 bits virtual
power management:

processor	: 3
vendor_id	: GenuineIntel
cpu family	: 6
model		: 42
model name	: Intel(R) Core(TM) i3-2350M CPU @ 2.30GHz
stepping	: 7
microcode	: 0x25
cpu MHz		: 2300.000
cache size	: 3072 KB
physical id	: 0
siblings	: 4
core id		: 1
cpu cores	: 2
apicid		: 3
initial apicid	: 3
fdiv_bug	: no
f00f_bug	: no
coma_bug	: no
fpu		: yes
fpu_exception	: yes
cpuid level	: 13
wp		: yes
flags		: fpu vme de pse tsc msr pae mce cx8 apic sep mtrr pge mca cmov pat pse36 clflush dts acpi mmx fxsr sse sse2 ss ht tm pbe nx rdtscp lm constant_tsc arch_perfmon pebs bts xtopology nonstop_tsc aperfmperf eagerfpu pni pclmulqdq dtes64 monitor ds_cpl vmx est tm2 ssse3 cx16 xtpr pdcm pcid sse4_1 sse4_2 x2apic popcnt tsc_deadline_timer xsave avx lahf_lm arat epb xsaveopt pln pts dtherm tpr_shadow vnmi flexpriority ept vpid
bogomips	: 4589.56
clflush size	: 64
cache_alignment	: 64
address sizes	: 36 bits physical, 48 bits virtual
power management:



Memory: 4k page, physical 4072740k(325376k free), swap 488444k(4k free)

vm_info: Java HotSpot(TM) Server VM (25.11-b03) for linux-x86 JRE (1.8.0_11-b12), built on Jun 16 2014 17:46:35 by "java_re" with gcc 4.3.0 20080428 (Red Hat 4.3.0-8)

time: Sat Sep 26 15:08:48 2015
elapsed time: 65 seconds

