
# There is insufficient memory for the Java Runtime Environment to continue.
# Native memory allocation (mmap) failed to map 44826624 bytes for committing reserved memory.
# Possible reasons:
#   The system is out of physical RAM or swap space
#   In 32 bit mode, the process size limit was hit
# Possible solutions:
#   Reduce memory load on the system
#   Increase physical memory or swap space
#   Check if swap backing store is full
#   Use 64 bit Java on a 64 bit OS
#   Decrease Java heap size (-Xmx/-Xms)
#   Decrease number of Java threads
#   Decrease Java thread stack sizes (-Xss)
#   Set larger code cache with -XX:ReservedCodeCacheSize=
# This output file may be truncated or incomplete.
#
#  Out of Memory Error (os_linux.cpp:2716), pid=31609, tid=3061431104
#
# JRE version:  (8.0_11-b12) (build )
# Java VM: Java HotSpot(TM) Server VM (25.11-b03 mixed mode linux-x86 )
# Failed to write core dump. Core dumps have been disabled. To enable core dumping, try "ulimit -c unlimited" before starting Java again
#

---------------  T H R E A D  ---------------

Current thread (0xb6607c00):  JavaThread "Unknown thread" [_thread_in_vm, id=31615, stack(0xb674b000,0xb679c000)]

Stack: [0xb674b000,0xb679c000],  sp=0xb679ab70,  free space=318k
Native frames: (J=compiled Java code, j=interpreted, Vv=VM code, C=native code)
V  [libjvm.so+0x862769]  VMError::report_and_die()+0x179
V  [libjvm.so+0x35aa65]  report_vm_out_of_memory(char const*, int, unsigned int, VMErrorType, char const*)+0x55
V  [libjvm.so+0x6f2386]  os::Linux::commit_memory_impl(char*, unsigned int, bool)+0xe6
V  [libjvm.so+0x6f2858]  os::pd_commit_memory(char*, unsigned int, unsigned int, bool)+0x28
V  [libjvm.so+0x6ec0dc]  os::commit_memory(char*, unsigned int, unsigned int, bool)+0x2c
V  [libjvm.so+0x7548a8]  PSVirtualSpace::expand_by(unsigned int)+0x48
V  [libjvm.so+0x7476fd]  PSOldGen::initialize(ReservedSpace, unsigned int, char const*, int)+0x8d
V  [libjvm.so+0x18685a]  AdjoiningGenerations::AdjoiningGenerations(ReservedSpace, GenerationSizer*, unsigned int)+0x2ea
V  [libjvm.so+0x711c12]  ParallelScavengeHeap::initialize()+0x152
V  [libjvm.so+0x832e25]  Universe::initialize_heap()+0xc5
V  [libjvm.so+0x833026]  universe_init()+0x46
V  [libjvm.so+0x475a55]  init_globals()+0x55
V  [libjvm.so+0x818f78]  Threads::create_vm(JavaVMInitArgs*, bool*)+0x258
V  [libjvm.so+0x4eea4c]  JNI_CreateJavaVM+0x5c
C  [libjli.so+0x6938]  JavaMain+0x98
C  [libpthread.so.0+0x6f70]  start_thread+0xd0


---------------  P R O C E S S  ---------------

Java Threads: ( => current thread )

Other Threads:

=>0xb6607c00 (exited) JavaThread "Unknown thread" [_thread_in_vm, id=31615, stack(0xb674b000,0xb679c000)]

VM state:not at safepoint (not fully initialized)

VM Mutex/Monitor currently owned by a thread: None

GC Heap History (0 events):
No events

Deoptimization events (0 events):
No events

Internal exceptions (0 events):
No events

Events (0 events):
No events


Dynamic libraries:
08048000-08049000 r-xp 00000000 08:06 2622862    /usr/lib/jvm/java-8-oracle/bin/java
08049000-0804a000 rw-p 00000000 08:06 2622862    /usr/lib/jvm/java-8-oracle/bin/java
084eb000-0850c000 rw-p 00000000 00:00 0          [heap]
66dff000-66f54000 ---p 00000000 00:00 0 
66f54000-66f5f000 rw-p 00000000 00:00 0 
66f5f000-66fff000 ---p 00000000 00:00 0 
66fff000-67000000 rw-p 00000000 00:00 0 
6993a000-69ac0000 rw-p 00000000 00:00 0 
69ac0000-91ac0000 ---p 00000000 00:00 0 
91ac0000-93000000 rw-p 00000000 00:00 0 
93000000-a7000000 ---p 00000000 00:00 0 
a713e000-a71f8000 rw-p 00000000 00:00 0 
a71f8000-a75af000 ---p 00000000 00:00 0 
a75af000-a77ef000 rwxp 00000000 00:00 0 
a77ef000-b65af000 ---p 00000000 00:00 0 
b65af000-b65c8000 r-xp 00000000 08:06 2623222    /usr/lib/jvm/java-8-oracle/jre/lib/i386/libzip.so
b65c8000-b65c9000 rw-p 00018000 08:06 2623222    /usr/lib/jvm/java-8-oracle/jre/lib/i386/libzip.so
b65c9000-b65d4000 r-xp 00000000 08:06 132298     /lib/i386-linux-gnu/libnss_files-2.19.so
b65d4000-b65d5000 r--p 0000a000 08:06 132298     /lib/i386-linux-gnu/libnss_files-2.19.so
b65d5000-b65d6000 rw-p 0000b000 08:06 132298     /lib/i386-linux-gnu/libnss_files-2.19.so
b65d6000-b65e0000 r-xp 00000000 08:06 132308     /lib/i386-linux-gnu/libnss_nis-2.19.so
b65e0000-b65e1000 r--p 00009000 08:06 132308     /lib/i386-linux-gnu/libnss_nis-2.19.so
b65e1000-b65e2000 rw-p 0000a000 08:06 132308     /lib/i386-linux-gnu/libnss_nis-2.19.so
b65f8000-b6600000 rw-s 00000000 08:06 1191101    /tmp/hsperfdata_victor/31609
b6600000-b6621000 rw-p 00000000 00:00 0 
b6621000-b6700000 ---p 00000000 00:00 0 
b6704000-b6719000 r-xp 00000000 08:06 132292     /lib/i386-linux-gnu/libnsl-2.19.so
b6719000-b671a000 r--p 00015000 08:06 132292     /lib/i386-linux-gnu/libnsl-2.19.so
b671a000-b671b000 rw-p 00016000 08:06 132292     /lib/i386-linux-gnu/libnsl-2.19.so
b671b000-b671d000 rw-p 00000000 00:00 0 
b671d000-b6741000 r-xp 00000000 08:06 2623187    /usr/lib/jvm/java-8-oracle/jre/lib/i386/libjava.so
b6741000-b6742000 rw-p 00023000 08:06 2623187    /usr/lib/jvm/java-8-oracle/jre/lib/i386/libjava.so
b6742000-b6749000 r-xp 00000000 08:06 132351     /lib/i386-linux-gnu/librt-2.19.so
b6749000-b674a000 r--p 00006000 08:06 132351     /lib/i386-linux-gnu/librt-2.19.so
b674a000-b674b000 rw-p 00007000 08:06 132351     /lib/i386-linux-gnu/librt-2.19.so
b674b000-b674e000 ---p 00000000 00:00 0 
b674e000-b679c000 rw-p 00000000 00:00 0          [stack:31615]
b679c000-b67e0000 r-xp 00000000 08:06 132273     /lib/i386-linux-gnu/libm-2.19.so
b67e0000-b67e1000 r--p 00043000 08:06 132273     /lib/i386-linux-gnu/libm-2.19.so
b67e1000-b67e2000 rw-p 00044000 08:06 132273     /lib/i386-linux-gnu/libm-2.19.so
b67e2000-b70ea000 r-xp 00000000 08:06 2623229    /usr/lib/jvm/java-8-oracle/jre/lib/i386/server/libjvm.so
b70ea000-b7152000 rw-p 00908000 08:06 2623229    /usr/lib/jvm/java-8-oracle/jre/lib/i386/server/libjvm.so
b7152000-b7576000 rw-p 00000000 00:00 0 
b7576000-b771f000 r-xp 00000000 08:06 132223     /lib/i386-linux-gnu/libc-2.19.so
b771f000-b7721000 r--p 001a9000 08:06 132223     /lib/i386-linux-gnu/libc-2.19.so
b7721000-b7722000 rw-p 001ab000 08:06 132223     /lib/i386-linux-gnu/libc-2.19.so
b7722000-b7725000 rw-p 00000000 00:00 0 
b7725000-b7728000 r-xp 00000000 08:06 132240     /lib/i386-linux-gnu/libdl-2.19.so
b7728000-b7729000 r--p 00002000 08:06 132240     /lib/i386-linux-gnu/libdl-2.19.so
b7729000-b772a000 rw-p 00003000 08:06 132240     /lib/i386-linux-gnu/libdl-2.19.so
b772a000-b773e000 r-xp 00000000 08:06 2623324    /usr/lib/jvm/java-8-oracle/lib/i386/jli/libjli.so
b773e000-b773f000 rw-p 00013000 08:06 2623324    /usr/lib/jvm/java-8-oracle/lib/i386/jli/libjli.so
b773f000-b7740000 rw-p 00000000 00:00 0 
b7740000-b7758000 r-xp 00000000 08:06 132343     /lib/i386-linux-gnu/libpthread-2.19.so
b7758000-b7759000 r--p 00017000 08:06 132343     /lib/i386-linux-gnu/libpthread-2.19.so
b7759000-b775a000 rw-p 00018000 08:06 132343     /lib/i386-linux-gnu/libpthread-2.19.so
b775a000-b775c000 rw-p 00000000 00:00 0 
b7760000-b7763000 rw-p 00000000 00:00 0 
b7763000-b776a000 r-xp 00000000 08:06 132294     /lib/i386-linux-gnu/libnss_compat-2.19.so
b776a000-b776b000 r--p 00006000 08:06 132294     /lib/i386-linux-gnu/libnss_compat-2.19.so
b776b000-b776c000 rw-p 00007000 08:06 132294     /lib/i386-linux-gnu/libnss_compat-2.19.so
b776c000-b776d000 rw-p 00000000 00:00 0 
b776d000-b776e000 r--p 00000000 00:00 0 
b776e000-b7779000 r-xp 00000000 08:06 2623221    /usr/lib/jvm/java-8-oracle/jre/lib/i386/libverify.so
b7779000-b777a000 rw-p 0000b000 08:06 2623221    /usr/lib/jvm/java-8-oracle/jre/lib/i386/libverify.so
b777a000-b777c000 rw-p 00000000 00:00 0 
b777c000-b777d000 r-xp 00000000 00:00 0          [vdso]
b777d000-b779d000 r-xp 00000000 08:06 132197     /lib/i386-linux-gnu/ld-2.19.so
b779d000-b779e000 r--p 0001f000 08:06 132197     /lib/i386-linux-gnu/ld-2.19.so
b779e000-b779f000 rw-p 00020000 08:06 132197     /lib/i386-linux-gnu/ld-2.19.so
bf8da000-bf8db000 rwxp 00000000 00:00 0 
bf90d000-bf92e000 rw-p 00000000 00:00 0          [stack]

VM Arguments:
jvm_args: -Xmx1024M -Dfile.encoding=UTF-8 -Duser.country=US -Duser.language=en -Duser.variant 
java_command: com.android.dx.command.Main --dex --num-threads=4 --output /home/victor/AndroidStudioProjects/PddProject/app/build/intermediates/dex/debug /home/victor/AndroidStudioProjects/PddProject/app/build/intermediates/classes/debug /home/victor/AndroidStudioProjects/PddProject/app/build/intermediates/pre-dexed/debug/support-annotations-23.0.1-01eaad602a66f1e30b6cedc41a38aca8dc896212.jar /home/victor/AndroidStudioProjects/PddProject/app/build/intermediates/pre-dexed/debug/internal_impl-23.0.1-1af96dadbf1506b826fb1a4e2344df595e8f45a6.jar /home/victor/AndroidStudioProjects/PddProject/app/build/intermediates/pre-dexed/debug/classes-c747aa8f1d0bb28e65f429ece307f419d188f7fa.jar /home/victor/AndroidStudioProjects/PddProject/app/build/intermediates/pre-dexed/debug/classes-215689ade9ff4582c987b4673e727fbfcae68e89.jar
java_class_path (initial): /home/victor/Android/Sdk/build-tools/23.0.1/lib/dx.jar
Launcher Type: SUN_STANDARD

Environment Variables:
JAVA_HOME=/usr/lib/jvm/java-8-oracle
PATH=/usr/local/sbin:/usr/local/bin:/usr/sbin:/usr/bin:/sbin:/bin:/usr/games:/usr/local/games:/usr/lib/jvm/java-8-oracle/bin:/usr/lib/jvm/java-8-oracle/db/bin:/usr/lib/jvm/java-8-oracle/jre/bin
LD_LIBRARY_PATH=/home/victor/android-studio/bin:
SHELL=/bin/bash
DISPLAY=:0

Signal Handlers:
SIGSEGV: [libjvm.so+0x863250], sa_mask[0]=0x7ffbfeff, sa_flags=0x10000004
SIGBUS: [libjvm.so+0x863250], sa_mask[0]=0x7ffbfeff, sa_flags=0x10000004
SIGFPE: [libjvm.so+0x6ef2b0], sa_mask[0]=0x7ffbfeff, sa_flags=0x10000004
SIGPIPE: [libjvm.so+0x6ef2b0], sa_mask[0]=0x7ffbfeff, sa_flags=0x10000004
SIGXFSZ: [libjvm.so+0x6ef2b0], sa_mask[0]=0x7ffbfeff, sa_flags=0x10000004
SIGILL: [libjvm.so+0x6ef2b0], sa_mask[0]=0x7ffbfeff, sa_flags=0x10000004
SIGUSR1: SIG_DFL, sa_mask[0]=0x00000000, sa_flags=0x00000000
SIGUSR2: [libjvm.so+0x6f09c0], sa_mask[0]=0x00000004, sa_flags=0x10000004
SIGHUP: SIG_DFL, sa_mask[0]=0x00000000, sa_flags=0x00000000
SIGINT: SIG_DFL, sa_mask[0]=0x00000000, sa_flags=0x00000000
SIGTERM: SIG_DFL, sa_mask[0]=0x00000000, sa_flags=0x00000000
SIGQUIT: SIG_DFL, sa_mask[0]=0x00000000, sa_flags=0x00000000


---------------  S Y S T E M  ---------------

OS:DISTRIB_ID=Ubuntu
DISTRIB_RELEASE=14.04
DISTRIB_CODENAME=trusty
DISTRIB_DESCRIPTION="Ubuntu 14.04 LTS"

uname:Linux 3.13.0-32-generic #57-Ubuntu SMP Tue Jul 15 03:51:12 UTC 2014 i686
libc:glibc 2.19 NPTL 2.19 
rlimit: STACK 8192k, CORE 0k, NPROC 31607, NOFILE 4096, AS infinity
load average:5.00 3.48 2.68

/proc/meminfo:
MemTotal:        4072740 kB
MemFree:          230220 kB
Buffers:            2832 kB
Cached:           526300 kB
SwapCached:          864 kB
Active:          2734772 kB
Inactive:         995388 kB
Active(anon):    2719452 kB
Inactive(anon):   967440 kB
Active(file):      15320 kB
Inactive(file):    27948 kB
Unevictable:         896 kB
Mlocked:             896 kB
HighTotal:       3225864 kB
HighFree:          75868 kB
LowTotal:         846876 kB
LowFree:          154352 kB
SwapTotal:        488444 kB
SwapFree:              0 kB
Dirty:                76 kB
Writeback:           216 kB
AnonPages:       3201576 kB
Mapped:           244104 kB
Shmem:            485660 kB
Slab:              48644 kB
SReclaimable:      20516 kB
SUnreclaim:        28128 kB
KernelStack:        5592 kB
PageTables:        28016 kB
NFS_Unstable:          0 kB
Bounce:              100 kB
WritebackTmp:          0 kB
CommitLimit:     2524812 kB
Committed_AS:    8825264 kB
VmallocTotal:     122880 kB
VmallocUsed:       18008 kB
VmallocChunk:      98996 kB
HardwareCorrupted:     0 kB
AnonHugePages:   1548288 kB
HugePages_Total:       0
HugePages_Free:        0
HugePages_Rsvd:        0
HugePages_Surp:        0
Hugepagesize:       2048 kB
DirectMap4k:       38904 kB
DirectMap2M:      872448 kB


CPU:total 4 (2 cores per cpu, 2 threads per core) family 6 model 42 stepping 7, cmov, cx8, fxsr, mmx, sse, sse2, sse3, ssse3, sse4.1, sse4.2, popcnt, avx, clmul, ht, tsc, tscinvbit

/proc/cpuinfo:
processor	: 0
vendor_id	: GenuineIntel
cpu family	: 6
model		: 42
model name	: Intel(R) Core(TM) i3-2350M CPU @ 2.30GHz
stepping	: 7
microcode	: 0x25
cpu MHz		: 2300.000
cache size	: 3072 KB
physical id	: 0
siblings	: 4
core id		: 0
cpu cores	: 2
apicid		: 0
initial apicid	: 0
fdiv_bug	: no
f00f_bug	: no
coma_bug	: no
fpu		: yes
fpu_exception	: yes
cpuid level	: 13
wp		: yes
flags		: fpu vme de pse tsc msr pae mce cx8 apic sep mtrr pge mca cmov pat pse36 clflush dts acpi mmx fxsr sse sse2 ss ht tm pbe nx rdtscp lm constant_tsc arch_perfmon pebs bts xtopology nonstop_tsc aperfmperf eagerfpu pni pclmulqdq dtes64 monitor ds_cpl vmx est tm2 ssse3 cx16 xtpr pdcm pcid sse4_1 sse4_2 x2apic popcnt tsc_deadline_timer xsave avx lahf_lm arat epb xsaveopt pln pts dtherm tpr_shadow vnmi flexpriority ept vpid
bogomips	: 4589.14
clflush size	: 64
cache_alignment	: 64
address sizes	: 36 bits physical, 48 bits virtual
power management:

processor	: 1
vendor_id	: GenuineIntel
cpu family	: 6
model		: 42
model name	: Intel(R) Core(TM) i3-2350M CPU @ 2.30GHz
stepping	: 7
microcode	: 0x25
cpu MHz		: 2300.000
cache size	: 3072 KB
physical id	: 0
siblings	: 4
core id		: 0
cpu cores	: 2
apicid		: 1
initial apicid	: 1
fdiv_bug	: no
f00f_bug	: no
coma_bug	: no
fpu		: yes
fpu_exception	: yes
cpuid level	: 13
wp		: yes
flags		: fpu vme de pse tsc msr pae mce cx8 apic sep mtrr pge mca cmov pat pse36 clflush dts acpi mmx fxsr sse sse2 ss ht tm pbe nx rdtscp lm constant_tsc arch_perfmon pebs bts xtopology nonstop_tsc aperfmperf eagerfpu pni pclmulqdq dtes64 monitor ds_cpl vmx est tm2 ssse3 cx16 xtpr pdcm pcid sse4_1 sse4_2 x2apic popcnt tsc_deadline_timer xsave avx lahf_lm arat epb xsaveopt pln pts dtherm tpr_shadow vnmi flexpriority ept vpid
bogomips	: 4589.14
clflush size	: 64
cache_alignment	: 64
address sizes	: 36 bits physical, 48 bits virtual
power management:

processor	: 2
vendor_id	: GenuineIntel
cpu family	: 6
model		: 42
model name	: Intel(R) Core(TM) i3-2350M CPU @ 2.30GHz
stepping	: 7
microcode	: 0x25
cpu MHz		: 2300.000
cache size	: 3072 KB
physical id	: 0
siblings	: 4
core id		: 1
cpu cores	: 2
apicid		: 2
initial apicid	: 2
fdiv_bug	: no
f00f_bug	: no
coma_bug	: no
fpu		: yes
fpu_exception	: yes
cpuid level	: 13
wp		: yes
flags		: fpu vme de pse tsc msr pae mce cx8 apic sep mtrr pge mca cmov pat pse36 clflush dts acpi mmx fxsr sse sse2 ss ht tm pbe nx rdtscp lm constant_tsc arch_perfmon pebs bts xtopology nonstop_tsc aperfmperf eagerfpu pni pclmulqdq dtes64 monitor ds_cpl vmx est tm2 ssse3 cx16 xtpr pdcm pcid sse4_1 sse4_2 x2apic popcnt tsc_deadline_timer xsave avx lahf_lm arat epb xsaveopt pln pts dtherm tpr_shadow vnmi flexpriority ept vpid
bogomips	: 4589.14
clflush size	: 64
cache_alignment	: 64
address sizes	: 36 bits physical, 48 bits virtual
power management:

processor	: 3
vendor_id	: GenuineIntel
cpu family	: 6
model		: 42
model name	: Intel(R) Core(TM) i3-2350M CPU @ 2.30GHz
stepping	: 7
microcode	: 0x25
cpu MHz		: 800.000
cache size	: 3072 KB
physical id	: 0
siblings	: 4
core id		: 1
cpu cores	: 2
apicid		: 3
initial apicid	: 3
fdiv_bug	: no
f00f_bug	: no
coma_bug	: no
fpu		: yes
fpu_exception	: yes
cpuid level	: 13
wp		: yes
flags		: fpu vme de pse tsc msr pae mce cx8 apic sep mtrr pge mca cmov pat pse36 clflush dts acpi mmx fxsr sse sse2 ss ht tm pbe nx rdtscp lm constant_tsc arch_perfmon pebs bts xtopology nonstop_tsc aperfmperf eagerfpu pni pclmulqdq dtes64 monitor ds_cpl vmx est tm2 ssse3 cx16 xtpr pdcm pcid sse4_1 sse4_2 x2apic popcnt tsc_deadline_timer xsave avx lahf_lm arat epb xsaveopt pln pts dtherm tpr_shadow vnmi flexpriority ept vpid
bogomips	: 4589.14
clflush size	: 64
cache_alignment	: 64
address sizes	: 36 bits physical, 48 bits virtual
power management:



Memory: 4k page, physical 4072740k(229972k free), swap 488444k(0k free)

vm_info: Java HotSpot(TM) Server VM (25.11-b03) for linux-x86 JRE (1.8.0_11-b12), built on Jun 16 2014 17:46:35 by "java_re" with gcc 4.3.0 20080428 (Red Hat 4.3.0-8)

time: Wed Sep 23 00:02:33 2015
elapsed time: 3 seconds

